2025-06-16 04:30:25,958 [INFO] legal_discovery - Parsing query: CONTAINS(content, 'agreement', 'liability') (interpreter.py:154)
2025-06-16 04:30:25,958 [INFO] legal_discovery - Parsing query: CONTAINS(content, 'agreement', 'liability') (interpreter.py:154)
2025-06-16 04:30:25,959 [INFO] legal_discovery - Parsing query: NEAR('statute', 'limitations', 10, 'WORDS') (interpreter.py:154)
2025-06-16 04:30:25,959 [INFO] legal_discovery - Parsing query: NEAR('statute', 'limitations', 10, 'WORDS') (interpreter.py:154)
2025-06-16 04:30:25,959 [INFO] legal_discovery - Parsing query: legal memorandum (interpreter.py:154)
2025-06-16 04:30:25,959 [INFO] legal_discovery - Parsing query: legal memorandum (interpreter.py:154)
2025-06-16 04:30:25,960 [INFO] legal_discovery - Executing legal query: e3c9ed46-09de-42a6-bc3d-8c11b4783bcd (interpreter.py:284)
2025-06-16 04:30:25,960 [INFO] legal_discovery - Executing legal query: e3c9ed46-09de-42a6-bc3d-8c11b4783bcd (interpreter.py:284)
2025-06-16 04:30:25,960 [INFO] legal_discovery - Executing legal query: e3c9ed46-09de-42a6-bc3d-8c11b4783bcd (interpreter.py:284)
2025-06-16 04:30:25,960 [INFO] legal_discovery - Query e3c9ed46-09de-42a6-bc3d-8c11b4783bcd executed in 0.00s with 1 hits (interpreter.py:314)
2025-06-16 04:30:25,960 [INFO] legal_discovery - Query e3c9ed46-09de-42a6-bc3d-8c11b4783bcd executed in 0.00s with 1 hits (interpreter.py:314)
2025-06-16 04:30:25,960 [INFO] legal_discovery - Query e3c9ed46-09de-42a6-bc3d-8c11b4783bcd executed in 0.00s with 1 hits (interpreter.py:314)
2025-06-16 04:30:25,962 [INFO] legal_discovery - Executing legal query: 36ecd25f-bffb-4438-a2f1-703d18715af6 (interpreter.py:284)
2025-06-16 04:30:25,962 [INFO] legal_discovery - Executing legal query: 36ecd25f-bffb-4438-a2f1-703d18715af6 (interpreter.py:284)
2025-06-16 04:30:25,962 [INFO] legal_discovery - Executing legal query: 36ecd25f-bffb-4438-a2f1-703d18715af6 (interpreter.py:284)
2025-06-16 04:30:25,962 [INFO] legal_discovery - Executing legal query: 36ecd25f-bffb-4438-a2f1-703d18715af6 (interpreter.py:284)
2025-06-16 04:30:25,962 [INFO] legal_discovery - Query 36ecd25f-bffb-4438-a2f1-703d18715af6 executed in 0.00s with 1 hits (interpreter.py:314)
2025-06-16 04:30:25,962 [INFO] legal_discovery - Query 36ecd25f-bffb-4438-a2f1-703d18715af6 executed in 0.00s with 1 hits (interpreter.py:314)
2025-06-16 04:30:25,962 [INFO] legal_discovery - Query 36ecd25f-bffb-4438-a2f1-703d18715af6 executed in 0.00s with 1 hits (interpreter.py:314)
2025-06-16 04:30:25,962 [INFO] legal_discovery - Query 36ecd25f-bffb-4438-a2f1-703d18715af6 executed in 0.00s with 1 hits (interpreter.py:314)
2025-06-16 04:30:25,964 [INFO] legal_discovery - Executing legal query: d0412f37-23aa-4af6-a976-9becc61049d3 (interpreter.py:284)
2025-06-16 04:30:25,964 [INFO] legal_discovery - Executing legal query: d0412f37-23aa-4af6-a976-9becc61049d3 (interpreter.py:284)
2025-06-16 04:30:25,964 [INFO] legal_discovery - Executing legal query: d0412f37-23aa-4af6-a976-9becc61049d3 (interpreter.py:284)
2025-06-16 04:30:25,964 [INFO] legal_discovery - Executing legal query: d0412f37-23aa-4af6-a976-9becc61049d3 (interpreter.py:284)
2025-06-16 04:30:25,964 [INFO] legal_discovery - Executing legal query: d0412f37-23aa-4af6-a976-9becc61049d3 (interpreter.py:284)
2025-06-16 04:30:25,964 [INFO] legal_discovery - Query d0412f37-23aa-4af6-a976-9becc61049d3 executed in 0.00s with 1 hits (interpreter.py:314)
2025-06-16 04:30:25,964 [INFO] legal_discovery - Query d0412f37-23aa-4af6-a976-9becc61049d3 executed in 0.00s with 1 hits (interpreter.py:314)
2025-06-16 04:30:25,964 [INFO] legal_discovery - Query d0412f37-23aa-4af6-a976-9becc61049d3 executed in 0.00s with 1 hits (interpreter.py:314)
2025-06-16 04:30:25,964 [INFO] legal_discovery - Query d0412f37-23aa-4af6-a976-9becc61049d3 executed in 0.00s with 1 hits (interpreter.py:314)
2025-06-16 04:30:25,964 [INFO] legal_discovery - Query d0412f37-23aa-4af6-a976-9becc61049d3 executed in 0.00s with 1 hits (interpreter.py:314)
2025-06-16 04:30:25,966 [INFO] legal_discovery - Parsing query: CONTAINS(content, 'agreement') (interpreter.py:154)
2025-06-16 04:30:25,966 [INFO] legal_discovery - Parsing query: CONTAINS(content, 'agreement') (interpreter.py:154)
2025-06-16 04:30:25,966 [INFO] legal_discovery - Parsing query: CONTAINS(content, 'agreement') (interpreter.py:154)
2025-06-16 04:30:25,966 [INFO] legal_discovery - Parsing query: CONTAINS(content, 'agreement') (interpreter.py:154)
2025-06-16 04:30:25,966 [INFO] legal_discovery - Parsing query: CONTAINS(content, 'agreement') (interpreter.py:154)
2025-06-16 04:30:25,966 [INFO] legal_discovery - Parsing query: CONTAINS(content, 'agreement') (interpreter.py:154)
2025-06-16 04:30:25,966 [INFO] legal_discovery - Executing legal query: 819ed893-78ad-44ee-8b50-9323916a8702 (interpreter.py:284)
2025-06-16 04:30:25,966 [INFO] legal_discovery - Executing legal query: 819ed893-78ad-44ee-8b50-9323916a8702 (interpreter.py:284)
2025-06-16 04:30:25,966 [INFO] legal_discovery - Executing legal query: 819ed893-78ad-44ee-8b50-9323916a8702 (interpreter.py:284)
2025-06-16 04:30:25,966 [INFO] legal_discovery - Executing legal query: 819ed893-78ad-44ee-8b50-9323916a8702 (interpreter.py:284)
2025-06-16 04:30:25,966 [INFO] legal_discovery - Executing legal query: 819ed893-78ad-44ee-8b50-9323916a8702 (interpreter.py:284)
2025-06-16 04:30:25,966 [INFO] legal_discovery - Executing legal query: 819ed893-78ad-44ee-8b50-9323916a8702 (interpreter.py:284)
2025-06-16 04:30:25,966 [INFO] legal_discovery - Query 819ed893-78ad-44ee-8b50-9323916a8702 executed in 0.00s with 1 hits (interpreter.py:314)
2025-06-16 04:30:25,966 [INFO] legal_discovery - Query 819ed893-78ad-44ee-8b50-9323916a8702 executed in 0.00s with 1 hits (interpreter.py:314)
2025-06-16 04:30:25,966 [INFO] legal_discovery - Query 819ed893-78ad-44ee-8b50-9323916a8702 executed in 0.00s with 1 hits (interpreter.py:314)
2025-06-16 04:30:25,966 [INFO] legal_discovery - Query 819ed893-78ad-44ee-8b50-9323916a8702 executed in 0.00s with 1 hits (interpreter.py:314)
2025-06-16 04:30:25,966 [INFO] legal_discovery - Query 819ed893-78ad-44ee-8b50-9323916a8702 executed in 0.00s with 1 hits (interpreter.py:314)
2025-06-16 04:30:25,966 [INFO] legal_discovery - Query 819ed893-78ad-44ee-8b50-9323916a8702 executed in 0.00s with 1 hits (interpreter.py:314)
