2025-06-16 04:31:21,992 [INFO] legal_discovery - Parsing query: CONTAINS(content, 'agreement', 'liability') (interpreter.py:154)
2025-06-16 04:31:21,992 [INFO] legal_discovery - Parsing query: CONTAINS(content, 'agreement', 'liability') (interpreter.py:154)
2025-06-16 04:31:21,992 [INFO] legal_discovery - Parsing query: NEAR('statute', 'limitations', 10, 'WORDS') (interpreter.py:154)
2025-06-16 04:31:21,992 [INFO] legal_discovery - Parsing query: NEAR('statute', 'limitations', 10, 'WORDS') (interpreter.py:154)
2025-06-16 04:31:21,992 [INFO] legal_discovery - Parsing query: legal memorandum (interpreter.py:154)
2025-06-16 04:31:21,992 [INFO] legal_discovery - Parsing query: legal memorandum (interpreter.py:154)
2025-06-16 04:31:21,993 [INFO] legal_discovery - Executing legal query: 37c293be-9774-4fd8-b40b-9f5d69aa95e4 (interpreter.py:284)
2025-06-16 04:31:21,993 [INFO] legal_discovery - Executing legal query: 37c293be-9774-4fd8-b40b-9f5d69aa95e4 (interpreter.py:284)
2025-06-16 04:31:21,993 [INFO] legal_discovery - Executing legal query: 37c293be-9774-4fd8-b40b-9f5d69aa95e4 (interpreter.py:284)
2025-06-16 04:31:21,994 [INFO] legal_discovery - Query 37c293be-9774-4fd8-b40b-9f5d69aa95e4 executed in 0.00s with 1 hits (interpreter.py:314)
2025-06-16 04:31:21,994 [INFO] legal_discovery - Query 37c293be-9774-4fd8-b40b-9f5d69aa95e4 executed in 0.00s with 1 hits (interpreter.py:314)
2025-06-16 04:31:21,994 [INFO] legal_discovery - Query 37c293be-9774-4fd8-b40b-9f5d69aa95e4 executed in 0.00s with 1 hits (interpreter.py:314)
2025-06-16 04:31:21,995 [INFO] legal_discovery - Executing legal query: bc4a1aa1-e622-4984-9864-acb42a507098 (interpreter.py:284)
2025-06-16 04:31:21,995 [INFO] legal_discovery - Executing legal query: bc4a1aa1-e622-4984-9864-acb42a507098 (interpreter.py:284)
2025-06-16 04:31:21,995 [INFO] legal_discovery - Executing legal query: bc4a1aa1-e622-4984-9864-acb42a507098 (interpreter.py:284)
2025-06-16 04:31:21,995 [INFO] legal_discovery - Executing legal query: bc4a1aa1-e622-4984-9864-acb42a507098 (interpreter.py:284)
2025-06-16 04:31:21,995 [INFO] legal_discovery - Query bc4a1aa1-e622-4984-9864-acb42a507098 executed in 0.00s with 1 hits (interpreter.py:314)
2025-06-16 04:31:21,995 [INFO] legal_discovery - Query bc4a1aa1-e622-4984-9864-acb42a507098 executed in 0.00s with 1 hits (interpreter.py:314)
2025-06-16 04:31:21,995 [INFO] legal_discovery - Query bc4a1aa1-e622-4984-9864-acb42a507098 executed in 0.00s with 1 hits (interpreter.py:314)
2025-06-16 04:31:21,995 [INFO] legal_discovery - Query bc4a1aa1-e622-4984-9864-acb42a507098 executed in 0.00s with 1 hits (interpreter.py:314)
2025-06-16 04:31:21,997 [INFO] legal_discovery - Executing legal query: 9fc823ca-7453-4b08-a721-e67d437ec8d9 (interpreter.py:284)
2025-06-16 04:31:21,997 [INFO] legal_discovery - Executing legal query: 9fc823ca-7453-4b08-a721-e67d437ec8d9 (interpreter.py:284)
2025-06-16 04:31:21,997 [INFO] legal_discovery - Executing legal query: 9fc823ca-7453-4b08-a721-e67d437ec8d9 (interpreter.py:284)
2025-06-16 04:31:21,997 [INFO] legal_discovery - Executing legal query: 9fc823ca-7453-4b08-a721-e67d437ec8d9 (interpreter.py:284)
2025-06-16 04:31:21,997 [INFO] legal_discovery - Executing legal query: 9fc823ca-7453-4b08-a721-e67d437ec8d9 (interpreter.py:284)
2025-06-16 04:31:21,997 [INFO] legal_discovery - Query 9fc823ca-7453-4b08-a721-e67d437ec8d9 executed in 0.00s with 1 hits (interpreter.py:314)
2025-06-16 04:31:21,997 [INFO] legal_discovery - Query 9fc823ca-7453-4b08-a721-e67d437ec8d9 executed in 0.00s with 1 hits (interpreter.py:314)
2025-06-16 04:31:21,997 [INFO] legal_discovery - Query 9fc823ca-7453-4b08-a721-e67d437ec8d9 executed in 0.00s with 1 hits (interpreter.py:314)
2025-06-16 04:31:21,997 [INFO] legal_discovery - Query 9fc823ca-7453-4b08-a721-e67d437ec8d9 executed in 0.00s with 1 hits (interpreter.py:314)
2025-06-16 04:31:21,997 [INFO] legal_discovery - Query 9fc823ca-7453-4b08-a721-e67d437ec8d9 executed in 0.00s with 1 hits (interpreter.py:314)
2025-06-16 04:31:21,999 [INFO] legal_discovery - Parsing query: CONTAINS(content, 'agreement') (interpreter.py:154)
2025-06-16 04:31:21,999 [INFO] legal_discovery - Parsing query: CONTAINS(content, 'agreement') (interpreter.py:154)
2025-06-16 04:31:21,999 [INFO] legal_discovery - Parsing query: CONTAINS(content, 'agreement') (interpreter.py:154)
2025-06-16 04:31:21,999 [INFO] legal_discovery - Parsing query: CONTAINS(content, 'agreement') (interpreter.py:154)
2025-06-16 04:31:21,999 [INFO] legal_discovery - Parsing query: CONTAINS(content, 'agreement') (interpreter.py:154)
2025-06-16 04:31:21,999 [INFO] legal_discovery - Parsing query: CONTAINS(content, 'agreement') (interpreter.py:154)
2025-06-16 04:31:21,999 [INFO] legal_discovery - Executing legal query: ec623e9f-6609-4679-bb60-82c2cedde92f (interpreter.py:284)
2025-06-16 04:31:21,999 [INFO] legal_discovery - Executing legal query: ec623e9f-6609-4679-bb60-82c2cedde92f (interpreter.py:284)
2025-06-16 04:31:21,999 [INFO] legal_discovery - Executing legal query: ec623e9f-6609-4679-bb60-82c2cedde92f (interpreter.py:284)
2025-06-16 04:31:21,999 [INFO] legal_discovery - Executing legal query: ec623e9f-6609-4679-bb60-82c2cedde92f (interpreter.py:284)
2025-06-16 04:31:21,999 [INFO] legal_discovery - Executing legal query: ec623e9f-6609-4679-bb60-82c2cedde92f (interpreter.py:284)
2025-06-16 04:31:21,999 [INFO] legal_discovery - Executing legal query: ec623e9f-6609-4679-bb60-82c2cedde92f (interpreter.py:284)
2025-06-16 04:31:21,999 [INFO] legal_discovery - Query ec623e9f-6609-4679-bb60-82c2cedde92f executed in 0.00s with 1 hits (interpreter.py:314)
2025-06-16 04:31:21,999 [INFO] legal_discovery - Query ec623e9f-6609-4679-bb60-82c2cedde92f executed in 0.00s with 1 hits (interpreter.py:314)
2025-06-16 04:31:21,999 [INFO] legal_discovery - Query ec623e9f-6609-4679-bb60-82c2cedde92f executed in 0.00s with 1 hits (interpreter.py:314)
2025-06-16 04:31:21,999 [INFO] legal_discovery - Query ec623e9f-6609-4679-bb60-82c2cedde92f executed in 0.00s with 1 hits (interpreter.py:314)
2025-06-16 04:31:21,999 [INFO] legal_discovery - Query ec623e9f-6609-4679-bb60-82c2cedde92f executed in 0.00s with 1 hits (interpreter.py:314)
2025-06-16 04:31:21,999 [INFO] legal_discovery - Query ec623e9f-6609-4679-bb60-82c2cedde92f executed in 0.00s with 1 hits (interpreter.py:314)
2025-06-16 04:31:22,116 [INFO] legal_discovery - Executing legal query: cdc41390-8983-4c08-9e63-0554156abe55 (interpreter.py:284)
2025-06-16 04:31:22,116 [INFO] legal_discovery - Executing legal query: cdc41390-8983-4c08-9e63-0554156abe55 (interpreter.py:284)
2025-06-16 04:31:22,116 [INFO] legal_discovery - Executing legal query: cdc41390-8983-4c08-9e63-0554156abe55 (interpreter.py:284)
2025-06-16 04:31:22,116 [INFO] legal_discovery - Executing legal query: cdc41390-8983-4c08-9e63-0554156abe55 (interpreter.py:284)
2025-06-16 04:31:22,116 [INFO] legal_discovery - Executing legal query: cdc41390-8983-4c08-9e63-0554156abe55 (interpreter.py:284)
2025-06-16 04:31:22,116 [INFO] legal_discovery - Executing legal query: cdc41390-8983-4c08-9e63-0554156abe55 (interpreter.py:284)
2025-06-16 04:31:22,116 [INFO] legal_discovery - Query cdc41390-8983-4c08-9e63-0554156abe55 executed in 0.00s with 1 hits (interpreter.py:314)
2025-06-16 04:31:22,116 [INFO] legal_discovery - Query cdc41390-8983-4c08-9e63-0554156abe55 executed in 0.00s with 1 hits (interpreter.py:314)
2025-06-16 04:31:22,116 [INFO] legal_discovery - Query cdc41390-8983-4c08-9e63-0554156abe55 executed in 0.00s with 1 hits (interpreter.py:314)
2025-06-16 04:31:22,116 [INFO] legal_discovery - Query cdc41390-8983-4c08-9e63-0554156abe55 executed in 0.00s with 1 hits (interpreter.py:314)
2025-06-16 04:31:22,116 [INFO] legal_discovery - Query cdc41390-8983-4c08-9e63-0554156abe55 executed in 0.00s with 1 hits (interpreter.py:314)
2025-06-16 04:31:22,116 [INFO] legal_discovery - Query cdc41390-8983-4c08-9e63-0554156abe55 executed in 0.00s with 1 hits (interpreter.py:314)
2025-06-16 04:31:22,116 [INFO] legal_discovery - Executing legal query: acd6453e-2d59-4c45-ad2d-809483a8c767 (interpreter.py:284)
2025-06-16 04:31:22,116 [INFO] legal_discovery - Executing legal query: acd6453e-2d59-4c45-ad2d-809483a8c767 (interpreter.py:284)
2025-06-16 04:31:22,116 [INFO] legal_discovery - Executing legal query: acd6453e-2d59-4c45-ad2d-809483a8c767 (interpreter.py:284)
2025-06-16 04:31:22,116 [INFO] legal_discovery - Executing legal query: acd6453e-2d59-4c45-ad2d-809483a8c767 (interpreter.py:284)
2025-06-16 04:31:22,116 [INFO] legal_discovery - Executing legal query: acd6453e-2d59-4c45-ad2d-809483a8c767 (interpreter.py:284)
2025-06-16 04:31:22,116 [INFO] legal_discovery - Executing legal query: acd6453e-2d59-4c45-ad2d-809483a8c767 (interpreter.py:284)
2025-06-16 04:31:22,116 [INFO] legal_discovery - Query acd6453e-2d59-4c45-ad2d-809483a8c767 executed in 0.00s with 5 hits (interpreter.py:314)
2025-06-16 04:31:22,116 [INFO] legal_discovery - Query acd6453e-2d59-4c45-ad2d-809483a8c767 executed in 0.00s with 5 hits (interpreter.py:314)
2025-06-16 04:31:22,116 [INFO] legal_discovery - Query acd6453e-2d59-4c45-ad2d-809483a8c767 executed in 0.00s with 5 hits (interpreter.py:314)
2025-06-16 04:31:22,116 [INFO] legal_discovery - Query acd6453e-2d59-4c45-ad2d-809483a8c767 executed in 0.00s with 5 hits (interpreter.py:314)
2025-06-16 04:31:22,116 [INFO] legal_discovery - Query acd6453e-2d59-4c45-ad2d-809483a8c767 executed in 0.00s with 5 hits (interpreter.py:314)
2025-06-16 04:31:22,116 [INFO] legal_discovery - Query acd6453e-2d59-4c45-ad2d-809483a8c767 executed in 0.00s with 5 hits (interpreter.py:314)
2025-06-16 04:31:22,116 [INFO] legal_discovery - Executing legal query: acd6453e-2d59-4c45-ad2d-809483a8c767 (interpreter.py:284)
2025-06-16 04:31:22,116 [INFO] legal_discovery - Executing legal query: acd6453e-2d59-4c45-ad2d-809483a8c767 (interpreter.py:284)
2025-06-16 04:31:22,116 [INFO] legal_discovery - Executing legal query: acd6453e-2d59-4c45-ad2d-809483a8c767 (interpreter.py:284)
2025-06-16 04:31:22,116 [INFO] legal_discovery - Executing legal query: acd6453e-2d59-4c45-ad2d-809483a8c767 (interpreter.py:284)
2025-06-16 04:31:22,116 [INFO] legal_discovery - Executing legal query: acd6453e-2d59-4c45-ad2d-809483a8c767 (interpreter.py:284)
2025-06-16 04:31:22,116 [INFO] legal_discovery - Executing legal query: acd6453e-2d59-4c45-ad2d-809483a8c767 (interpreter.py:284)
2025-06-16 04:31:22,117 [INFO] legal_discovery - Query acd6453e-2d59-4c45-ad2d-809483a8c767 executed in 0.00s with 5 hits (interpreter.py:314)
2025-06-16 04:31:22,117 [INFO] legal_discovery - Query acd6453e-2d59-4c45-ad2d-809483a8c767 executed in 0.00s with 5 hits (interpreter.py:314)
2025-06-16 04:31:22,117 [INFO] legal_discovery - Query acd6453e-2d59-4c45-ad2d-809483a8c767 executed in 0.00s with 5 hits (interpreter.py:314)
2025-06-16 04:31:22,117 [INFO] legal_discovery - Query acd6453e-2d59-4c45-ad2d-809483a8c767 executed in 0.00s with 5 hits (interpreter.py:314)
2025-06-16 04:31:22,117 [INFO] legal_discovery - Query acd6453e-2d59-4c45-ad2d-809483a8c767 executed in 0.00s with 5 hits (interpreter.py:314)
2025-06-16 04:31:22,117 [INFO] legal_discovery - Query acd6453e-2d59-4c45-ad2d-809483a8c767 executed in 0.00s with 5 hits (interpreter.py:314)
2025-06-16 04:31:22,119 [INFO] legal_discovery - Executing legal query: 774b4055-bb81-4969-b0f7-d79044740fbe (interpreter.py:284)
2025-06-16 04:31:22,119 [INFO] legal_discovery - Executing legal query: 774b4055-bb81-4969-b0f7-d79044740fbe (interpreter.py:284)
2025-06-16 04:31:22,119 [INFO] legal_discovery - Executing legal query: 774b4055-bb81-4969-b0f7-d79044740fbe (interpreter.py:284)
2025-06-16 04:31:22,119 [INFO] legal_discovery - Executing legal query: 774b4055-bb81-4969-b0f7-d79044740fbe (interpreter.py:284)
2025-06-16 04:31:22,119 [INFO] legal_discovery - Executing legal query: 774b4055-bb81-4969-b0f7-d79044740fbe (interpreter.py:284)
2025-06-16 04:31:22,119 [INFO] legal_discovery - Executing legal query: 774b4055-bb81-4969-b0f7-d79044740fbe (interpreter.py:284)
2025-06-16 04:31:22,121 [INFO] legal_discovery - Query 774b4055-bb81-4969-b0f7-d79044740fbe executed in 0.00s with 1 hits (interpreter.py:314)
2025-06-16 04:31:22,121 [INFO] legal_discovery - Query 774b4055-bb81-4969-b0f7-d79044740fbe executed in 0.00s with 1 hits (interpreter.py:314)
2025-06-16 04:31:22,121 [INFO] legal_discovery - Query 774b4055-bb81-4969-b0f7-d79044740fbe executed in 0.00s with 1 hits (interpreter.py:314)
2025-06-16 04:31:22,121 [INFO] legal_discovery - Query 774b4055-bb81-4969-b0f7-d79044740fbe executed in 0.00s with 1 hits (interpreter.py:314)
2025-06-16 04:31:22,121 [INFO] legal_discovery - Query 774b4055-bb81-4969-b0f7-d79044740fbe executed in 0.00s with 1 hits (interpreter.py:314)
2025-06-16 04:31:22,121 [INFO] legal_discovery - Query 774b4055-bb81-4969-b0f7-d79044740fbe executed in 0.00s with 1 hits (interpreter.py:314)
2025-06-16 04:31:22,124 [INFO] legal_discovery - Executing legal query: 348b6bc7-50b1-4e43-9a99-9c8c1d2847cb (interpreter.py:284)
2025-06-16 04:31:22,124 [INFO] legal_discovery - Executing legal query: 348b6bc7-50b1-4e43-9a99-9c8c1d2847cb (interpreter.py:284)
2025-06-16 04:31:22,124 [INFO] legal_discovery - Executing legal query: 348b6bc7-50b1-4e43-9a99-9c8c1d2847cb (interpreter.py:284)
2025-06-16 04:31:22,124 [INFO] legal_discovery - Executing legal query: 348b6bc7-50b1-4e43-9a99-9c8c1d2847cb (interpreter.py:284)
2025-06-16 04:31:22,124 [INFO] legal_discovery - Executing legal query: 348b6bc7-50b1-4e43-9a99-9c8c1d2847cb (interpreter.py:284)
2025-06-16 04:31:22,124 [INFO] legal_discovery - Executing legal query: 348b6bc7-50b1-4e43-9a99-9c8c1d2847cb (interpreter.py:284)
2025-06-16 04:31:22,124 [INFO] legal_discovery - Query 348b6bc7-50b1-4e43-9a99-9c8c1d2847cb executed in 0.00s with 1 hits (interpreter.py:314)
2025-06-16 04:31:22,124 [INFO] legal_discovery - Query 348b6bc7-50b1-4e43-9a99-9c8c1d2847cb executed in 0.00s with 1 hits (interpreter.py:314)
2025-06-16 04:31:22,124 [INFO] legal_discovery - Query 348b6bc7-50b1-4e43-9a99-9c8c1d2847cb executed in 0.00s with 1 hits (interpreter.py:314)
2025-06-16 04:31:22,124 [INFO] legal_discovery - Query 348b6bc7-50b1-4e43-9a99-9c8c1d2847cb executed in 0.00s with 1 hits (interpreter.py:314)
2025-06-16 04:31:22,124 [INFO] legal_discovery - Query 348b6bc7-50b1-4e43-9a99-9c8c1d2847cb executed in 0.00s with 1 hits (interpreter.py:314)
2025-06-16 04:31:22,124 [INFO] legal_discovery - Query 348b6bc7-50b1-4e43-9a99-9c8c1d2847cb executed in 0.00s with 1 hits (interpreter.py:314)
2025-06-16 04:31:22,127 [INFO] legal_discovery - Executing legal query: 6d9de29c-048f-4f19-94ac-2763efd9f572 (interpreter.py:284)
2025-06-16 04:31:22,127 [INFO] legal_discovery - Executing legal query: 6d9de29c-048f-4f19-94ac-2763efd9f572 (interpreter.py:284)
2025-06-16 04:31:22,127 [INFO] legal_discovery - Executing legal query: 6d9de29c-048f-4f19-94ac-2763efd9f572 (interpreter.py:284)
2025-06-16 04:31:22,127 [INFO] legal_discovery - Executing legal query: 6d9de29c-048f-4f19-94ac-2763efd9f572 (interpreter.py:284)
2025-06-16 04:31:22,127 [INFO] legal_discovery - Executing legal query: 6d9de29c-048f-4f19-94ac-2763efd9f572 (interpreter.py:284)
2025-06-16 04:31:22,127 [INFO] legal_discovery - Executing legal query: 6d9de29c-048f-4f19-94ac-2763efd9f572 (interpreter.py:284)
2025-06-16 04:31:22,127 [INFO] legal_discovery - Query 6d9de29c-048f-4f19-94ac-2763efd9f572 executed in 0.00s with 3 hits (interpreter.py:314)
2025-06-16 04:31:22,127 [INFO] legal_discovery - Query 6d9de29c-048f-4f19-94ac-2763efd9f572 executed in 0.00s with 3 hits (interpreter.py:314)
2025-06-16 04:31:22,127 [INFO] legal_discovery - Query 6d9de29c-048f-4f19-94ac-2763efd9f572 executed in 0.00s with 3 hits (interpreter.py:314)
2025-06-16 04:31:22,127 [INFO] legal_discovery - Query 6d9de29c-048f-4f19-94ac-2763efd9f572 executed in 0.00s with 3 hits (interpreter.py:314)
2025-06-16 04:31:22,127 [INFO] legal_discovery - Query 6d9de29c-048f-4f19-94ac-2763efd9f572 executed in 0.00s with 3 hits (interpreter.py:314)
2025-06-16 04:31:22,127 [INFO] legal_discovery - Query 6d9de29c-048f-4f19-94ac-2763efd9f572 executed in 0.00s with 3 hits (interpreter.py:314)
2025-06-16 04:31:22,130 [INFO] legal_discovery - Executing legal query: 1af18d9c-e098-48ac-ab8b-a580010793b4 (interpreter.py:284)
2025-06-16 04:31:22,130 [INFO] legal_discovery - Executing legal query: 1af18d9c-e098-48ac-ab8b-a580010793b4 (interpreter.py:284)
2025-06-16 04:31:22,130 [INFO] legal_discovery - Executing legal query: 1af18d9c-e098-48ac-ab8b-a580010793b4 (interpreter.py:284)
2025-06-16 04:31:22,130 [INFO] legal_discovery - Executing legal query: 1af18d9c-e098-48ac-ab8b-a580010793b4 (interpreter.py:284)
2025-06-16 04:31:22,130 [INFO] legal_discovery - Executing legal query: 1af18d9c-e098-48ac-ab8b-a580010793b4 (interpreter.py:284)
2025-06-16 04:31:22,130 [INFO] legal_discovery - Executing legal query: 1af18d9c-e098-48ac-ab8b-a580010793b4 (interpreter.py:284)
2025-06-16 04:31:22,131 [INFO] legal_discovery - Query 1af18d9c-e098-48ac-ab8b-a580010793b4 executed in 0.00s with 0 hits (interpreter.py:314)
2025-06-16 04:31:22,131 [INFO] legal_discovery - Query 1af18d9c-e098-48ac-ab8b-a580010793b4 executed in 0.00s with 0 hits (interpreter.py:314)
2025-06-16 04:31:22,131 [INFO] legal_discovery - Query 1af18d9c-e098-48ac-ab8b-a580010793b4 executed in 0.00s with 0 hits (interpreter.py:314)
2025-06-16 04:31:22,131 [INFO] legal_discovery - Query 1af18d9c-e098-48ac-ab8b-a580010793b4 executed in 0.00s with 0 hits (interpreter.py:314)
2025-06-16 04:31:22,131 [INFO] legal_discovery - Query 1af18d9c-e098-48ac-ab8b-a580010793b4 executed in 0.00s with 0 hits (interpreter.py:314)
2025-06-16 04:31:22,131 [INFO] legal_discovery - Query 1af18d9c-e098-48ac-ab8b-a580010793b4 executed in 0.00s with 0 hits (interpreter.py:314)
2025-06-16 04:31:22,131 [INFO] legal_discovery - Executing legal query: 1af18d9c-e098-48ac-ab8b-a580010793b4 (interpreter.py:284)
2025-06-16 04:31:22,131 [INFO] legal_discovery - Executing legal query: 1af18d9c-e098-48ac-ab8b-a580010793b4 (interpreter.py:284)
2025-06-16 04:31:22,131 [INFO] legal_discovery - Executing legal query: 1af18d9c-e098-48ac-ab8b-a580010793b4 (interpreter.py:284)
2025-06-16 04:31:22,131 [INFO] legal_discovery - Executing legal query: 1af18d9c-e098-48ac-ab8b-a580010793b4 (interpreter.py:284)
2025-06-16 04:31:22,131 [INFO] legal_discovery - Executing legal query: 1af18d9c-e098-48ac-ab8b-a580010793b4 (interpreter.py:284)
2025-06-16 04:31:22,131 [INFO] legal_discovery - Executing legal query: 1af18d9c-e098-48ac-ab8b-a580010793b4 (interpreter.py:284)
2025-06-16 04:31:22,131 [INFO] legal_discovery - Query 1af18d9c-e098-48ac-ab8b-a580010793b4 executed in 0.00s with 2 hits (interpreter.py:314)
2025-06-16 04:31:22,131 [INFO] legal_discovery - Query 1af18d9c-e098-48ac-ab8b-a580010793b4 executed in 0.00s with 2 hits (interpreter.py:314)
2025-06-16 04:31:22,131 [INFO] legal_discovery - Query 1af18d9c-e098-48ac-ab8b-a580010793b4 executed in 0.00s with 2 hits (interpreter.py:314)
2025-06-16 04:31:22,131 [INFO] legal_discovery - Query 1af18d9c-e098-48ac-ab8b-a580010793b4 executed in 0.00s with 2 hits (interpreter.py:314)
2025-06-16 04:31:22,131 [INFO] legal_discovery - Query 1af18d9c-e098-48ac-ab8b-a580010793b4 executed in 0.00s with 2 hits (interpreter.py:314)
2025-06-16 04:31:22,131 [INFO] legal_discovery - Query 1af18d9c-e098-48ac-ab8b-a580010793b4 executed in 0.00s with 2 hits (interpreter.py:314)
2025-06-16 04:31:22,135 [INFO] legal_discovery - Executing legal query: 0b60f0d6-768d-4ba1-a0e1-f7b583f9c058 (interpreter.py:284)
2025-06-16 04:31:22,135 [INFO] legal_discovery - Executing legal query: 0b60f0d6-768d-4ba1-a0e1-f7b583f9c058 (interpreter.py:284)
2025-06-16 04:31:22,135 [INFO] legal_discovery - Executing legal query: 0b60f0d6-768d-4ba1-a0e1-f7b583f9c058 (interpreter.py:284)
2025-06-16 04:31:22,135 [INFO] legal_discovery - Executing legal query: 0b60f0d6-768d-4ba1-a0e1-f7b583f9c058 (interpreter.py:284)
2025-06-16 04:31:22,135 [INFO] legal_discovery - Executing legal query: 0b60f0d6-768d-4ba1-a0e1-f7b583f9c058 (interpreter.py:284)
2025-06-16 04:31:22,135 [INFO] legal_discovery - Executing legal query: 0b60f0d6-768d-4ba1-a0e1-f7b583f9c058 (interpreter.py:284)
2025-06-16 04:31:22,136 [INFO] legal_discovery - Query 0b60f0d6-768d-4ba1-a0e1-f7b583f9c058 executed in 0.00s with 2 hits (interpreter.py:314)
2025-06-16 04:31:22,136 [INFO] legal_discovery - Query 0b60f0d6-768d-4ba1-a0e1-f7b583f9c058 executed in 0.00s with 2 hits (interpreter.py:314)
2025-06-16 04:31:22,136 [INFO] legal_discovery - Query 0b60f0d6-768d-4ba1-a0e1-f7b583f9c058 executed in 0.00s with 2 hits (interpreter.py:314)
2025-06-16 04:31:22,136 [INFO] legal_discovery - Query 0b60f0d6-768d-4ba1-a0e1-f7b583f9c058 executed in 0.00s with 2 hits (interpreter.py:314)
2025-06-16 04:31:22,136 [INFO] legal_discovery - Query 0b60f0d6-768d-4ba1-a0e1-f7b583f9c058 executed in 0.00s with 2 hits (interpreter.py:314)
2025-06-16 04:31:22,136 [INFO] legal_discovery - Query 0b60f0d6-768d-4ba1-a0e1-f7b583f9c058 executed in 0.00s with 2 hits (interpreter.py:314)
2025-06-16 04:31:22,140 [INFO] legal_discovery - Parsing query: CONTAINS(content, 'agreement') (interpreter.py:154)
2025-06-16 04:31:22,140 [INFO] legal_discovery - Parsing query: CONTAINS(content, 'agreement') (interpreter.py:154)
2025-06-16 04:31:22,140 [INFO] legal_discovery - Parsing query: CONTAINS(content, 'agreement') (interpreter.py:154)
2025-06-16 04:31:22,140 [INFO] legal_discovery - Parsing query: CONTAINS(content, 'agreement') (interpreter.py:154)
2025-06-16 04:31:22,140 [INFO] legal_discovery - Parsing query: CONTAINS(content, 'agreement') (interpreter.py:154)
2025-06-16 04:31:22,140 [INFO] legal_discovery - Parsing query: CONTAINS(content, 'agreement') (interpreter.py:154)
2025-06-16 04:31:22,141 [INFO] legal_discovery - Executing legal query: 159dbe4f-38b1-4be2-9d81-ea9570440ea6 (interpreter.py:284)
2025-06-16 04:31:22,141 [INFO] legal_discovery - Executing legal query: 159dbe4f-38b1-4be2-9d81-ea9570440ea6 (interpreter.py:284)
2025-06-16 04:31:22,141 [INFO] legal_discovery - Executing legal query: 159dbe4f-38b1-4be2-9d81-ea9570440ea6 (interpreter.py:284)
2025-06-16 04:31:22,141 [INFO] legal_discovery - Executing legal query: 159dbe4f-38b1-4be2-9d81-ea9570440ea6 (interpreter.py:284)
2025-06-16 04:31:22,141 [INFO] legal_discovery - Executing legal query: 159dbe4f-38b1-4be2-9d81-ea9570440ea6 (interpreter.py:284)
2025-06-16 04:31:22,141 [INFO] legal_discovery - Executing legal query: 159dbe4f-38b1-4be2-9d81-ea9570440ea6 (interpreter.py:284)
2025-06-16 04:31:22,141 [INFO] legal_discovery - Query 159dbe4f-38b1-4be2-9d81-ea9570440ea6 executed in 0.00s with 1 hits (interpreter.py:314)
2025-06-16 04:31:22,141 [INFO] legal_discovery - Query 159dbe4f-38b1-4be2-9d81-ea9570440ea6 executed in 0.00s with 1 hits (interpreter.py:314)
2025-06-16 04:31:22,141 [INFO] legal_discovery - Query 159dbe4f-38b1-4be2-9d81-ea9570440ea6 executed in 0.00s with 1 hits (interpreter.py:314)
2025-06-16 04:31:22,141 [INFO] legal_discovery - Query 159dbe4f-38b1-4be2-9d81-ea9570440ea6 executed in 0.00s with 1 hits (interpreter.py:314)
2025-06-16 04:31:22,141 [INFO] legal_discovery - Query 159dbe4f-38b1-4be2-9d81-ea9570440ea6 executed in 0.00s with 1 hits (interpreter.py:314)
2025-06-16 04:31:22,141 [INFO] legal_discovery - Query 159dbe4f-38b1-4be2-9d81-ea9570440ea6 executed in 0.00s with 1 hits (interpreter.py:314)
2025-06-16 04:31:22,141 [INFO] legal_discovery - Parsing query: NEAR('statute', 'limitations', 2, 'WORDS') (interpreter.py:154)
2025-06-16 04:31:22,141 [INFO] legal_discovery - Parsing query: NEAR('statute', 'limitations', 2, 'WORDS') (interpreter.py:154)
2025-06-16 04:31:22,141 [INFO] legal_discovery - Parsing query: NEAR('statute', 'limitations', 2, 'WORDS') (interpreter.py:154)
2025-06-16 04:31:22,141 [INFO] legal_discovery - Parsing query: NEAR('statute', 'limitations', 2, 'WORDS') (interpreter.py:154)
2025-06-16 04:31:22,141 [INFO] legal_discovery - Parsing query: NEAR('statute', 'limitations', 2, 'WORDS') (interpreter.py:154)
2025-06-16 04:31:22,141 [INFO] legal_discovery - Parsing query: NEAR('statute', 'limitations', 2, 'WORDS') (interpreter.py:154)
2025-06-16 04:31:22,141 [INFO] legal_discovery - Executing legal query: 9bc55f81-9151-4367-b983-6c87a887e8c5 (interpreter.py:284)
2025-06-16 04:31:22,141 [INFO] legal_discovery - Executing legal query: 9bc55f81-9151-4367-b983-6c87a887e8c5 (interpreter.py:284)
2025-06-16 04:31:22,141 [INFO] legal_discovery - Executing legal query: 9bc55f81-9151-4367-b983-6c87a887e8c5 (interpreter.py:284)
2025-06-16 04:31:22,141 [INFO] legal_discovery - Executing legal query: 9bc55f81-9151-4367-b983-6c87a887e8c5 (interpreter.py:284)
2025-06-16 04:31:22,141 [INFO] legal_discovery - Executing legal query: 9bc55f81-9151-4367-b983-6c87a887e8c5 (interpreter.py:284)
2025-06-16 04:31:22,141 [INFO] legal_discovery - Executing legal query: 9bc55f81-9151-4367-b983-6c87a887e8c5 (interpreter.py:284)
2025-06-16 04:31:22,143 [INFO] legal_discovery - Query 9bc55f81-9151-4367-b983-6c87a887e8c5 executed in 0.00s with 1 hits (interpreter.py:314)
2025-06-16 04:31:22,143 [INFO] legal_discovery - Query 9bc55f81-9151-4367-b983-6c87a887e8c5 executed in 0.00s with 1 hits (interpreter.py:314)
2025-06-16 04:31:22,143 [INFO] legal_discovery - Query 9bc55f81-9151-4367-b983-6c87a887e8c5 executed in 0.00s with 1 hits (interpreter.py:314)
2025-06-16 04:31:22,143 [INFO] legal_discovery - Query 9bc55f81-9151-4367-b983-6c87a887e8c5 executed in 0.00s with 1 hits (interpreter.py:314)
2025-06-16 04:31:22,143 [INFO] legal_discovery - Query 9bc55f81-9151-4367-b983-6c87a887e8c5 executed in 0.00s with 1 hits (interpreter.py:314)
2025-06-16 04:31:22,143 [INFO] legal_discovery - Query 9bc55f81-9151-4367-b983-6c87a887e8c5 executed in 0.00s with 1 hits (interpreter.py:314)
