2025-06-16 04:22:00,718 [INFO] legal_discovery - Parsing query: CONTAINS(content, 'agreement', 'liability') (interpreter.py:154)
2025-06-16 04:22:00,718 [INFO] legal_discovery - Parsing query: CONTAINS(content, 'agreement', 'liability') (interpreter.py:154)
2025-06-16 04:22:00,718 [INFO] legal_discovery - Parsing query: NEAR('statute', 'limitations', 10, 'WORDS') (interpreter.py:154)
2025-06-16 04:22:00,718 [INFO] legal_discovery - Parsing query: NEAR('statute', 'limitations', 10, 'WORDS') (interpreter.py:154)
2025-06-16 04:22:00,718 [INFO] legal_discovery - Parsing query: legal memorandum (interpreter.py:154)
2025-06-16 04:22:00,718 [INFO] legal_discovery - Parsing query: legal memorandum (interpreter.py:154)
2025-06-16 04:22:00,720 [INFO] legal_discovery - Executing legal query: ea6a3aef-9956-4840-8521-cbe688681914 (interpreter.py:284)
2025-06-16 04:22:00,720 [INFO] legal_discovery - Executing legal query: ea6a3aef-9956-4840-8521-cbe688681914 (interpreter.py:284)
2025-06-16 04:22:00,720 [INFO] legal_discovery - Executing legal query: ea6a3aef-9956-4840-8521-cbe688681914 (interpreter.py:284)
2025-06-16 04:22:00,720 [INFO] legal_discovery - Query ea6a3aef-9956-4840-8521-cbe688681914 executed in 0.00s with 1 hits (interpreter.py:314)
2025-06-16 04:22:00,720 [INFO] legal_discovery - Query ea6a3aef-9956-4840-8521-cbe688681914 executed in 0.00s with 1 hits (interpreter.py:314)
2025-06-16 04:22:00,720 [INFO] legal_discovery - Query ea6a3aef-9956-4840-8521-cbe688681914 executed in 0.00s with 1 hits (interpreter.py:314)
2025-06-16 04:22:00,721 [INFO] legal_discovery - Executing legal query: f9472990-f540-49fe-bc4b-83c4aa4e0f25 (interpreter.py:284)
2025-06-16 04:22:00,721 [INFO] legal_discovery - Executing legal query: f9472990-f540-49fe-bc4b-83c4aa4e0f25 (interpreter.py:284)
2025-06-16 04:22:00,721 [INFO] legal_discovery - Executing legal query: f9472990-f540-49fe-bc4b-83c4aa4e0f25 (interpreter.py:284)
2025-06-16 04:22:00,721 [INFO] legal_discovery - Executing legal query: f9472990-f540-49fe-bc4b-83c4aa4e0f25 (interpreter.py:284)
2025-06-16 04:22:00,722 [INFO] legal_discovery - Query f9472990-f540-49fe-bc4b-83c4aa4e0f25 executed in 0.00s with 1 hits (interpreter.py:314)
2025-06-16 04:22:00,722 [INFO] legal_discovery - Query f9472990-f540-49fe-bc4b-83c4aa4e0f25 executed in 0.00s with 1 hits (interpreter.py:314)
2025-06-16 04:22:00,722 [INFO] legal_discovery - Query f9472990-f540-49fe-bc4b-83c4aa4e0f25 executed in 0.00s with 1 hits (interpreter.py:314)
2025-06-16 04:22:00,722 [INFO] legal_discovery - Query f9472990-f540-49fe-bc4b-83c4aa4e0f25 executed in 0.00s with 1 hits (interpreter.py:314)
2025-06-16 04:22:00,723 [INFO] legal_discovery - Executing legal query: a9dafbd9-c5be-4087-a8c9-46816bdb0d4b (interpreter.py:284)
2025-06-16 04:22:00,723 [INFO] legal_discovery - Executing legal query: a9dafbd9-c5be-4087-a8c9-46816bdb0d4b (interpreter.py:284)
2025-06-16 04:22:00,723 [INFO] legal_discovery - Executing legal query: a9dafbd9-c5be-4087-a8c9-46816bdb0d4b (interpreter.py:284)
2025-06-16 04:22:00,723 [INFO] legal_discovery - Executing legal query: a9dafbd9-c5be-4087-a8c9-46816bdb0d4b (interpreter.py:284)
2025-06-16 04:22:00,723 [INFO] legal_discovery - Executing legal query: a9dafbd9-c5be-4087-a8c9-46816bdb0d4b (interpreter.py:284)
2025-06-16 04:22:00,723 [INFO] legal_discovery - Query a9dafbd9-c5be-4087-a8c9-46816bdb0d4b executed in 0.00s with 1 hits (interpreter.py:314)
2025-06-16 04:22:00,723 [INFO] legal_discovery - Query a9dafbd9-c5be-4087-a8c9-46816bdb0d4b executed in 0.00s with 1 hits (interpreter.py:314)
2025-06-16 04:22:00,723 [INFO] legal_discovery - Query a9dafbd9-c5be-4087-a8c9-46816bdb0d4b executed in 0.00s with 1 hits (interpreter.py:314)
2025-06-16 04:22:00,723 [INFO] legal_discovery - Query a9dafbd9-c5be-4087-a8c9-46816bdb0d4b executed in 0.00s with 1 hits (interpreter.py:314)
2025-06-16 04:22:00,723 [INFO] legal_discovery - Query a9dafbd9-c5be-4087-a8c9-46816bdb0d4b executed in 0.00s with 1 hits (interpreter.py:314)
2025-06-16 04:22:00,725 [INFO] legal_discovery - Parsing query: CONTAINS(content, 'agreement') (interpreter.py:154)
2025-06-16 04:22:00,725 [INFO] legal_discovery - Parsing query: CONTAINS(content, 'agreement') (interpreter.py:154)
2025-06-16 04:22:00,725 [INFO] legal_discovery - Parsing query: CONTAINS(content, 'agreement') (interpreter.py:154)
2025-06-16 04:22:00,725 [INFO] legal_discovery - Parsing query: CONTAINS(content, 'agreement') (interpreter.py:154)
2025-06-16 04:22:00,725 [INFO] legal_discovery - Parsing query: CONTAINS(content, 'agreement') (interpreter.py:154)
2025-06-16 04:22:00,725 [INFO] legal_discovery - Parsing query: CONTAINS(content, 'agreement') (interpreter.py:154)
2025-06-16 04:22:00,725 [INFO] legal_discovery - Executing legal query: 247c2e40-0b55-4db9-a200-dab049ca8d73 (interpreter.py:284)
2025-06-16 04:22:00,725 [INFO] legal_discovery - Executing legal query: 247c2e40-0b55-4db9-a200-dab049ca8d73 (interpreter.py:284)
2025-06-16 04:22:00,725 [INFO] legal_discovery - Executing legal query: 247c2e40-0b55-4db9-a200-dab049ca8d73 (interpreter.py:284)
2025-06-16 04:22:00,725 [INFO] legal_discovery - Executing legal query: 247c2e40-0b55-4db9-a200-dab049ca8d73 (interpreter.py:284)
2025-06-16 04:22:00,725 [INFO] legal_discovery - Executing legal query: 247c2e40-0b55-4db9-a200-dab049ca8d73 (interpreter.py:284)
2025-06-16 04:22:00,725 [INFO] legal_discovery - Executing legal query: 247c2e40-0b55-4db9-a200-dab049ca8d73 (interpreter.py:284)
2025-06-16 04:22:00,725 [INFO] legal_discovery - Query 247c2e40-0b55-4db9-a200-dab049ca8d73 executed in 0.00s with 1 hits (interpreter.py:314)
2025-06-16 04:22:00,725 [INFO] legal_discovery - Query 247c2e40-0b55-4db9-a200-dab049ca8d73 executed in 0.00s with 1 hits (interpreter.py:314)
2025-06-16 04:22:00,725 [INFO] legal_discovery - Query 247c2e40-0b55-4db9-a200-dab049ca8d73 executed in 0.00s with 1 hits (interpreter.py:314)
2025-06-16 04:22:00,725 [INFO] legal_discovery - Query 247c2e40-0b55-4db9-a200-dab049ca8d73 executed in 0.00s with 1 hits (interpreter.py:314)
2025-06-16 04:22:00,725 [INFO] legal_discovery - Query 247c2e40-0b55-4db9-a200-dab049ca8d73 executed in 0.00s with 1 hits (interpreter.py:314)
2025-06-16 04:22:00,725 [INFO] legal_discovery - Query 247c2e40-0b55-4db9-a200-dab049ca8d73 executed in 0.00s with 1 hits (interpreter.py:314)
2025-06-16 04:22:00,846 [INFO] legal_discovery - Executing legal query: 8f84b8c1-f7be-4d7e-88d0-c65ce9ef62ae (interpreter.py:284)
2025-06-16 04:22:00,846 [INFO] legal_discovery - Executing legal query: 8f84b8c1-f7be-4d7e-88d0-c65ce9ef62ae (interpreter.py:284)
2025-06-16 04:22:00,846 [INFO] legal_discovery - Executing legal query: 8f84b8c1-f7be-4d7e-88d0-c65ce9ef62ae (interpreter.py:284)
2025-06-16 04:22:00,846 [INFO] legal_discovery - Executing legal query: 8f84b8c1-f7be-4d7e-88d0-c65ce9ef62ae (interpreter.py:284)
2025-06-16 04:22:00,846 [INFO] legal_discovery - Executing legal query: 8f84b8c1-f7be-4d7e-88d0-c65ce9ef62ae (interpreter.py:284)
2025-06-16 04:22:00,846 [INFO] legal_discovery - Executing legal query: 8f84b8c1-f7be-4d7e-88d0-c65ce9ef62ae (interpreter.py:284)
2025-06-16 04:22:00,846 [INFO] legal_discovery - Executing legal query: 8f84b8c1-f7be-4d7e-88d0-c65ce9ef62ae (interpreter.py:284)
2025-06-16 04:22:00,846 [INFO] legal_discovery - Query 8f84b8c1-f7be-4d7e-88d0-c65ce9ef62ae executed in 0.00s with 1 hits (interpreter.py:314)
2025-06-16 04:22:00,846 [INFO] legal_discovery - Query 8f84b8c1-f7be-4d7e-88d0-c65ce9ef62ae executed in 0.00s with 1 hits (interpreter.py:314)
2025-06-16 04:22:00,846 [INFO] legal_discovery - Query 8f84b8c1-f7be-4d7e-88d0-c65ce9ef62ae executed in 0.00s with 1 hits (interpreter.py:314)
2025-06-16 04:22:00,846 [INFO] legal_discovery - Query 8f84b8c1-f7be-4d7e-88d0-c65ce9ef62ae executed in 0.00s with 1 hits (interpreter.py:314)
2025-06-16 04:22:00,846 [INFO] legal_discovery - Query 8f84b8c1-f7be-4d7e-88d0-c65ce9ef62ae executed in 0.00s with 1 hits (interpreter.py:314)
2025-06-16 04:22:00,846 [INFO] legal_discovery - Query 8f84b8c1-f7be-4d7e-88d0-c65ce9ef62ae executed in 0.00s with 1 hits (interpreter.py:314)
2025-06-16 04:22:00,846 [INFO] legal_discovery - Query 8f84b8c1-f7be-4d7e-88d0-c65ce9ef62ae executed in 0.00s with 1 hits (interpreter.py:314)
2025-06-16 04:22:00,846 [INFO] legal_discovery - Executing legal query: cec2c842-b52d-489d-a3d8-a6819b55167e (interpreter.py:284)
2025-06-16 04:22:00,846 [INFO] legal_discovery - Executing legal query: cec2c842-b52d-489d-a3d8-a6819b55167e (interpreter.py:284)
2025-06-16 04:22:00,846 [INFO] legal_discovery - Executing legal query: cec2c842-b52d-489d-a3d8-a6819b55167e (interpreter.py:284)
2025-06-16 04:22:00,846 [INFO] legal_discovery - Executing legal query: cec2c842-b52d-489d-a3d8-a6819b55167e (interpreter.py:284)
2025-06-16 04:22:00,846 [INFO] legal_discovery - Executing legal query: cec2c842-b52d-489d-a3d8-a6819b55167e (interpreter.py:284)
2025-06-16 04:22:00,846 [INFO] legal_discovery - Executing legal query: cec2c842-b52d-489d-a3d8-a6819b55167e (interpreter.py:284)
2025-06-16 04:22:00,846 [INFO] legal_discovery - Executing legal query: cec2c842-b52d-489d-a3d8-a6819b55167e (interpreter.py:284)
2025-06-16 04:22:00,846 [INFO] legal_discovery - Query cec2c842-b52d-489d-a3d8-a6819b55167e executed in 0.00s with 5 hits (interpreter.py:314)
2025-06-16 04:22:00,846 [INFO] legal_discovery - Query cec2c842-b52d-489d-a3d8-a6819b55167e executed in 0.00s with 5 hits (interpreter.py:314)
2025-06-16 04:22:00,846 [INFO] legal_discovery - Query cec2c842-b52d-489d-a3d8-a6819b55167e executed in 0.00s with 5 hits (interpreter.py:314)
2025-06-16 04:22:00,846 [INFO] legal_discovery - Query cec2c842-b52d-489d-a3d8-a6819b55167e executed in 0.00s with 5 hits (interpreter.py:314)
2025-06-16 04:22:00,846 [INFO] legal_discovery - Query cec2c842-b52d-489d-a3d8-a6819b55167e executed in 0.00s with 5 hits (interpreter.py:314)
2025-06-16 04:22:00,846 [INFO] legal_discovery - Query cec2c842-b52d-489d-a3d8-a6819b55167e executed in 0.00s with 5 hits (interpreter.py:314)
2025-06-16 04:22:00,846 [INFO] legal_discovery - Query cec2c842-b52d-489d-a3d8-a6819b55167e executed in 0.00s with 5 hits (interpreter.py:314)
2025-06-16 04:22:00,847 [INFO] legal_discovery - Executing legal query: cec2c842-b52d-489d-a3d8-a6819b55167e (interpreter.py:284)
2025-06-16 04:22:00,847 [INFO] legal_discovery - Executing legal query: cec2c842-b52d-489d-a3d8-a6819b55167e (interpreter.py:284)
2025-06-16 04:22:00,847 [INFO] legal_discovery - Executing legal query: cec2c842-b52d-489d-a3d8-a6819b55167e (interpreter.py:284)
2025-06-16 04:22:00,847 [INFO] legal_discovery - Executing legal query: cec2c842-b52d-489d-a3d8-a6819b55167e (interpreter.py:284)
2025-06-16 04:22:00,847 [INFO] legal_discovery - Executing legal query: cec2c842-b52d-489d-a3d8-a6819b55167e (interpreter.py:284)
2025-06-16 04:22:00,847 [INFO] legal_discovery - Executing legal query: cec2c842-b52d-489d-a3d8-a6819b55167e (interpreter.py:284)
2025-06-16 04:22:00,847 [INFO] legal_discovery - Executing legal query: cec2c842-b52d-489d-a3d8-a6819b55167e (interpreter.py:284)
2025-06-16 04:22:00,847 [INFO] legal_discovery - Query cec2c842-b52d-489d-a3d8-a6819b55167e executed in 0.00s with 5 hits (interpreter.py:314)
2025-06-16 04:22:00,847 [INFO] legal_discovery - Query cec2c842-b52d-489d-a3d8-a6819b55167e executed in 0.00s with 5 hits (interpreter.py:314)
2025-06-16 04:22:00,847 [INFO] legal_discovery - Query cec2c842-b52d-489d-a3d8-a6819b55167e executed in 0.00s with 5 hits (interpreter.py:314)
2025-06-16 04:22:00,847 [INFO] legal_discovery - Query cec2c842-b52d-489d-a3d8-a6819b55167e executed in 0.00s with 5 hits (interpreter.py:314)
2025-06-16 04:22:00,847 [INFO] legal_discovery - Query cec2c842-b52d-489d-a3d8-a6819b55167e executed in 0.00s with 5 hits (interpreter.py:314)
2025-06-16 04:22:00,847 [INFO] legal_discovery - Query cec2c842-b52d-489d-a3d8-a6819b55167e executed in 0.00s with 5 hits (interpreter.py:314)
2025-06-16 04:22:00,847 [INFO] legal_discovery - Query cec2c842-b52d-489d-a3d8-a6819b55167e executed in 0.00s with 5 hits (interpreter.py:314)
2025-06-16 04:22:00,849 [INFO] legal_discovery - Executing legal query: 5970afe0-b420-42d7-8595-d1f4cf4b79b4 (interpreter.py:284)
2025-06-16 04:22:00,849 [INFO] legal_discovery - Executing legal query: 5970afe0-b420-42d7-8595-d1f4cf4b79b4 (interpreter.py:284)
2025-06-16 04:22:00,849 [INFO] legal_discovery - Executing legal query: 5970afe0-b420-42d7-8595-d1f4cf4b79b4 (interpreter.py:284)
2025-06-16 04:22:00,849 [INFO] legal_discovery - Executing legal query: 5970afe0-b420-42d7-8595-d1f4cf4b79b4 (interpreter.py:284)
2025-06-16 04:22:00,849 [INFO] legal_discovery - Executing legal query: 5970afe0-b420-42d7-8595-d1f4cf4b79b4 (interpreter.py:284)
2025-06-16 04:22:00,849 [INFO] legal_discovery - Executing legal query: 5970afe0-b420-42d7-8595-d1f4cf4b79b4 (interpreter.py:284)
2025-06-16 04:22:00,849 [INFO] legal_discovery - Executing legal query: 5970afe0-b420-42d7-8595-d1f4cf4b79b4 (interpreter.py:284)
2025-06-16 04:22:00,849 [INFO] legal_discovery - Executing legal query: 5970afe0-b420-42d7-8595-d1f4cf4b79b4 (interpreter.py:284)
2025-06-16 04:22:00,852 [INFO] legal_discovery - Query 5970afe0-b420-42d7-8595-d1f4cf4b79b4 executed in 0.00s with 1 hits (interpreter.py:314)
2025-06-16 04:22:00,852 [INFO] legal_discovery - Query 5970afe0-b420-42d7-8595-d1f4cf4b79b4 executed in 0.00s with 1 hits (interpreter.py:314)
2025-06-16 04:22:00,852 [INFO] legal_discovery - Query 5970afe0-b420-42d7-8595-d1f4cf4b79b4 executed in 0.00s with 1 hits (interpreter.py:314)
2025-06-16 04:22:00,852 [INFO] legal_discovery - Query 5970afe0-b420-42d7-8595-d1f4cf4b79b4 executed in 0.00s with 1 hits (interpreter.py:314)
2025-06-16 04:22:00,852 [INFO] legal_discovery - Query 5970afe0-b420-42d7-8595-d1f4cf4b79b4 executed in 0.00s with 1 hits (interpreter.py:314)
2025-06-16 04:22:00,852 [INFO] legal_discovery - Query 5970afe0-b420-42d7-8595-d1f4cf4b79b4 executed in 0.00s with 1 hits (interpreter.py:314)
2025-06-16 04:22:00,852 [INFO] legal_discovery - Query 5970afe0-b420-42d7-8595-d1f4cf4b79b4 executed in 0.00s with 1 hits (interpreter.py:314)
2025-06-16 04:22:00,852 [INFO] legal_discovery - Query 5970afe0-b420-42d7-8595-d1f4cf4b79b4 executed in 0.00s with 1 hits (interpreter.py:314)
2025-06-16 04:22:00,854 [INFO] legal_discovery - Executing legal query: 2e45b01a-e6b5-435c-a82e-77dcc57ed5af (interpreter.py:284)
2025-06-16 04:22:00,854 [INFO] legal_discovery - Executing legal query: 2e45b01a-e6b5-435c-a82e-77dcc57ed5af (interpreter.py:284)
2025-06-16 04:22:00,854 [INFO] legal_discovery - Executing legal query: 2e45b01a-e6b5-435c-a82e-77dcc57ed5af (interpreter.py:284)
2025-06-16 04:22:00,854 [INFO] legal_discovery - Executing legal query: 2e45b01a-e6b5-435c-a82e-77dcc57ed5af (interpreter.py:284)
2025-06-16 04:22:00,854 [INFO] legal_discovery - Executing legal query: 2e45b01a-e6b5-435c-a82e-77dcc57ed5af (interpreter.py:284)
2025-06-16 04:22:00,854 [INFO] legal_discovery - Executing legal query: 2e45b01a-e6b5-435c-a82e-77dcc57ed5af (interpreter.py:284)
2025-06-16 04:22:00,854 [INFO] legal_discovery - Executing legal query: 2e45b01a-e6b5-435c-a82e-77dcc57ed5af (interpreter.py:284)
2025-06-16 04:22:00,854 [INFO] legal_discovery - Executing legal query: 2e45b01a-e6b5-435c-a82e-77dcc57ed5af (interpreter.py:284)
2025-06-16 04:22:00,854 [INFO] legal_discovery - Executing legal query: 2e45b01a-e6b5-435c-a82e-77dcc57ed5af (interpreter.py:284)
2025-06-16 04:22:00,854 [INFO] legal_discovery - Query 2e45b01a-e6b5-435c-a82e-77dcc57ed5af executed in 0.00s with 1 hits (interpreter.py:314)
2025-06-16 04:22:00,854 [INFO] legal_discovery - Query 2e45b01a-e6b5-435c-a82e-77dcc57ed5af executed in 0.00s with 1 hits (interpreter.py:314)
2025-06-16 04:22:00,854 [INFO] legal_discovery - Query 2e45b01a-e6b5-435c-a82e-77dcc57ed5af executed in 0.00s with 1 hits (interpreter.py:314)
2025-06-16 04:22:00,854 [INFO] legal_discovery - Query 2e45b01a-e6b5-435c-a82e-77dcc57ed5af executed in 0.00s with 1 hits (interpreter.py:314)
2025-06-16 04:22:00,854 [INFO] legal_discovery - Query 2e45b01a-e6b5-435c-a82e-77dcc57ed5af executed in 0.00s with 1 hits (interpreter.py:314)
2025-06-16 04:22:00,854 [INFO] legal_discovery - Query 2e45b01a-e6b5-435c-a82e-77dcc57ed5af executed in 0.00s with 1 hits (interpreter.py:314)
2025-06-16 04:22:00,854 [INFO] legal_discovery - Query 2e45b01a-e6b5-435c-a82e-77dcc57ed5af executed in 0.00s with 1 hits (interpreter.py:314)
2025-06-16 04:22:00,854 [INFO] legal_discovery - Query 2e45b01a-e6b5-435c-a82e-77dcc57ed5af executed in 0.00s with 1 hits (interpreter.py:314)
2025-06-16 04:22:00,854 [INFO] legal_discovery - Query 2e45b01a-e6b5-435c-a82e-77dcc57ed5af executed in 0.00s with 1 hits (interpreter.py:314)
2025-06-16 04:22:00,859 [INFO] legal_discovery - Executing legal query: c156230a-cb30-4f7d-a85e-cf23cc266f38 (interpreter.py:284)
2025-06-16 04:22:00,859 [INFO] legal_discovery - Executing legal query: c156230a-cb30-4f7d-a85e-cf23cc266f38 (interpreter.py:284)
2025-06-16 04:22:00,859 [INFO] legal_discovery - Executing legal query: c156230a-cb30-4f7d-a85e-cf23cc266f38 (interpreter.py:284)
2025-06-16 04:22:00,859 [INFO] legal_discovery - Executing legal query: c156230a-cb30-4f7d-a85e-cf23cc266f38 (interpreter.py:284)
2025-06-16 04:22:00,859 [INFO] legal_discovery - Executing legal query: c156230a-cb30-4f7d-a85e-cf23cc266f38 (interpreter.py:284)
2025-06-16 04:22:00,859 [INFO] legal_discovery - Executing legal query: c156230a-cb30-4f7d-a85e-cf23cc266f38 (interpreter.py:284)
2025-06-16 04:22:00,859 [INFO] legal_discovery - Executing legal query: c156230a-cb30-4f7d-a85e-cf23cc266f38 (interpreter.py:284)
2025-06-16 04:22:00,859 [INFO] legal_discovery - Executing legal query: c156230a-cb30-4f7d-a85e-cf23cc266f38 (interpreter.py:284)
2025-06-16 04:22:00,859 [INFO] legal_discovery - Executing legal query: c156230a-cb30-4f7d-a85e-cf23cc266f38 (interpreter.py:284)
2025-06-16 04:22:00,859 [INFO] legal_discovery - Executing legal query: c156230a-cb30-4f7d-a85e-cf23cc266f38 (interpreter.py:284)
2025-06-16 04:22:00,859 [INFO] legal_discovery - Query c156230a-cb30-4f7d-a85e-cf23cc266f38 executed in 0.00s with 3 hits (interpreter.py:314)
2025-06-16 04:22:00,859 [INFO] legal_discovery - Query c156230a-cb30-4f7d-a85e-cf23cc266f38 executed in 0.00s with 3 hits (interpreter.py:314)
2025-06-16 04:22:00,859 [INFO] legal_discovery - Query c156230a-cb30-4f7d-a85e-cf23cc266f38 executed in 0.00s with 3 hits (interpreter.py:314)
2025-06-16 04:22:00,859 [INFO] legal_discovery - Query c156230a-cb30-4f7d-a85e-cf23cc266f38 executed in 0.00s with 3 hits (interpreter.py:314)
2025-06-16 04:22:00,859 [INFO] legal_discovery - Query c156230a-cb30-4f7d-a85e-cf23cc266f38 executed in 0.00s with 3 hits (interpreter.py:314)
2025-06-16 04:22:00,859 [INFO] legal_discovery - Query c156230a-cb30-4f7d-a85e-cf23cc266f38 executed in 0.00s with 3 hits (interpreter.py:314)
2025-06-16 04:22:00,859 [INFO] legal_discovery - Query c156230a-cb30-4f7d-a85e-cf23cc266f38 executed in 0.00s with 3 hits (interpreter.py:314)
2025-06-16 04:22:00,859 [INFO] legal_discovery - Query c156230a-cb30-4f7d-a85e-cf23cc266f38 executed in 0.00s with 3 hits (interpreter.py:314)
2025-06-16 04:22:00,859 [INFO] legal_discovery - Query c156230a-cb30-4f7d-a85e-cf23cc266f38 executed in 0.00s with 3 hits (interpreter.py:314)
2025-06-16 04:22:00,859 [INFO] legal_discovery - Query c156230a-cb30-4f7d-a85e-cf23cc266f38 executed in 0.00s with 3 hits (interpreter.py:314)
2025-06-16 04:22:00,862 [INFO] legal_discovery - Executing legal query: 2d5de87c-a36f-4cec-bea2-feaa82fce2ac (interpreter.py:284)
2025-06-16 04:22:00,862 [INFO] legal_discovery - Executing legal query: 2d5de87c-a36f-4cec-bea2-feaa82fce2ac (interpreter.py:284)
2025-06-16 04:22:00,862 [INFO] legal_discovery - Executing legal query: 2d5de87c-a36f-4cec-bea2-feaa82fce2ac (interpreter.py:284)
2025-06-16 04:22:00,862 [INFO] legal_discovery - Executing legal query: 2d5de87c-a36f-4cec-bea2-feaa82fce2ac (interpreter.py:284)
2025-06-16 04:22:00,862 [INFO] legal_discovery - Executing legal query: 2d5de87c-a36f-4cec-bea2-feaa82fce2ac (interpreter.py:284)
2025-06-16 04:22:00,862 [INFO] legal_discovery - Executing legal query: 2d5de87c-a36f-4cec-bea2-feaa82fce2ac (interpreter.py:284)
2025-06-16 04:22:00,862 [INFO] legal_discovery - Executing legal query: 2d5de87c-a36f-4cec-bea2-feaa82fce2ac (interpreter.py:284)
2025-06-16 04:22:00,862 [INFO] legal_discovery - Executing legal query: 2d5de87c-a36f-4cec-bea2-feaa82fce2ac (interpreter.py:284)
2025-06-16 04:22:00,862 [INFO] legal_discovery - Executing legal query: 2d5de87c-a36f-4cec-bea2-feaa82fce2ac (interpreter.py:284)
2025-06-16 04:22:00,862 [INFO] legal_discovery - Executing legal query: 2d5de87c-a36f-4cec-bea2-feaa82fce2ac (interpreter.py:284)
2025-06-16 04:22:00,862 [INFO] legal_discovery - Executing legal query: 2d5de87c-a36f-4cec-bea2-feaa82fce2ac (interpreter.py:284)
2025-06-16 04:22:00,864 [INFO] legal_discovery - Query 2d5de87c-a36f-4cec-bea2-feaa82fce2ac executed in 0.00s with 0 hits (interpreter.py:314)
2025-06-16 04:22:00,864 [INFO] legal_discovery - Query 2d5de87c-a36f-4cec-bea2-feaa82fce2ac executed in 0.00s with 0 hits (interpreter.py:314)
2025-06-16 04:22:00,864 [INFO] legal_discovery - Query 2d5de87c-a36f-4cec-bea2-feaa82fce2ac executed in 0.00s with 0 hits (interpreter.py:314)
2025-06-16 04:22:00,864 [INFO] legal_discovery - Query 2d5de87c-a36f-4cec-bea2-feaa82fce2ac executed in 0.00s with 0 hits (interpreter.py:314)
2025-06-16 04:22:00,864 [INFO] legal_discovery - Query 2d5de87c-a36f-4cec-bea2-feaa82fce2ac executed in 0.00s with 0 hits (interpreter.py:314)
2025-06-16 04:22:00,864 [INFO] legal_discovery - Query 2d5de87c-a36f-4cec-bea2-feaa82fce2ac executed in 0.00s with 0 hits (interpreter.py:314)
2025-06-16 04:22:00,864 [INFO] legal_discovery - Query 2d5de87c-a36f-4cec-bea2-feaa82fce2ac executed in 0.00s with 0 hits (interpreter.py:314)
2025-06-16 04:22:00,864 [INFO] legal_discovery - Query 2d5de87c-a36f-4cec-bea2-feaa82fce2ac executed in 0.00s with 0 hits (interpreter.py:314)
2025-06-16 04:22:00,864 [INFO] legal_discovery - Query 2d5de87c-a36f-4cec-bea2-feaa82fce2ac executed in 0.00s with 0 hits (interpreter.py:314)
2025-06-16 04:22:00,864 [INFO] legal_discovery - Query 2d5de87c-a36f-4cec-bea2-feaa82fce2ac executed in 0.00s with 0 hits (interpreter.py:314)
2025-06-16 04:22:00,864 [INFO] legal_discovery - Query 2d5de87c-a36f-4cec-bea2-feaa82fce2ac executed in 0.00s with 0 hits (interpreter.py:314)
2025-06-16 04:22:00,865 [INFO] legal_discovery - Executing legal query: 2d5de87c-a36f-4cec-bea2-feaa82fce2ac (interpreter.py:284)
2025-06-16 04:22:00,865 [INFO] legal_discovery - Executing legal query: 2d5de87c-a36f-4cec-bea2-feaa82fce2ac (interpreter.py:284)
2025-06-16 04:22:00,865 [INFO] legal_discovery - Executing legal query: 2d5de87c-a36f-4cec-bea2-feaa82fce2ac (interpreter.py:284)
2025-06-16 04:22:00,865 [INFO] legal_discovery - Executing legal query: 2d5de87c-a36f-4cec-bea2-feaa82fce2ac (interpreter.py:284)
2025-06-16 04:22:00,865 [INFO] legal_discovery - Executing legal query: 2d5de87c-a36f-4cec-bea2-feaa82fce2ac (interpreter.py:284)
2025-06-16 04:22:00,865 [INFO] legal_discovery - Executing legal query: 2d5de87c-a36f-4cec-bea2-feaa82fce2ac (interpreter.py:284)
2025-06-16 04:22:00,865 [INFO] legal_discovery - Executing legal query: 2d5de87c-a36f-4cec-bea2-feaa82fce2ac (interpreter.py:284)
2025-06-16 04:22:00,865 [INFO] legal_discovery - Executing legal query: 2d5de87c-a36f-4cec-bea2-feaa82fce2ac (interpreter.py:284)
2025-06-16 04:22:00,865 [INFO] legal_discovery - Executing legal query: 2d5de87c-a36f-4cec-bea2-feaa82fce2ac (interpreter.py:284)
2025-06-16 04:22:00,865 [INFO] legal_discovery - Executing legal query: 2d5de87c-a36f-4cec-bea2-feaa82fce2ac (interpreter.py:284)
2025-06-16 04:22:00,865 [INFO] legal_discovery - Executing legal query: 2d5de87c-a36f-4cec-bea2-feaa82fce2ac (interpreter.py:284)
2025-06-16 04:22:00,865 [INFO] legal_discovery - Query 2d5de87c-a36f-4cec-bea2-feaa82fce2ac executed in 0.00s with 2 hits (interpreter.py:314)
2025-06-16 04:22:00,865 [INFO] legal_discovery - Query 2d5de87c-a36f-4cec-bea2-feaa82fce2ac executed in 0.00s with 2 hits (interpreter.py:314)
2025-06-16 04:22:00,865 [INFO] legal_discovery - Query 2d5de87c-a36f-4cec-bea2-feaa82fce2ac executed in 0.00s with 2 hits (interpreter.py:314)
2025-06-16 04:22:00,865 [INFO] legal_discovery - Query 2d5de87c-a36f-4cec-bea2-feaa82fce2ac executed in 0.00s with 2 hits (interpreter.py:314)
2025-06-16 04:22:00,865 [INFO] legal_discovery - Query 2d5de87c-a36f-4cec-bea2-feaa82fce2ac executed in 0.00s with 2 hits (interpreter.py:314)
2025-06-16 04:22:00,865 [INFO] legal_discovery - Query 2d5de87c-a36f-4cec-bea2-feaa82fce2ac executed in 0.00s with 2 hits (interpreter.py:314)
2025-06-16 04:22:00,865 [INFO] legal_discovery - Query 2d5de87c-a36f-4cec-bea2-feaa82fce2ac executed in 0.00s with 2 hits (interpreter.py:314)
2025-06-16 04:22:00,865 [INFO] legal_discovery - Query 2d5de87c-a36f-4cec-bea2-feaa82fce2ac executed in 0.00s with 2 hits (interpreter.py:314)
2025-06-16 04:22:00,865 [INFO] legal_discovery - Query 2d5de87c-a36f-4cec-bea2-feaa82fce2ac executed in 0.00s with 2 hits (interpreter.py:314)
2025-06-16 04:22:00,865 [INFO] legal_discovery - Query 2d5de87c-a36f-4cec-bea2-feaa82fce2ac executed in 0.00s with 2 hits (interpreter.py:314)
2025-06-16 04:22:00,865 [INFO] legal_discovery - Query 2d5de87c-a36f-4cec-bea2-feaa82fce2ac executed in 0.00s with 2 hits (interpreter.py:314)
2025-06-16 04:22:00,868 [INFO] legal_discovery - Executing legal query: 236fa1b2-0137-40eb-b762-a4e892d0f0c2 (interpreter.py:284)
2025-06-16 04:22:00,868 [INFO] legal_discovery - Executing legal query: 236fa1b2-0137-40eb-b762-a4e892d0f0c2 (interpreter.py:284)
2025-06-16 04:22:00,868 [INFO] legal_discovery - Executing legal query: 236fa1b2-0137-40eb-b762-a4e892d0f0c2 (interpreter.py:284)
2025-06-16 04:22:00,868 [INFO] legal_discovery - Executing legal query: 236fa1b2-0137-40eb-b762-a4e892d0f0c2 (interpreter.py:284)
2025-06-16 04:22:00,868 [INFO] legal_discovery - Executing legal query: 236fa1b2-0137-40eb-b762-a4e892d0f0c2 (interpreter.py:284)
2025-06-16 04:22:00,868 [INFO] legal_discovery - Executing legal query: 236fa1b2-0137-40eb-b762-a4e892d0f0c2 (interpreter.py:284)
2025-06-16 04:22:00,868 [INFO] legal_discovery - Executing legal query: 236fa1b2-0137-40eb-b762-a4e892d0f0c2 (interpreter.py:284)
2025-06-16 04:22:00,868 [INFO] legal_discovery - Executing legal query: 236fa1b2-0137-40eb-b762-a4e892d0f0c2 (interpreter.py:284)
2025-06-16 04:22:00,868 [INFO] legal_discovery - Executing legal query: 236fa1b2-0137-40eb-b762-a4e892d0f0c2 (interpreter.py:284)
2025-06-16 04:22:00,868 [INFO] legal_discovery - Executing legal query: 236fa1b2-0137-40eb-b762-a4e892d0f0c2 (interpreter.py:284)
2025-06-16 04:22:00,868 [INFO] legal_discovery - Executing legal query: 236fa1b2-0137-40eb-b762-a4e892d0f0c2 (interpreter.py:284)
2025-06-16 04:22:00,868 [INFO] legal_discovery - Executing legal query: 236fa1b2-0137-40eb-b762-a4e892d0f0c2 (interpreter.py:284)
2025-06-16 04:22:00,869 [INFO] legal_discovery - Query 236fa1b2-0137-40eb-b762-a4e892d0f0c2 executed in 0.00s with 2 hits (interpreter.py:314)
2025-06-16 04:22:00,869 [INFO] legal_discovery - Query 236fa1b2-0137-40eb-b762-a4e892d0f0c2 executed in 0.00s with 2 hits (interpreter.py:314)
2025-06-16 04:22:00,869 [INFO] legal_discovery - Query 236fa1b2-0137-40eb-b762-a4e892d0f0c2 executed in 0.00s with 2 hits (interpreter.py:314)
2025-06-16 04:22:00,869 [INFO] legal_discovery - Query 236fa1b2-0137-40eb-b762-a4e892d0f0c2 executed in 0.00s with 2 hits (interpreter.py:314)
2025-06-16 04:22:00,869 [INFO] legal_discovery - Query 236fa1b2-0137-40eb-b762-a4e892d0f0c2 executed in 0.00s with 2 hits (interpreter.py:314)
2025-06-16 04:22:00,869 [INFO] legal_discovery - Query 236fa1b2-0137-40eb-b762-a4e892d0f0c2 executed in 0.00s with 2 hits (interpreter.py:314)
2025-06-16 04:22:00,869 [INFO] legal_discovery - Query 236fa1b2-0137-40eb-b762-a4e892d0f0c2 executed in 0.00s with 2 hits (interpreter.py:314)
2025-06-16 04:22:00,869 [INFO] legal_discovery - Query 236fa1b2-0137-40eb-b762-a4e892d0f0c2 executed in 0.00s with 2 hits (interpreter.py:314)
2025-06-16 04:22:00,869 [INFO] legal_discovery - Query 236fa1b2-0137-40eb-b762-a4e892d0f0c2 executed in 0.00s with 2 hits (interpreter.py:314)
2025-06-16 04:22:00,869 [INFO] legal_discovery - Query 236fa1b2-0137-40eb-b762-a4e892d0f0c2 executed in 0.00s with 2 hits (interpreter.py:314)
2025-06-16 04:22:00,869 [INFO] legal_discovery - Query 236fa1b2-0137-40eb-b762-a4e892d0f0c2 executed in 0.00s with 2 hits (interpreter.py:314)
2025-06-16 04:22:00,869 [INFO] legal_discovery - Query 236fa1b2-0137-40eb-b762-a4e892d0f0c2 executed in 0.00s with 2 hits (interpreter.py:314)
2025-06-16 04:22:00,871 [INFO] legal_discovery - Parsing query: CONTAINS(content, 'agreement') (interpreter.py:154)
2025-06-16 04:22:00,871 [INFO] legal_discovery - Parsing query: CONTAINS(content, 'agreement') (interpreter.py:154)
2025-06-16 04:22:00,871 [INFO] legal_discovery - Parsing query: CONTAINS(content, 'agreement') (interpreter.py:154)
2025-06-16 04:22:00,871 [INFO] legal_discovery - Parsing query: CONTAINS(content, 'agreement') (interpreter.py:154)
2025-06-16 04:22:00,871 [INFO] legal_discovery - Parsing query: CONTAINS(content, 'agreement') (interpreter.py:154)
2025-06-16 04:22:00,871 [INFO] legal_discovery - Parsing query: CONTAINS(content, 'agreement') (interpreter.py:154)
2025-06-16 04:22:00,871 [INFO] legal_discovery - Parsing query: CONTAINS(content, 'agreement') (interpreter.py:154)
2025-06-16 04:22:00,871 [INFO] legal_discovery - Parsing query: CONTAINS(content, 'agreement') (interpreter.py:154)
2025-06-16 04:22:00,871 [INFO] legal_discovery - Parsing query: CONTAINS(content, 'agreement') (interpreter.py:154)
2025-06-16 04:22:00,871 [INFO] legal_discovery - Parsing query: CONTAINS(content, 'agreement') (interpreter.py:154)
2025-06-16 04:22:00,871 [INFO] legal_discovery - Parsing query: CONTAINS(content, 'agreement') (interpreter.py:154)
2025-06-16 04:22:00,871 [INFO] legal_discovery - Parsing query: CONTAINS(content, 'agreement') (interpreter.py:154)
2025-06-16 04:22:00,871 [INFO] legal_discovery - Parsing query: CONTAINS(content, 'agreement') (interpreter.py:154)
2025-06-16 04:22:00,872 [INFO] legal_discovery - Executing legal query: b6f0bf3b-018f-4092-a0b7-879cbc46a365 (interpreter.py:284)
2025-06-16 04:22:00,872 [INFO] legal_discovery - Executing legal query: b6f0bf3b-018f-4092-a0b7-879cbc46a365 (interpreter.py:284)
2025-06-16 04:22:00,872 [INFO] legal_discovery - Executing legal query: b6f0bf3b-018f-4092-a0b7-879cbc46a365 (interpreter.py:284)
2025-06-16 04:22:00,872 [INFO] legal_discovery - Executing legal query: b6f0bf3b-018f-4092-a0b7-879cbc46a365 (interpreter.py:284)
2025-06-16 04:22:00,872 [INFO] legal_discovery - Executing legal query: b6f0bf3b-018f-4092-a0b7-879cbc46a365 (interpreter.py:284)
2025-06-16 04:22:00,872 [INFO] legal_discovery - Executing legal query: b6f0bf3b-018f-4092-a0b7-879cbc46a365 (interpreter.py:284)
2025-06-16 04:22:00,872 [INFO] legal_discovery - Executing legal query: b6f0bf3b-018f-4092-a0b7-879cbc46a365 (interpreter.py:284)
2025-06-16 04:22:00,872 [INFO] legal_discovery - Executing legal query: b6f0bf3b-018f-4092-a0b7-879cbc46a365 (interpreter.py:284)
2025-06-16 04:22:00,872 [INFO] legal_discovery - Executing legal query: b6f0bf3b-018f-4092-a0b7-879cbc46a365 (interpreter.py:284)
2025-06-16 04:22:00,872 [INFO] legal_discovery - Executing legal query: b6f0bf3b-018f-4092-a0b7-879cbc46a365 (interpreter.py:284)
2025-06-16 04:22:00,872 [INFO] legal_discovery - Executing legal query: b6f0bf3b-018f-4092-a0b7-879cbc46a365 (interpreter.py:284)
2025-06-16 04:22:00,872 [INFO] legal_discovery - Executing legal query: b6f0bf3b-018f-4092-a0b7-879cbc46a365 (interpreter.py:284)
2025-06-16 04:22:00,872 [INFO] legal_discovery - Executing legal query: b6f0bf3b-018f-4092-a0b7-879cbc46a365 (interpreter.py:284)
2025-06-16 04:22:00,872 [INFO] legal_discovery - Query b6f0bf3b-018f-4092-a0b7-879cbc46a365 executed in 0.00s with 1 hits (interpreter.py:314)
2025-06-16 04:22:00,872 [INFO] legal_discovery - Query b6f0bf3b-018f-4092-a0b7-879cbc46a365 executed in 0.00s with 1 hits (interpreter.py:314)
2025-06-16 04:22:00,872 [INFO] legal_discovery - Query b6f0bf3b-018f-4092-a0b7-879cbc46a365 executed in 0.00s with 1 hits (interpreter.py:314)
2025-06-16 04:22:00,872 [INFO] legal_discovery - Query b6f0bf3b-018f-4092-a0b7-879cbc46a365 executed in 0.00s with 1 hits (interpreter.py:314)
2025-06-16 04:22:00,872 [INFO] legal_discovery - Query b6f0bf3b-018f-4092-a0b7-879cbc46a365 executed in 0.00s with 1 hits (interpreter.py:314)
2025-06-16 04:22:00,872 [INFO] legal_discovery - Query b6f0bf3b-018f-4092-a0b7-879cbc46a365 executed in 0.00s with 1 hits (interpreter.py:314)
2025-06-16 04:22:00,872 [INFO] legal_discovery - Query b6f0bf3b-018f-4092-a0b7-879cbc46a365 executed in 0.00s with 1 hits (interpreter.py:314)
2025-06-16 04:22:00,872 [INFO] legal_discovery - Query b6f0bf3b-018f-4092-a0b7-879cbc46a365 executed in 0.00s with 1 hits (interpreter.py:314)
2025-06-16 04:22:00,872 [INFO] legal_discovery - Query b6f0bf3b-018f-4092-a0b7-879cbc46a365 executed in 0.00s with 1 hits (interpreter.py:314)
2025-06-16 04:22:00,872 [INFO] legal_discovery - Query b6f0bf3b-018f-4092-a0b7-879cbc46a365 executed in 0.00s with 1 hits (interpreter.py:314)
2025-06-16 04:22:00,872 [INFO] legal_discovery - Query b6f0bf3b-018f-4092-a0b7-879cbc46a365 executed in 0.00s with 1 hits (interpreter.py:314)
2025-06-16 04:22:00,872 [INFO] legal_discovery - Query b6f0bf3b-018f-4092-a0b7-879cbc46a365 executed in 0.00s with 1 hits (interpreter.py:314)
2025-06-16 04:22:00,872 [INFO] legal_discovery - Query b6f0bf3b-018f-4092-a0b7-879cbc46a365 executed in 0.00s with 1 hits (interpreter.py:314)
2025-06-16 04:22:00,872 [INFO] legal_discovery - Parsing query: NEAR('statute', 'limitations', 2, 'WORDS') (interpreter.py:154)
2025-06-16 04:22:00,872 [INFO] legal_discovery - Parsing query: NEAR('statute', 'limitations', 2, 'WORDS') (interpreter.py:154)
2025-06-16 04:22:00,872 [INFO] legal_discovery - Parsing query: NEAR('statute', 'limitations', 2, 'WORDS') (interpreter.py:154)
2025-06-16 04:22:00,872 [INFO] legal_discovery - Parsing query: NEAR('statute', 'limitations', 2, 'WORDS') (interpreter.py:154)
2025-06-16 04:22:00,872 [INFO] legal_discovery - Parsing query: NEAR('statute', 'limitations', 2, 'WORDS') (interpreter.py:154)
2025-06-16 04:22:00,872 [INFO] legal_discovery - Parsing query: NEAR('statute', 'limitations', 2, 'WORDS') (interpreter.py:154)
2025-06-16 04:22:00,872 [INFO] legal_discovery - Parsing query: NEAR('statute', 'limitations', 2, 'WORDS') (interpreter.py:154)
2025-06-16 04:22:00,872 [INFO] legal_discovery - Parsing query: NEAR('statute', 'limitations', 2, 'WORDS') (interpreter.py:154)
2025-06-16 04:22:00,872 [INFO] legal_discovery - Parsing query: NEAR('statute', 'limitations', 2, 'WORDS') (interpreter.py:154)
2025-06-16 04:22:00,872 [INFO] legal_discovery - Parsing query: NEAR('statute', 'limitations', 2, 'WORDS') (interpreter.py:154)
2025-06-16 04:22:00,872 [INFO] legal_discovery - Parsing query: NEAR('statute', 'limitations', 2, 'WORDS') (interpreter.py:154)
2025-06-16 04:22:00,872 [INFO] legal_discovery - Parsing query: NEAR('statute', 'limitations', 2, 'WORDS') (interpreter.py:154)
2025-06-16 04:22:00,872 [INFO] legal_discovery - Parsing query: NEAR('statute', 'limitations', 2, 'WORDS') (interpreter.py:154)
2025-06-16 04:22:00,872 [INFO] legal_discovery - Executing legal query: 1c7cdeb6-f24c-4181-b55b-494d41a37be9 (interpreter.py:284)
2025-06-16 04:22:00,872 [INFO] legal_discovery - Executing legal query: 1c7cdeb6-f24c-4181-b55b-494d41a37be9 (interpreter.py:284)
2025-06-16 04:22:00,872 [INFO] legal_discovery - Executing legal query: 1c7cdeb6-f24c-4181-b55b-494d41a37be9 (interpreter.py:284)
2025-06-16 04:22:00,872 [INFO] legal_discovery - Executing legal query: 1c7cdeb6-f24c-4181-b55b-494d41a37be9 (interpreter.py:284)
2025-06-16 04:22:00,872 [INFO] legal_discovery - Executing legal query: 1c7cdeb6-f24c-4181-b55b-494d41a37be9 (interpreter.py:284)
2025-06-16 04:22:00,872 [INFO] legal_discovery - Executing legal query: 1c7cdeb6-f24c-4181-b55b-494d41a37be9 (interpreter.py:284)
2025-06-16 04:22:00,872 [INFO] legal_discovery - Executing legal query: 1c7cdeb6-f24c-4181-b55b-494d41a37be9 (interpreter.py:284)
2025-06-16 04:22:00,872 [INFO] legal_discovery - Executing legal query: 1c7cdeb6-f24c-4181-b55b-494d41a37be9 (interpreter.py:284)
2025-06-16 04:22:00,872 [INFO] legal_discovery - Executing legal query: 1c7cdeb6-f24c-4181-b55b-494d41a37be9 (interpreter.py:284)
2025-06-16 04:22:00,872 [INFO] legal_discovery - Executing legal query: 1c7cdeb6-f24c-4181-b55b-494d41a37be9 (interpreter.py:284)
2025-06-16 04:22:00,872 [INFO] legal_discovery - Executing legal query: 1c7cdeb6-f24c-4181-b55b-494d41a37be9 (interpreter.py:284)
2025-06-16 04:22:00,872 [INFO] legal_discovery - Executing legal query: 1c7cdeb6-f24c-4181-b55b-494d41a37be9 (interpreter.py:284)
2025-06-16 04:22:00,872 [INFO] legal_discovery - Executing legal query: 1c7cdeb6-f24c-4181-b55b-494d41a37be9 (interpreter.py:284)
2025-06-16 04:22:00,875 [INFO] legal_discovery - Query 1c7cdeb6-f24c-4181-b55b-494d41a37be9 executed in 0.00s with 1 hits (interpreter.py:314)
2025-06-16 04:22:00,875 [INFO] legal_discovery - Query 1c7cdeb6-f24c-4181-b55b-494d41a37be9 executed in 0.00s with 1 hits (interpreter.py:314)
2025-06-16 04:22:00,875 [INFO] legal_discovery - Query 1c7cdeb6-f24c-4181-b55b-494d41a37be9 executed in 0.00s with 1 hits (interpreter.py:314)
2025-06-16 04:22:00,875 [INFO] legal_discovery - Query 1c7cdeb6-f24c-4181-b55b-494d41a37be9 executed in 0.00s with 1 hits (interpreter.py:314)
2025-06-16 04:22:00,875 [INFO] legal_discovery - Query 1c7cdeb6-f24c-4181-b55b-494d41a37be9 executed in 0.00s with 1 hits (interpreter.py:314)
2025-06-16 04:22:00,875 [INFO] legal_discovery - Query 1c7cdeb6-f24c-4181-b55b-494d41a37be9 executed in 0.00s with 1 hits (interpreter.py:314)
2025-06-16 04:22:00,875 [INFO] legal_discovery - Query 1c7cdeb6-f24c-4181-b55b-494d41a37be9 executed in 0.00s with 1 hits (interpreter.py:314)
2025-06-16 04:22:00,875 [INFO] legal_discovery - Query 1c7cdeb6-f24c-4181-b55b-494d41a37be9 executed in 0.00s with 1 hits (interpreter.py:314)
2025-06-16 04:22:00,875 [INFO] legal_discovery - Query 1c7cdeb6-f24c-4181-b55b-494d41a37be9 executed in 0.00s with 1 hits (interpreter.py:314)
2025-06-16 04:22:00,875 [INFO] legal_discovery - Query 1c7cdeb6-f24c-4181-b55b-494d41a37be9 executed in 0.00s with 1 hits (interpreter.py:314)
2025-06-16 04:22:00,875 [INFO] legal_discovery - Query 1c7cdeb6-f24c-4181-b55b-494d41a37be9 executed in 0.00s with 1 hits (interpreter.py:314)
2025-06-16 04:22:00,875 [INFO] legal_discovery - Query 1c7cdeb6-f24c-4181-b55b-494d41a37be9 executed in 0.00s with 1 hits (interpreter.py:314)
2025-06-16 04:22:00,875 [INFO] legal_discovery - Query 1c7cdeb6-f24c-4181-b55b-494d41a37be9 executed in 0.00s with 1 hits (interpreter.py:314)
