2025-06-16 04:15:27,113 [INFO] legal_discovery - Parsing query: CONTAINS(content, 'agreement', 'liability') (interpreter.py:154)
2025-06-16 04:15:27,113 [INFO] legal_discovery - Parsing query: CONTAINS(content, 'agreement', 'liability') (interpreter.py:154)
2025-06-16 04:15:27,113 [INFO] legal_discovery - Parsing query: NEAR('statute', 'limitations', 10, 'WORDS') (interpreter.py:154)
2025-06-16 04:15:27,113 [INFO] legal_discovery - Parsing query: NEAR('statute', 'limitations', 10, 'WORDS') (interpreter.py:154)
2025-06-16 04:15:27,113 [INFO] legal_discovery - Parsing query: legal memorandum (interpreter.py:154)
2025-06-16 04:15:27,113 [INFO] legal_discovery - Parsing query: legal memorandum (interpreter.py:154)
2025-06-16 04:15:27,115 [INFO] legal_discovery - Executing legal query: 6bdd6187-1deb-4008-839d-cdf4e814e50b (interpreter.py:284)
2025-06-16 04:15:27,115 [INFO] legal_discovery - Executing legal query: 6bdd6187-1deb-4008-839d-cdf4e814e50b (interpreter.py:284)
2025-06-16 04:15:27,115 [INFO] legal_discovery - Executing legal query: 6bdd6187-1deb-4008-839d-cdf4e814e50b (interpreter.py:284)
2025-06-16 04:15:27,115 [INFO] legal_discovery - Query 6bdd6187-1deb-4008-839d-cdf4e814e50b executed in 0.00s with 1 hits (interpreter.py:314)
2025-06-16 04:15:27,115 [INFO] legal_discovery - Query 6bdd6187-1deb-4008-839d-cdf4e814e50b executed in 0.00s with 1 hits (interpreter.py:314)
2025-06-16 04:15:27,115 [INFO] legal_discovery - Query 6bdd6187-1deb-4008-839d-cdf4e814e50b executed in 0.00s with 1 hits (interpreter.py:314)
2025-06-16 04:15:27,116 [INFO] legal_discovery - Executing legal query: c56cac69-afa7-49a2-9555-e33c5f09aa3e (interpreter.py:284)
2025-06-16 04:15:27,116 [INFO] legal_discovery - Executing legal query: c56cac69-afa7-49a2-9555-e33c5f09aa3e (interpreter.py:284)
2025-06-16 04:15:27,116 [INFO] legal_discovery - Executing legal query: c56cac69-afa7-49a2-9555-e33c5f09aa3e (interpreter.py:284)
2025-06-16 04:15:27,116 [INFO] legal_discovery - Executing legal query: c56cac69-afa7-49a2-9555-e33c5f09aa3e (interpreter.py:284)
2025-06-16 04:15:27,116 [INFO] legal_discovery - Query c56cac69-afa7-49a2-9555-e33c5f09aa3e executed in 0.00s with 1 hits (interpreter.py:314)
2025-06-16 04:15:27,116 [INFO] legal_discovery - Query c56cac69-afa7-49a2-9555-e33c5f09aa3e executed in 0.00s with 1 hits (interpreter.py:314)
2025-06-16 04:15:27,116 [INFO] legal_discovery - Query c56cac69-afa7-49a2-9555-e33c5f09aa3e executed in 0.00s with 1 hits (interpreter.py:314)
2025-06-16 04:15:27,116 [INFO] legal_discovery - Query c56cac69-afa7-49a2-9555-e33c5f09aa3e executed in 0.00s with 1 hits (interpreter.py:314)
2025-06-16 04:15:27,118 [INFO] legal_discovery - Executing legal query: 9094a3a0-96df-4127-ad14-b09506329901 (interpreter.py:284)
2025-06-16 04:15:27,118 [INFO] legal_discovery - Executing legal query: 9094a3a0-96df-4127-ad14-b09506329901 (interpreter.py:284)
2025-06-16 04:15:27,118 [INFO] legal_discovery - Executing legal query: 9094a3a0-96df-4127-ad14-b09506329901 (interpreter.py:284)
2025-06-16 04:15:27,118 [INFO] legal_discovery - Executing legal query: 9094a3a0-96df-4127-ad14-b09506329901 (interpreter.py:284)
2025-06-16 04:15:27,118 [INFO] legal_discovery - Executing legal query: 9094a3a0-96df-4127-ad14-b09506329901 (interpreter.py:284)
2025-06-16 04:15:27,118 [INFO] legal_discovery - Query 9094a3a0-96df-4127-ad14-b09506329901 executed in 0.00s with 1 hits (interpreter.py:314)
2025-06-16 04:15:27,118 [INFO] legal_discovery - Query 9094a3a0-96df-4127-ad14-b09506329901 executed in 0.00s with 1 hits (interpreter.py:314)
2025-06-16 04:15:27,118 [INFO] legal_discovery - Query 9094a3a0-96df-4127-ad14-b09506329901 executed in 0.00s with 1 hits (interpreter.py:314)
2025-06-16 04:15:27,118 [INFO] legal_discovery - Query 9094a3a0-96df-4127-ad14-b09506329901 executed in 0.00s with 1 hits (interpreter.py:314)
2025-06-16 04:15:27,118 [INFO] legal_discovery - Query 9094a3a0-96df-4127-ad14-b09506329901 executed in 0.00s with 1 hits (interpreter.py:314)
2025-06-16 04:15:27,120 [INFO] legal_discovery - Parsing query: CONTAINS(content, 'agreement') (interpreter.py:154)
2025-06-16 04:15:27,120 [INFO] legal_discovery - Parsing query: CONTAINS(content, 'agreement') (interpreter.py:154)
2025-06-16 04:15:27,120 [INFO] legal_discovery - Parsing query: CONTAINS(content, 'agreement') (interpreter.py:154)
2025-06-16 04:15:27,120 [INFO] legal_discovery - Parsing query: CONTAINS(content, 'agreement') (interpreter.py:154)
2025-06-16 04:15:27,120 [INFO] legal_discovery - Parsing query: CONTAINS(content, 'agreement') (interpreter.py:154)
2025-06-16 04:15:27,120 [INFO] legal_discovery - Parsing query: CONTAINS(content, 'agreement') (interpreter.py:154)
2025-06-16 04:15:27,120 [INFO] legal_discovery - Executing legal query: edb82c00-7b3b-4c6a-bdcc-46555cc334b1 (interpreter.py:284)
2025-06-16 04:15:27,120 [INFO] legal_discovery - Executing legal query: edb82c00-7b3b-4c6a-bdcc-46555cc334b1 (interpreter.py:284)
2025-06-16 04:15:27,120 [INFO] legal_discovery - Executing legal query: edb82c00-7b3b-4c6a-bdcc-46555cc334b1 (interpreter.py:284)
2025-06-16 04:15:27,120 [INFO] legal_discovery - Executing legal query: edb82c00-7b3b-4c6a-bdcc-46555cc334b1 (interpreter.py:284)
2025-06-16 04:15:27,120 [INFO] legal_discovery - Executing legal query: edb82c00-7b3b-4c6a-bdcc-46555cc334b1 (interpreter.py:284)
2025-06-16 04:15:27,120 [INFO] legal_discovery - Executing legal query: edb82c00-7b3b-4c6a-bdcc-46555cc334b1 (interpreter.py:284)
2025-06-16 04:15:27,120 [INFO] legal_discovery - Query edb82c00-7b3b-4c6a-bdcc-46555cc334b1 executed in 0.00s with 1 hits (interpreter.py:314)
2025-06-16 04:15:27,120 [INFO] legal_discovery - Query edb82c00-7b3b-4c6a-bdcc-46555cc334b1 executed in 0.00s with 1 hits (interpreter.py:314)
2025-06-16 04:15:27,120 [INFO] legal_discovery - Query edb82c00-7b3b-4c6a-bdcc-46555cc334b1 executed in 0.00s with 1 hits (interpreter.py:314)
2025-06-16 04:15:27,120 [INFO] legal_discovery - Query edb82c00-7b3b-4c6a-bdcc-46555cc334b1 executed in 0.00s with 1 hits (interpreter.py:314)
2025-06-16 04:15:27,120 [INFO] legal_discovery - Query edb82c00-7b3b-4c6a-bdcc-46555cc334b1 executed in 0.00s with 1 hits (interpreter.py:314)
2025-06-16 04:15:27,120 [INFO] legal_discovery - Query edb82c00-7b3b-4c6a-bdcc-46555cc334b1 executed in 0.00s with 1 hits (interpreter.py:314)
2025-06-16 04:15:27,193 [INFO] legal_discovery - Executing legal query: 3892b616-cc8d-460a-9750-082cee0e15a5 (interpreter.py:284)
2025-06-16 04:15:27,193 [INFO] legal_discovery - Executing legal query: 3892b616-cc8d-460a-9750-082cee0e15a5 (interpreter.py:284)
2025-06-16 04:15:27,193 [INFO] legal_discovery - Executing legal query: 3892b616-cc8d-460a-9750-082cee0e15a5 (interpreter.py:284)
2025-06-16 04:15:27,193 [INFO] legal_discovery - Executing legal query: 3892b616-cc8d-460a-9750-082cee0e15a5 (interpreter.py:284)
2025-06-16 04:15:27,193 [INFO] legal_discovery - Executing legal query: 3892b616-cc8d-460a-9750-082cee0e15a5 (interpreter.py:284)
2025-06-16 04:15:27,193 [INFO] legal_discovery - Executing legal query: 3892b616-cc8d-460a-9750-082cee0e15a5 (interpreter.py:284)
2025-06-16 04:15:27,193 [INFO] legal_discovery - Executing legal query: 3892b616-cc8d-460a-9750-082cee0e15a5 (interpreter.py:284)
2025-06-16 04:15:27,194 [INFO] legal_discovery - Query 3892b616-cc8d-460a-9750-082cee0e15a5 executed in 0.00s with 1 hits (interpreter.py:314)
2025-06-16 04:15:27,194 [INFO] legal_discovery - Query 3892b616-cc8d-460a-9750-082cee0e15a5 executed in 0.00s with 1 hits (interpreter.py:314)
2025-06-16 04:15:27,194 [INFO] legal_discovery - Query 3892b616-cc8d-460a-9750-082cee0e15a5 executed in 0.00s with 1 hits (interpreter.py:314)
2025-06-16 04:15:27,194 [INFO] legal_discovery - Query 3892b616-cc8d-460a-9750-082cee0e15a5 executed in 0.00s with 1 hits (interpreter.py:314)
2025-06-16 04:15:27,194 [INFO] legal_discovery - Query 3892b616-cc8d-460a-9750-082cee0e15a5 executed in 0.00s with 1 hits (interpreter.py:314)
2025-06-16 04:15:27,194 [INFO] legal_discovery - Query 3892b616-cc8d-460a-9750-082cee0e15a5 executed in 0.00s with 1 hits (interpreter.py:314)
2025-06-16 04:15:27,194 [INFO] legal_discovery - Query 3892b616-cc8d-460a-9750-082cee0e15a5 executed in 0.00s with 1 hits (interpreter.py:314)
2025-06-16 04:15:27,194 [INFO] legal_discovery - Executing legal query: fc349b79-1b0b-41c3-a32e-d8f4862ae37d (interpreter.py:284)
2025-06-16 04:15:27,194 [INFO] legal_discovery - Executing legal query: fc349b79-1b0b-41c3-a32e-d8f4862ae37d (interpreter.py:284)
2025-06-16 04:15:27,194 [INFO] legal_discovery - Executing legal query: fc349b79-1b0b-41c3-a32e-d8f4862ae37d (interpreter.py:284)
2025-06-16 04:15:27,194 [INFO] legal_discovery - Executing legal query: fc349b79-1b0b-41c3-a32e-d8f4862ae37d (interpreter.py:284)
2025-06-16 04:15:27,194 [INFO] legal_discovery - Executing legal query: fc349b79-1b0b-41c3-a32e-d8f4862ae37d (interpreter.py:284)
2025-06-16 04:15:27,194 [INFO] legal_discovery - Executing legal query: fc349b79-1b0b-41c3-a32e-d8f4862ae37d (interpreter.py:284)
2025-06-16 04:15:27,194 [INFO] legal_discovery - Executing legal query: fc349b79-1b0b-41c3-a32e-d8f4862ae37d (interpreter.py:284)
2025-06-16 04:15:27,194 [INFO] legal_discovery - Query fc349b79-1b0b-41c3-a32e-d8f4862ae37d executed in 0.00s with 5 hits (interpreter.py:314)
2025-06-16 04:15:27,194 [INFO] legal_discovery - Query fc349b79-1b0b-41c3-a32e-d8f4862ae37d executed in 0.00s with 5 hits (interpreter.py:314)
2025-06-16 04:15:27,194 [INFO] legal_discovery - Query fc349b79-1b0b-41c3-a32e-d8f4862ae37d executed in 0.00s with 5 hits (interpreter.py:314)
2025-06-16 04:15:27,194 [INFO] legal_discovery - Query fc349b79-1b0b-41c3-a32e-d8f4862ae37d executed in 0.00s with 5 hits (interpreter.py:314)
2025-06-16 04:15:27,194 [INFO] legal_discovery - Query fc349b79-1b0b-41c3-a32e-d8f4862ae37d executed in 0.00s with 5 hits (interpreter.py:314)
2025-06-16 04:15:27,194 [INFO] legal_discovery - Query fc349b79-1b0b-41c3-a32e-d8f4862ae37d executed in 0.00s with 5 hits (interpreter.py:314)
2025-06-16 04:15:27,194 [INFO] legal_discovery - Query fc349b79-1b0b-41c3-a32e-d8f4862ae37d executed in 0.00s with 5 hits (interpreter.py:314)
2025-06-16 04:15:27,194 [INFO] legal_discovery - Executing legal query: fc349b79-1b0b-41c3-a32e-d8f4862ae37d (interpreter.py:284)
2025-06-16 04:15:27,194 [INFO] legal_discovery - Executing legal query: fc349b79-1b0b-41c3-a32e-d8f4862ae37d (interpreter.py:284)
2025-06-16 04:15:27,194 [INFO] legal_discovery - Executing legal query: fc349b79-1b0b-41c3-a32e-d8f4862ae37d (interpreter.py:284)
2025-06-16 04:15:27,194 [INFO] legal_discovery - Executing legal query: fc349b79-1b0b-41c3-a32e-d8f4862ae37d (interpreter.py:284)
2025-06-16 04:15:27,194 [INFO] legal_discovery - Executing legal query: fc349b79-1b0b-41c3-a32e-d8f4862ae37d (interpreter.py:284)
2025-06-16 04:15:27,194 [INFO] legal_discovery - Executing legal query: fc349b79-1b0b-41c3-a32e-d8f4862ae37d (interpreter.py:284)
2025-06-16 04:15:27,194 [INFO] legal_discovery - Executing legal query: fc349b79-1b0b-41c3-a32e-d8f4862ae37d (interpreter.py:284)
2025-06-16 04:15:27,194 [INFO] legal_discovery - Query fc349b79-1b0b-41c3-a32e-d8f4862ae37d executed in 0.00s with 5 hits (interpreter.py:314)
2025-06-16 04:15:27,194 [INFO] legal_discovery - Query fc349b79-1b0b-41c3-a32e-d8f4862ae37d executed in 0.00s with 5 hits (interpreter.py:314)
2025-06-16 04:15:27,194 [INFO] legal_discovery - Query fc349b79-1b0b-41c3-a32e-d8f4862ae37d executed in 0.00s with 5 hits (interpreter.py:314)
2025-06-16 04:15:27,194 [INFO] legal_discovery - Query fc349b79-1b0b-41c3-a32e-d8f4862ae37d executed in 0.00s with 5 hits (interpreter.py:314)
2025-06-16 04:15:27,194 [INFO] legal_discovery - Query fc349b79-1b0b-41c3-a32e-d8f4862ae37d executed in 0.00s with 5 hits (interpreter.py:314)
2025-06-16 04:15:27,194 [INFO] legal_discovery - Query fc349b79-1b0b-41c3-a32e-d8f4862ae37d executed in 0.00s with 5 hits (interpreter.py:314)
2025-06-16 04:15:27,194 [INFO] legal_discovery - Query fc349b79-1b0b-41c3-a32e-d8f4862ae37d executed in 0.00s with 5 hits (interpreter.py:314)
2025-06-16 04:15:27,197 [INFO] legal_discovery - Executing legal query: b5817357-ffb3-40a3-be05-888b99c21cbf (interpreter.py:284)
2025-06-16 04:15:27,197 [INFO] legal_discovery - Executing legal query: b5817357-ffb3-40a3-be05-888b99c21cbf (interpreter.py:284)
2025-06-16 04:15:27,197 [INFO] legal_discovery - Executing legal query: b5817357-ffb3-40a3-be05-888b99c21cbf (interpreter.py:284)
2025-06-16 04:15:27,197 [INFO] legal_discovery - Executing legal query: b5817357-ffb3-40a3-be05-888b99c21cbf (interpreter.py:284)
2025-06-16 04:15:27,197 [INFO] legal_discovery - Executing legal query: b5817357-ffb3-40a3-be05-888b99c21cbf (interpreter.py:284)
2025-06-16 04:15:27,197 [INFO] legal_discovery - Executing legal query: b5817357-ffb3-40a3-be05-888b99c21cbf (interpreter.py:284)
2025-06-16 04:15:27,197 [INFO] legal_discovery - Executing legal query: b5817357-ffb3-40a3-be05-888b99c21cbf (interpreter.py:284)
2025-06-16 04:15:27,197 [INFO] legal_discovery - Executing legal query: b5817357-ffb3-40a3-be05-888b99c21cbf (interpreter.py:284)
2025-06-16 04:15:27,199 [INFO] legal_discovery - Query b5817357-ffb3-40a3-be05-888b99c21cbf executed in 0.00s with 1 hits (interpreter.py:314)
2025-06-16 04:15:27,199 [INFO] legal_discovery - Query b5817357-ffb3-40a3-be05-888b99c21cbf executed in 0.00s with 1 hits (interpreter.py:314)
2025-06-16 04:15:27,199 [INFO] legal_discovery - Query b5817357-ffb3-40a3-be05-888b99c21cbf executed in 0.00s with 1 hits (interpreter.py:314)
2025-06-16 04:15:27,199 [INFO] legal_discovery - Query b5817357-ffb3-40a3-be05-888b99c21cbf executed in 0.00s with 1 hits (interpreter.py:314)
2025-06-16 04:15:27,199 [INFO] legal_discovery - Query b5817357-ffb3-40a3-be05-888b99c21cbf executed in 0.00s with 1 hits (interpreter.py:314)
2025-06-16 04:15:27,199 [INFO] legal_discovery - Query b5817357-ffb3-40a3-be05-888b99c21cbf executed in 0.00s with 1 hits (interpreter.py:314)
2025-06-16 04:15:27,199 [INFO] legal_discovery - Query b5817357-ffb3-40a3-be05-888b99c21cbf executed in 0.00s with 1 hits (interpreter.py:314)
2025-06-16 04:15:27,199 [INFO] legal_discovery - Query b5817357-ffb3-40a3-be05-888b99c21cbf executed in 0.00s with 1 hits (interpreter.py:314)
2025-06-16 04:15:27,202 [INFO] legal_discovery - Executing legal query: 28b1ea62-b00a-403d-a959-3147d57030bf (interpreter.py:284)
2025-06-16 04:15:27,202 [INFO] legal_discovery - Executing legal query: 28b1ea62-b00a-403d-a959-3147d57030bf (interpreter.py:284)
2025-06-16 04:15:27,202 [INFO] legal_discovery - Executing legal query: 28b1ea62-b00a-403d-a959-3147d57030bf (interpreter.py:284)
2025-06-16 04:15:27,202 [INFO] legal_discovery - Executing legal query: 28b1ea62-b00a-403d-a959-3147d57030bf (interpreter.py:284)
2025-06-16 04:15:27,202 [INFO] legal_discovery - Executing legal query: 28b1ea62-b00a-403d-a959-3147d57030bf (interpreter.py:284)
2025-06-16 04:15:27,202 [INFO] legal_discovery - Executing legal query: 28b1ea62-b00a-403d-a959-3147d57030bf (interpreter.py:284)
2025-06-16 04:15:27,202 [INFO] legal_discovery - Executing legal query: 28b1ea62-b00a-403d-a959-3147d57030bf (interpreter.py:284)
2025-06-16 04:15:27,202 [INFO] legal_discovery - Executing legal query: 28b1ea62-b00a-403d-a959-3147d57030bf (interpreter.py:284)
2025-06-16 04:15:27,202 [INFO] legal_discovery - Executing legal query: 28b1ea62-b00a-403d-a959-3147d57030bf (interpreter.py:284)
2025-06-16 04:15:27,202 [INFO] legal_discovery - Query 28b1ea62-b00a-403d-a959-3147d57030bf executed in 0.00s with 1 hits (interpreter.py:314)
2025-06-16 04:15:27,202 [INFO] legal_discovery - Query 28b1ea62-b00a-403d-a959-3147d57030bf executed in 0.00s with 1 hits (interpreter.py:314)
2025-06-16 04:15:27,202 [INFO] legal_discovery - Query 28b1ea62-b00a-403d-a959-3147d57030bf executed in 0.00s with 1 hits (interpreter.py:314)
2025-06-16 04:15:27,202 [INFO] legal_discovery - Query 28b1ea62-b00a-403d-a959-3147d57030bf executed in 0.00s with 1 hits (interpreter.py:314)
2025-06-16 04:15:27,202 [INFO] legal_discovery - Query 28b1ea62-b00a-403d-a959-3147d57030bf executed in 0.00s with 1 hits (interpreter.py:314)
2025-06-16 04:15:27,202 [INFO] legal_discovery - Query 28b1ea62-b00a-403d-a959-3147d57030bf executed in 0.00s with 1 hits (interpreter.py:314)
2025-06-16 04:15:27,202 [INFO] legal_discovery - Query 28b1ea62-b00a-403d-a959-3147d57030bf executed in 0.00s with 1 hits (interpreter.py:314)
2025-06-16 04:15:27,202 [INFO] legal_discovery - Query 28b1ea62-b00a-403d-a959-3147d57030bf executed in 0.00s with 1 hits (interpreter.py:314)
2025-06-16 04:15:27,202 [INFO] legal_discovery - Query 28b1ea62-b00a-403d-a959-3147d57030bf executed in 0.00s with 1 hits (interpreter.py:314)
2025-06-16 04:15:27,205 [INFO] legal_discovery - Executing legal query: a6adb97e-7e4b-4764-866a-28b11564d4b9 (interpreter.py:284)
2025-06-16 04:15:27,205 [INFO] legal_discovery - Executing legal query: a6adb97e-7e4b-4764-866a-28b11564d4b9 (interpreter.py:284)
2025-06-16 04:15:27,205 [INFO] legal_discovery - Executing legal query: a6adb97e-7e4b-4764-866a-28b11564d4b9 (interpreter.py:284)
2025-06-16 04:15:27,205 [INFO] legal_discovery - Executing legal query: a6adb97e-7e4b-4764-866a-28b11564d4b9 (interpreter.py:284)
2025-06-16 04:15:27,205 [INFO] legal_discovery - Executing legal query: a6adb97e-7e4b-4764-866a-28b11564d4b9 (interpreter.py:284)
2025-06-16 04:15:27,205 [INFO] legal_discovery - Executing legal query: a6adb97e-7e4b-4764-866a-28b11564d4b9 (interpreter.py:284)
2025-06-16 04:15:27,205 [INFO] legal_discovery - Executing legal query: a6adb97e-7e4b-4764-866a-28b11564d4b9 (interpreter.py:284)
2025-06-16 04:15:27,205 [INFO] legal_discovery - Executing legal query: a6adb97e-7e4b-4764-866a-28b11564d4b9 (interpreter.py:284)
2025-06-16 04:15:27,205 [INFO] legal_discovery - Executing legal query: a6adb97e-7e4b-4764-866a-28b11564d4b9 (interpreter.py:284)
2025-06-16 04:15:27,205 [INFO] legal_discovery - Executing legal query: a6adb97e-7e4b-4764-866a-28b11564d4b9 (interpreter.py:284)
2025-06-16 04:15:27,205 [INFO] legal_discovery - Query a6adb97e-7e4b-4764-866a-28b11564d4b9 executed in 0.00s with 3 hits (interpreter.py:314)
2025-06-16 04:15:27,205 [INFO] legal_discovery - Query a6adb97e-7e4b-4764-866a-28b11564d4b9 executed in 0.00s with 3 hits (interpreter.py:314)
2025-06-16 04:15:27,205 [INFO] legal_discovery - Query a6adb97e-7e4b-4764-866a-28b11564d4b9 executed in 0.00s with 3 hits (interpreter.py:314)
2025-06-16 04:15:27,205 [INFO] legal_discovery - Query a6adb97e-7e4b-4764-866a-28b11564d4b9 executed in 0.00s with 3 hits (interpreter.py:314)
2025-06-16 04:15:27,205 [INFO] legal_discovery - Query a6adb97e-7e4b-4764-866a-28b11564d4b9 executed in 0.00s with 3 hits (interpreter.py:314)
2025-06-16 04:15:27,205 [INFO] legal_discovery - Query a6adb97e-7e4b-4764-866a-28b11564d4b9 executed in 0.00s with 3 hits (interpreter.py:314)
2025-06-16 04:15:27,205 [INFO] legal_discovery - Query a6adb97e-7e4b-4764-866a-28b11564d4b9 executed in 0.00s with 3 hits (interpreter.py:314)
2025-06-16 04:15:27,205 [INFO] legal_discovery - Query a6adb97e-7e4b-4764-866a-28b11564d4b9 executed in 0.00s with 3 hits (interpreter.py:314)
2025-06-16 04:15:27,205 [INFO] legal_discovery - Query a6adb97e-7e4b-4764-866a-28b11564d4b9 executed in 0.00s with 3 hits (interpreter.py:314)
2025-06-16 04:15:27,205 [INFO] legal_discovery - Query a6adb97e-7e4b-4764-866a-28b11564d4b9 executed in 0.00s with 3 hits (interpreter.py:314)
2025-06-16 04:15:27,207 [INFO] legal_discovery - Executing legal query: 9c816040-7444-4c83-a15b-ef11bb07c59c (interpreter.py:284)
2025-06-16 04:15:27,207 [INFO] legal_discovery - Executing legal query: 9c816040-7444-4c83-a15b-ef11bb07c59c (interpreter.py:284)
2025-06-16 04:15:27,207 [INFO] legal_discovery - Executing legal query: 9c816040-7444-4c83-a15b-ef11bb07c59c (interpreter.py:284)
2025-06-16 04:15:27,207 [INFO] legal_discovery - Executing legal query: 9c816040-7444-4c83-a15b-ef11bb07c59c (interpreter.py:284)
2025-06-16 04:15:27,207 [INFO] legal_discovery - Executing legal query: 9c816040-7444-4c83-a15b-ef11bb07c59c (interpreter.py:284)
2025-06-16 04:15:27,207 [INFO] legal_discovery - Executing legal query: 9c816040-7444-4c83-a15b-ef11bb07c59c (interpreter.py:284)
2025-06-16 04:15:27,207 [INFO] legal_discovery - Executing legal query: 9c816040-7444-4c83-a15b-ef11bb07c59c (interpreter.py:284)
2025-06-16 04:15:27,207 [INFO] legal_discovery - Executing legal query: 9c816040-7444-4c83-a15b-ef11bb07c59c (interpreter.py:284)
2025-06-16 04:15:27,207 [INFO] legal_discovery - Executing legal query: 9c816040-7444-4c83-a15b-ef11bb07c59c (interpreter.py:284)
2025-06-16 04:15:27,207 [INFO] legal_discovery - Executing legal query: 9c816040-7444-4c83-a15b-ef11bb07c59c (interpreter.py:284)
2025-06-16 04:15:27,207 [INFO] legal_discovery - Executing legal query: 9c816040-7444-4c83-a15b-ef11bb07c59c (interpreter.py:284)
2025-06-16 04:15:27,209 [INFO] legal_discovery - Query 9c816040-7444-4c83-a15b-ef11bb07c59c executed in 0.00s with 0 hits (interpreter.py:314)
2025-06-16 04:15:27,209 [INFO] legal_discovery - Query 9c816040-7444-4c83-a15b-ef11bb07c59c executed in 0.00s with 0 hits (interpreter.py:314)
2025-06-16 04:15:27,209 [INFO] legal_discovery - Query 9c816040-7444-4c83-a15b-ef11bb07c59c executed in 0.00s with 0 hits (interpreter.py:314)
2025-06-16 04:15:27,209 [INFO] legal_discovery - Query 9c816040-7444-4c83-a15b-ef11bb07c59c executed in 0.00s with 0 hits (interpreter.py:314)
2025-06-16 04:15:27,209 [INFO] legal_discovery - Query 9c816040-7444-4c83-a15b-ef11bb07c59c executed in 0.00s with 0 hits (interpreter.py:314)
2025-06-16 04:15:27,209 [INFO] legal_discovery - Query 9c816040-7444-4c83-a15b-ef11bb07c59c executed in 0.00s with 0 hits (interpreter.py:314)
2025-06-16 04:15:27,209 [INFO] legal_discovery - Query 9c816040-7444-4c83-a15b-ef11bb07c59c executed in 0.00s with 0 hits (interpreter.py:314)
2025-06-16 04:15:27,209 [INFO] legal_discovery - Query 9c816040-7444-4c83-a15b-ef11bb07c59c executed in 0.00s with 0 hits (interpreter.py:314)
2025-06-16 04:15:27,209 [INFO] legal_discovery - Query 9c816040-7444-4c83-a15b-ef11bb07c59c executed in 0.00s with 0 hits (interpreter.py:314)
2025-06-16 04:15:27,209 [INFO] legal_discovery - Query 9c816040-7444-4c83-a15b-ef11bb07c59c executed in 0.00s with 0 hits (interpreter.py:314)
2025-06-16 04:15:27,209 [INFO] legal_discovery - Query 9c816040-7444-4c83-a15b-ef11bb07c59c executed in 0.00s with 0 hits (interpreter.py:314)
2025-06-16 04:15:27,210 [INFO] legal_discovery - Executing legal query: 9c816040-7444-4c83-a15b-ef11bb07c59c (interpreter.py:284)
2025-06-16 04:15:27,210 [INFO] legal_discovery - Executing legal query: 9c816040-7444-4c83-a15b-ef11bb07c59c (interpreter.py:284)
2025-06-16 04:15:27,210 [INFO] legal_discovery - Executing legal query: 9c816040-7444-4c83-a15b-ef11bb07c59c (interpreter.py:284)
2025-06-16 04:15:27,210 [INFO] legal_discovery - Executing legal query: 9c816040-7444-4c83-a15b-ef11bb07c59c (interpreter.py:284)
2025-06-16 04:15:27,210 [INFO] legal_discovery - Executing legal query: 9c816040-7444-4c83-a15b-ef11bb07c59c (interpreter.py:284)
2025-06-16 04:15:27,210 [INFO] legal_discovery - Executing legal query: 9c816040-7444-4c83-a15b-ef11bb07c59c (interpreter.py:284)
2025-06-16 04:15:27,210 [INFO] legal_discovery - Executing legal query: 9c816040-7444-4c83-a15b-ef11bb07c59c (interpreter.py:284)
2025-06-16 04:15:27,210 [INFO] legal_discovery - Executing legal query: 9c816040-7444-4c83-a15b-ef11bb07c59c (interpreter.py:284)
2025-06-16 04:15:27,210 [INFO] legal_discovery - Executing legal query: 9c816040-7444-4c83-a15b-ef11bb07c59c (interpreter.py:284)
2025-06-16 04:15:27,210 [INFO] legal_discovery - Executing legal query: 9c816040-7444-4c83-a15b-ef11bb07c59c (interpreter.py:284)
2025-06-16 04:15:27,210 [INFO] legal_discovery - Executing legal query: 9c816040-7444-4c83-a15b-ef11bb07c59c (interpreter.py:284)
2025-06-16 04:15:27,210 [INFO] legal_discovery - Query 9c816040-7444-4c83-a15b-ef11bb07c59c executed in 0.00s with 2 hits (interpreter.py:314)
2025-06-16 04:15:27,210 [INFO] legal_discovery - Query 9c816040-7444-4c83-a15b-ef11bb07c59c executed in 0.00s with 2 hits (interpreter.py:314)
2025-06-16 04:15:27,210 [INFO] legal_discovery - Query 9c816040-7444-4c83-a15b-ef11bb07c59c executed in 0.00s with 2 hits (interpreter.py:314)
2025-06-16 04:15:27,210 [INFO] legal_discovery - Query 9c816040-7444-4c83-a15b-ef11bb07c59c executed in 0.00s with 2 hits (interpreter.py:314)
2025-06-16 04:15:27,210 [INFO] legal_discovery - Query 9c816040-7444-4c83-a15b-ef11bb07c59c executed in 0.00s with 2 hits (interpreter.py:314)
2025-06-16 04:15:27,210 [INFO] legal_discovery - Query 9c816040-7444-4c83-a15b-ef11bb07c59c executed in 0.00s with 2 hits (interpreter.py:314)
2025-06-16 04:15:27,210 [INFO] legal_discovery - Query 9c816040-7444-4c83-a15b-ef11bb07c59c executed in 0.00s with 2 hits (interpreter.py:314)
2025-06-16 04:15:27,210 [INFO] legal_discovery - Query 9c816040-7444-4c83-a15b-ef11bb07c59c executed in 0.00s with 2 hits (interpreter.py:314)
2025-06-16 04:15:27,210 [INFO] legal_discovery - Query 9c816040-7444-4c83-a15b-ef11bb07c59c executed in 0.00s with 2 hits (interpreter.py:314)
2025-06-16 04:15:27,210 [INFO] legal_discovery - Query 9c816040-7444-4c83-a15b-ef11bb07c59c executed in 0.00s with 2 hits (interpreter.py:314)
2025-06-16 04:15:27,210 [INFO] legal_discovery - Query 9c816040-7444-4c83-a15b-ef11bb07c59c executed in 0.00s with 2 hits (interpreter.py:314)
2025-06-16 04:15:27,213 [INFO] legal_discovery - Executing legal query: 34d3b2c1-1a4a-4eba-8503-fb3cb4cf7734 (interpreter.py:284)
2025-06-16 04:15:27,213 [INFO] legal_discovery - Executing legal query: 34d3b2c1-1a4a-4eba-8503-fb3cb4cf7734 (interpreter.py:284)
2025-06-16 04:15:27,213 [INFO] legal_discovery - Executing legal query: 34d3b2c1-1a4a-4eba-8503-fb3cb4cf7734 (interpreter.py:284)
2025-06-16 04:15:27,213 [INFO] legal_discovery - Executing legal query: 34d3b2c1-1a4a-4eba-8503-fb3cb4cf7734 (interpreter.py:284)
2025-06-16 04:15:27,213 [INFO] legal_discovery - Executing legal query: 34d3b2c1-1a4a-4eba-8503-fb3cb4cf7734 (interpreter.py:284)
2025-06-16 04:15:27,213 [INFO] legal_discovery - Executing legal query: 34d3b2c1-1a4a-4eba-8503-fb3cb4cf7734 (interpreter.py:284)
2025-06-16 04:15:27,213 [INFO] legal_discovery - Executing legal query: 34d3b2c1-1a4a-4eba-8503-fb3cb4cf7734 (interpreter.py:284)
2025-06-16 04:15:27,213 [INFO] legal_discovery - Executing legal query: 34d3b2c1-1a4a-4eba-8503-fb3cb4cf7734 (interpreter.py:284)
2025-06-16 04:15:27,213 [INFO] legal_discovery - Executing legal query: 34d3b2c1-1a4a-4eba-8503-fb3cb4cf7734 (interpreter.py:284)
2025-06-16 04:15:27,213 [INFO] legal_discovery - Executing legal query: 34d3b2c1-1a4a-4eba-8503-fb3cb4cf7734 (interpreter.py:284)
2025-06-16 04:15:27,213 [INFO] legal_discovery - Executing legal query: 34d3b2c1-1a4a-4eba-8503-fb3cb4cf7734 (interpreter.py:284)
2025-06-16 04:15:27,213 [INFO] legal_discovery - Executing legal query: 34d3b2c1-1a4a-4eba-8503-fb3cb4cf7734 (interpreter.py:284)
2025-06-16 04:15:27,214 [INFO] legal_discovery - Query 34d3b2c1-1a4a-4eba-8503-fb3cb4cf7734 executed in 0.00s with 2 hits (interpreter.py:314)
2025-06-16 04:15:27,214 [INFO] legal_discovery - Query 34d3b2c1-1a4a-4eba-8503-fb3cb4cf7734 executed in 0.00s with 2 hits (interpreter.py:314)
2025-06-16 04:15:27,214 [INFO] legal_discovery - Query 34d3b2c1-1a4a-4eba-8503-fb3cb4cf7734 executed in 0.00s with 2 hits (interpreter.py:314)
2025-06-16 04:15:27,214 [INFO] legal_discovery - Query 34d3b2c1-1a4a-4eba-8503-fb3cb4cf7734 executed in 0.00s with 2 hits (interpreter.py:314)
2025-06-16 04:15:27,214 [INFO] legal_discovery - Query 34d3b2c1-1a4a-4eba-8503-fb3cb4cf7734 executed in 0.00s with 2 hits (interpreter.py:314)
2025-06-16 04:15:27,214 [INFO] legal_discovery - Query 34d3b2c1-1a4a-4eba-8503-fb3cb4cf7734 executed in 0.00s with 2 hits (interpreter.py:314)
2025-06-16 04:15:27,214 [INFO] legal_discovery - Query 34d3b2c1-1a4a-4eba-8503-fb3cb4cf7734 executed in 0.00s with 2 hits (interpreter.py:314)
2025-06-16 04:15:27,214 [INFO] legal_discovery - Query 34d3b2c1-1a4a-4eba-8503-fb3cb4cf7734 executed in 0.00s with 2 hits (interpreter.py:314)
2025-06-16 04:15:27,214 [INFO] legal_discovery - Query 34d3b2c1-1a4a-4eba-8503-fb3cb4cf7734 executed in 0.00s with 2 hits (interpreter.py:314)
2025-06-16 04:15:27,214 [INFO] legal_discovery - Query 34d3b2c1-1a4a-4eba-8503-fb3cb4cf7734 executed in 0.00s with 2 hits (interpreter.py:314)
2025-06-16 04:15:27,214 [INFO] legal_discovery - Query 34d3b2c1-1a4a-4eba-8503-fb3cb4cf7734 executed in 0.00s with 2 hits (interpreter.py:314)
2025-06-16 04:15:27,214 [INFO] legal_discovery - Query 34d3b2c1-1a4a-4eba-8503-fb3cb4cf7734 executed in 0.00s with 2 hits (interpreter.py:314)
2025-06-16 04:15:27,216 [INFO] legal_discovery - Parsing query: CONTAINS(content, 'agreement') (interpreter.py:154)
2025-06-16 04:15:27,216 [INFO] legal_discovery - Parsing query: CONTAINS(content, 'agreement') (interpreter.py:154)
2025-06-16 04:15:27,216 [INFO] legal_discovery - Parsing query: CONTAINS(content, 'agreement') (interpreter.py:154)
2025-06-16 04:15:27,216 [INFO] legal_discovery - Parsing query: CONTAINS(content, 'agreement') (interpreter.py:154)
2025-06-16 04:15:27,216 [INFO] legal_discovery - Parsing query: CONTAINS(content, 'agreement') (interpreter.py:154)
2025-06-16 04:15:27,216 [INFO] legal_discovery - Parsing query: CONTAINS(content, 'agreement') (interpreter.py:154)
2025-06-16 04:15:27,216 [INFO] legal_discovery - Parsing query: CONTAINS(content, 'agreement') (interpreter.py:154)
2025-06-16 04:15:27,216 [INFO] legal_discovery - Parsing query: CONTAINS(content, 'agreement') (interpreter.py:154)
2025-06-16 04:15:27,216 [INFO] legal_discovery - Parsing query: CONTAINS(content, 'agreement') (interpreter.py:154)
2025-06-16 04:15:27,216 [INFO] legal_discovery - Parsing query: CONTAINS(content, 'agreement') (interpreter.py:154)
2025-06-16 04:15:27,216 [INFO] legal_discovery - Parsing query: CONTAINS(content, 'agreement') (interpreter.py:154)
2025-06-16 04:15:27,216 [INFO] legal_discovery - Parsing query: CONTAINS(content, 'agreement') (interpreter.py:154)
2025-06-16 04:15:27,216 [INFO] legal_discovery - Parsing query: CONTAINS(content, 'agreement') (interpreter.py:154)
2025-06-16 04:15:27,217 [INFO] legal_discovery - Executing legal query: 452abdde-04e3-4da0-b854-500bbdae441c (interpreter.py:284)
2025-06-16 04:15:27,217 [INFO] legal_discovery - Executing legal query: 452abdde-04e3-4da0-b854-500bbdae441c (interpreter.py:284)
2025-06-16 04:15:27,217 [INFO] legal_discovery - Executing legal query: 452abdde-04e3-4da0-b854-500bbdae441c (interpreter.py:284)
2025-06-16 04:15:27,217 [INFO] legal_discovery - Executing legal query: 452abdde-04e3-4da0-b854-500bbdae441c (interpreter.py:284)
2025-06-16 04:15:27,217 [INFO] legal_discovery - Executing legal query: 452abdde-04e3-4da0-b854-500bbdae441c (interpreter.py:284)
2025-06-16 04:15:27,217 [INFO] legal_discovery - Executing legal query: 452abdde-04e3-4da0-b854-500bbdae441c (interpreter.py:284)
2025-06-16 04:15:27,217 [INFO] legal_discovery - Executing legal query: 452abdde-04e3-4da0-b854-500bbdae441c (interpreter.py:284)
2025-06-16 04:15:27,217 [INFO] legal_discovery - Executing legal query: 452abdde-04e3-4da0-b854-500bbdae441c (interpreter.py:284)
2025-06-16 04:15:27,217 [INFO] legal_discovery - Executing legal query: 452abdde-04e3-4da0-b854-500bbdae441c (interpreter.py:284)
2025-06-16 04:15:27,217 [INFO] legal_discovery - Executing legal query: 452abdde-04e3-4da0-b854-500bbdae441c (interpreter.py:284)
2025-06-16 04:15:27,217 [INFO] legal_discovery - Executing legal query: 452abdde-04e3-4da0-b854-500bbdae441c (interpreter.py:284)
2025-06-16 04:15:27,217 [INFO] legal_discovery - Executing legal query: 452abdde-04e3-4da0-b854-500bbdae441c (interpreter.py:284)
2025-06-16 04:15:27,217 [INFO] legal_discovery - Executing legal query: 452abdde-04e3-4da0-b854-500bbdae441c (interpreter.py:284)
2025-06-16 04:15:27,217 [INFO] legal_discovery - Query 452abdde-04e3-4da0-b854-500bbdae441c executed in 0.00s with 1 hits (interpreter.py:314)
2025-06-16 04:15:27,217 [INFO] legal_discovery - Query 452abdde-04e3-4da0-b854-500bbdae441c executed in 0.00s with 1 hits (interpreter.py:314)
2025-06-16 04:15:27,217 [INFO] legal_discovery - Query 452abdde-04e3-4da0-b854-500bbdae441c executed in 0.00s with 1 hits (interpreter.py:314)
2025-06-16 04:15:27,217 [INFO] legal_discovery - Query 452abdde-04e3-4da0-b854-500bbdae441c executed in 0.00s with 1 hits (interpreter.py:314)
2025-06-16 04:15:27,217 [INFO] legal_discovery - Query 452abdde-04e3-4da0-b854-500bbdae441c executed in 0.00s with 1 hits (interpreter.py:314)
2025-06-16 04:15:27,217 [INFO] legal_discovery - Query 452abdde-04e3-4da0-b854-500bbdae441c executed in 0.00s with 1 hits (interpreter.py:314)
2025-06-16 04:15:27,217 [INFO] legal_discovery - Query 452abdde-04e3-4da0-b854-500bbdae441c executed in 0.00s with 1 hits (interpreter.py:314)
2025-06-16 04:15:27,217 [INFO] legal_discovery - Query 452abdde-04e3-4da0-b854-500bbdae441c executed in 0.00s with 1 hits (interpreter.py:314)
2025-06-16 04:15:27,217 [INFO] legal_discovery - Query 452abdde-04e3-4da0-b854-500bbdae441c executed in 0.00s with 1 hits (interpreter.py:314)
2025-06-16 04:15:27,217 [INFO] legal_discovery - Query 452abdde-04e3-4da0-b854-500bbdae441c executed in 0.00s with 1 hits (interpreter.py:314)
2025-06-16 04:15:27,217 [INFO] legal_discovery - Query 452abdde-04e3-4da0-b854-500bbdae441c executed in 0.00s with 1 hits (interpreter.py:314)
2025-06-16 04:15:27,217 [INFO] legal_discovery - Query 452abdde-04e3-4da0-b854-500bbdae441c executed in 0.00s with 1 hits (interpreter.py:314)
2025-06-16 04:15:27,217 [INFO] legal_discovery - Query 452abdde-04e3-4da0-b854-500bbdae441c executed in 0.00s with 1 hits (interpreter.py:314)
2025-06-16 04:15:27,217 [INFO] legal_discovery - Parsing query: NEAR('statute', 'limitations', 2, 'WORDS') (interpreter.py:154)
2025-06-16 04:15:27,217 [INFO] legal_discovery - Parsing query: NEAR('statute', 'limitations', 2, 'WORDS') (interpreter.py:154)
2025-06-16 04:15:27,217 [INFO] legal_discovery - Parsing query: NEAR('statute', 'limitations', 2, 'WORDS') (interpreter.py:154)
2025-06-16 04:15:27,217 [INFO] legal_discovery - Parsing query: NEAR('statute', 'limitations', 2, 'WORDS') (interpreter.py:154)
2025-06-16 04:15:27,217 [INFO] legal_discovery - Parsing query: NEAR('statute', 'limitations', 2, 'WORDS') (interpreter.py:154)
2025-06-16 04:15:27,217 [INFO] legal_discovery - Parsing query: NEAR('statute', 'limitations', 2, 'WORDS') (interpreter.py:154)
2025-06-16 04:15:27,217 [INFO] legal_discovery - Parsing query: NEAR('statute', 'limitations', 2, 'WORDS') (interpreter.py:154)
2025-06-16 04:15:27,217 [INFO] legal_discovery - Parsing query: NEAR('statute', 'limitations', 2, 'WORDS') (interpreter.py:154)
2025-06-16 04:15:27,217 [INFO] legal_discovery - Parsing query: NEAR('statute', 'limitations', 2, 'WORDS') (interpreter.py:154)
2025-06-16 04:15:27,217 [INFO] legal_discovery - Parsing query: NEAR('statute', 'limitations', 2, 'WORDS') (interpreter.py:154)
2025-06-16 04:15:27,217 [INFO] legal_discovery - Parsing query: NEAR('statute', 'limitations', 2, 'WORDS') (interpreter.py:154)
2025-06-16 04:15:27,217 [INFO] legal_discovery - Parsing query: NEAR('statute', 'limitations', 2, 'WORDS') (interpreter.py:154)
2025-06-16 04:15:27,217 [INFO] legal_discovery - Parsing query: NEAR('statute', 'limitations', 2, 'WORDS') (interpreter.py:154)
2025-06-16 04:15:27,217 [INFO] legal_discovery - Executing legal query: f374be63-e0ca-43ef-b6f0-667a57602c20 (interpreter.py:284)
2025-06-16 04:15:27,217 [INFO] legal_discovery - Executing legal query: f374be63-e0ca-43ef-b6f0-667a57602c20 (interpreter.py:284)
2025-06-16 04:15:27,217 [INFO] legal_discovery - Executing legal query: f374be63-e0ca-43ef-b6f0-667a57602c20 (interpreter.py:284)
2025-06-16 04:15:27,217 [INFO] legal_discovery - Executing legal query: f374be63-e0ca-43ef-b6f0-667a57602c20 (interpreter.py:284)
2025-06-16 04:15:27,217 [INFO] legal_discovery - Executing legal query: f374be63-e0ca-43ef-b6f0-667a57602c20 (interpreter.py:284)
2025-06-16 04:15:27,217 [INFO] legal_discovery - Executing legal query: f374be63-e0ca-43ef-b6f0-667a57602c20 (interpreter.py:284)
2025-06-16 04:15:27,217 [INFO] legal_discovery - Executing legal query: f374be63-e0ca-43ef-b6f0-667a57602c20 (interpreter.py:284)
2025-06-16 04:15:27,217 [INFO] legal_discovery - Executing legal query: f374be63-e0ca-43ef-b6f0-667a57602c20 (interpreter.py:284)
2025-06-16 04:15:27,217 [INFO] legal_discovery - Executing legal query: f374be63-e0ca-43ef-b6f0-667a57602c20 (interpreter.py:284)
2025-06-16 04:15:27,217 [INFO] legal_discovery - Executing legal query: f374be63-e0ca-43ef-b6f0-667a57602c20 (interpreter.py:284)
2025-06-16 04:15:27,217 [INFO] legal_discovery - Executing legal query: f374be63-e0ca-43ef-b6f0-667a57602c20 (interpreter.py:284)
2025-06-16 04:15:27,217 [INFO] legal_discovery - Executing legal query: f374be63-e0ca-43ef-b6f0-667a57602c20 (interpreter.py:284)
2025-06-16 04:15:27,217 [INFO] legal_discovery - Executing legal query: f374be63-e0ca-43ef-b6f0-667a57602c20 (interpreter.py:284)
2025-06-16 04:15:27,219 [INFO] legal_discovery - Query f374be63-e0ca-43ef-b6f0-667a57602c20 executed in 0.00s with 1 hits (interpreter.py:314)
2025-06-16 04:15:27,219 [INFO] legal_discovery - Query f374be63-e0ca-43ef-b6f0-667a57602c20 executed in 0.00s with 1 hits (interpreter.py:314)
2025-06-16 04:15:27,219 [INFO] legal_discovery - Query f374be63-e0ca-43ef-b6f0-667a57602c20 executed in 0.00s with 1 hits (interpreter.py:314)
2025-06-16 04:15:27,219 [INFO] legal_discovery - Query f374be63-e0ca-43ef-b6f0-667a57602c20 executed in 0.00s with 1 hits (interpreter.py:314)
2025-06-16 04:15:27,219 [INFO] legal_discovery - Query f374be63-e0ca-43ef-b6f0-667a57602c20 executed in 0.00s with 1 hits (interpreter.py:314)
2025-06-16 04:15:27,219 [INFO] legal_discovery - Query f374be63-e0ca-43ef-b6f0-667a57602c20 executed in 0.00s with 1 hits (interpreter.py:314)
2025-06-16 04:15:27,219 [INFO] legal_discovery - Query f374be63-e0ca-43ef-b6f0-667a57602c20 executed in 0.00s with 1 hits (interpreter.py:314)
2025-06-16 04:15:27,219 [INFO] legal_discovery - Query f374be63-e0ca-43ef-b6f0-667a57602c20 executed in 0.00s with 1 hits (interpreter.py:314)
2025-06-16 04:15:27,219 [INFO] legal_discovery - Query f374be63-e0ca-43ef-b6f0-667a57602c20 executed in 0.00s with 1 hits (interpreter.py:314)
2025-06-16 04:15:27,219 [INFO] legal_discovery - Query f374be63-e0ca-43ef-b6f0-667a57602c20 executed in 0.00s with 1 hits (interpreter.py:314)
2025-06-16 04:15:27,219 [INFO] legal_discovery - Query f374be63-e0ca-43ef-b6f0-667a57602c20 executed in 0.00s with 1 hits (interpreter.py:314)
2025-06-16 04:15:27,219 [INFO] legal_discovery - Query f374be63-e0ca-43ef-b6f0-667a57602c20 executed in 0.00s with 1 hits (interpreter.py:314)
2025-06-16 04:15:27,219 [INFO] legal_discovery - Query f374be63-e0ca-43ef-b6f0-667a57602c20 executed in 0.00s with 1 hits (interpreter.py:314)
