2025-06-16 04:29:13,497 [INFO] legal_discovery - Parsing query: CONTAINS(content, 'agreement', 'liability') (interpreter.py:154)
2025-06-16 04:29:13,497 [INFO] legal_discovery - Parsing query: CONTAINS(content, 'agreement', 'liability') (interpreter.py:154)
2025-06-16 04:29:13,497 [INFO] legal_discovery - Parsing query: NEAR('statute', 'limitations', 10, 'WORDS') (interpreter.py:154)
2025-06-16 04:29:13,497 [INFO] legal_discovery - Parsing query: NEAR('statute', 'limitations', 10, 'WORDS') (interpreter.py:154)
2025-06-16 04:29:13,497 [INFO] legal_discovery - Parsing query: legal memorandum (interpreter.py:154)
2025-06-16 04:29:13,497 [INFO] legal_discovery - Parsing query: legal memorandum (interpreter.py:154)
2025-06-16 04:29:13,499 [INFO] legal_discovery - Executing legal query: c0bf6913-d6c5-4bd5-bb71-05875c1cfd0f (interpreter.py:284)
2025-06-16 04:29:13,499 [INFO] legal_discovery - Executing legal query: c0bf6913-d6c5-4bd5-bb71-05875c1cfd0f (interpreter.py:284)
2025-06-16 04:29:13,499 [INFO] legal_discovery - Executing legal query: c0bf6913-d6c5-4bd5-bb71-05875c1cfd0f (interpreter.py:284)
2025-06-16 04:29:13,499 [INFO] legal_discovery - Query c0bf6913-d6c5-4bd5-bb71-05875c1cfd0f executed in 0.00s with 1 hits (interpreter.py:314)
2025-06-16 04:29:13,499 [INFO] legal_discovery - Query c0bf6913-d6c5-4bd5-bb71-05875c1cfd0f executed in 0.00s with 1 hits (interpreter.py:314)
2025-06-16 04:29:13,499 [INFO] legal_discovery - Query c0bf6913-d6c5-4bd5-bb71-05875c1cfd0f executed in 0.00s with 1 hits (interpreter.py:314)
2025-06-16 04:29:13,501 [INFO] legal_discovery - Executing legal query: d7e13589-2e46-4bcc-a06d-a9ec590d19c8 (interpreter.py:284)
2025-06-16 04:29:13,501 [INFO] legal_discovery - Executing legal query: d7e13589-2e46-4bcc-a06d-a9ec590d19c8 (interpreter.py:284)
2025-06-16 04:29:13,501 [INFO] legal_discovery - Executing legal query: d7e13589-2e46-4bcc-a06d-a9ec590d19c8 (interpreter.py:284)
2025-06-16 04:29:13,501 [INFO] legal_discovery - Executing legal query: d7e13589-2e46-4bcc-a06d-a9ec590d19c8 (interpreter.py:284)
2025-06-16 04:29:13,501 [INFO] legal_discovery - Query d7e13589-2e46-4bcc-a06d-a9ec590d19c8 executed in 0.00s with 1 hits (interpreter.py:314)
2025-06-16 04:29:13,501 [INFO] legal_discovery - Query d7e13589-2e46-4bcc-a06d-a9ec590d19c8 executed in 0.00s with 1 hits (interpreter.py:314)
2025-06-16 04:29:13,501 [INFO] legal_discovery - Query d7e13589-2e46-4bcc-a06d-a9ec590d19c8 executed in 0.00s with 1 hits (interpreter.py:314)
2025-06-16 04:29:13,501 [INFO] legal_discovery - Query d7e13589-2e46-4bcc-a06d-a9ec590d19c8 executed in 0.00s with 1 hits (interpreter.py:314)
2025-06-16 04:29:13,502 [INFO] legal_discovery - Executing legal query: 3c720d56-aa59-428d-a04f-675e1685189e (interpreter.py:284)
2025-06-16 04:29:13,502 [INFO] legal_discovery - Executing legal query: 3c720d56-aa59-428d-a04f-675e1685189e (interpreter.py:284)
2025-06-16 04:29:13,502 [INFO] legal_discovery - Executing legal query: 3c720d56-aa59-428d-a04f-675e1685189e (interpreter.py:284)
2025-06-16 04:29:13,502 [INFO] legal_discovery - Executing legal query: 3c720d56-aa59-428d-a04f-675e1685189e (interpreter.py:284)
2025-06-16 04:29:13,502 [INFO] legal_discovery - Executing legal query: 3c720d56-aa59-428d-a04f-675e1685189e (interpreter.py:284)
2025-06-16 04:29:13,503 [INFO] legal_discovery - Query 3c720d56-aa59-428d-a04f-675e1685189e executed in 0.00s with 1 hits (interpreter.py:314)
2025-06-16 04:29:13,503 [INFO] legal_discovery - Query 3c720d56-aa59-428d-a04f-675e1685189e executed in 0.00s with 1 hits (interpreter.py:314)
2025-06-16 04:29:13,503 [INFO] legal_discovery - Query 3c720d56-aa59-428d-a04f-675e1685189e executed in 0.00s with 1 hits (interpreter.py:314)
2025-06-16 04:29:13,503 [INFO] legal_discovery - Query 3c720d56-aa59-428d-a04f-675e1685189e executed in 0.00s with 1 hits (interpreter.py:314)
2025-06-16 04:29:13,503 [INFO] legal_discovery - Query 3c720d56-aa59-428d-a04f-675e1685189e executed in 0.00s with 1 hits (interpreter.py:314)
2025-06-16 04:29:13,504 [INFO] legal_discovery - Parsing query: CONTAINS(content, 'agreement') (interpreter.py:154)
2025-06-16 04:29:13,504 [INFO] legal_discovery - Parsing query: CONTAINS(content, 'agreement') (interpreter.py:154)
2025-06-16 04:29:13,504 [INFO] legal_discovery - Parsing query: CONTAINS(content, 'agreement') (interpreter.py:154)
2025-06-16 04:29:13,504 [INFO] legal_discovery - Parsing query: CONTAINS(content, 'agreement') (interpreter.py:154)
2025-06-16 04:29:13,504 [INFO] legal_discovery - Parsing query: CONTAINS(content, 'agreement') (interpreter.py:154)
2025-06-16 04:29:13,504 [INFO] legal_discovery - Parsing query: CONTAINS(content, 'agreement') (interpreter.py:154)
2025-06-16 04:29:13,504 [INFO] legal_discovery - Executing legal query: bedd0202-5b2a-4e7a-b8cf-bfaa676da618 (interpreter.py:284)
2025-06-16 04:29:13,504 [INFO] legal_discovery - Executing legal query: bedd0202-5b2a-4e7a-b8cf-bfaa676da618 (interpreter.py:284)
2025-06-16 04:29:13,504 [INFO] legal_discovery - Executing legal query: bedd0202-5b2a-4e7a-b8cf-bfaa676da618 (interpreter.py:284)
2025-06-16 04:29:13,504 [INFO] legal_discovery - Executing legal query: bedd0202-5b2a-4e7a-b8cf-bfaa676da618 (interpreter.py:284)
2025-06-16 04:29:13,504 [INFO] legal_discovery - Executing legal query: bedd0202-5b2a-4e7a-b8cf-bfaa676da618 (interpreter.py:284)
2025-06-16 04:29:13,504 [INFO] legal_discovery - Executing legal query: bedd0202-5b2a-4e7a-b8cf-bfaa676da618 (interpreter.py:284)
2025-06-16 04:29:13,505 [INFO] legal_discovery - Query bedd0202-5b2a-4e7a-b8cf-bfaa676da618 executed in 0.00s with 1 hits (interpreter.py:314)
2025-06-16 04:29:13,505 [INFO] legal_discovery - Query bedd0202-5b2a-4e7a-b8cf-bfaa676da618 executed in 0.00s with 1 hits (interpreter.py:314)
2025-06-16 04:29:13,505 [INFO] legal_discovery - Query bedd0202-5b2a-4e7a-b8cf-bfaa676da618 executed in 0.00s with 1 hits (interpreter.py:314)
2025-06-16 04:29:13,505 [INFO] legal_discovery - Query bedd0202-5b2a-4e7a-b8cf-bfaa676da618 executed in 0.00s with 1 hits (interpreter.py:314)
2025-06-16 04:29:13,505 [INFO] legal_discovery - Query bedd0202-5b2a-4e7a-b8cf-bfaa676da618 executed in 0.00s with 1 hits (interpreter.py:314)
2025-06-16 04:29:13,505 [INFO] legal_discovery - Query bedd0202-5b2a-4e7a-b8cf-bfaa676da618 executed in 0.00s with 1 hits (interpreter.py:314)
