2025-06-16 04:16:57,489 [INFO] legal_discovery - Parsing query: CONTAINS(content, 'agreement', 'liability') (interpreter.py:154)
2025-06-16 04:16:57,489 [INFO] legal_discovery - Parsing query: CONTAINS(content, 'agreement', 'liability') (interpreter.py:154)
2025-06-16 04:16:57,490 [INFO] legal_discovery - Parsing query: NEAR('statute', 'limitations', 10, 'WORDS') (interpreter.py:154)
2025-06-16 04:16:57,490 [INFO] legal_discovery - Parsing query: NEAR('statute', 'limitations', 10, 'WORDS') (interpreter.py:154)
2025-06-16 04:16:57,490 [INFO] legal_discovery - Parsing query: legal memorandum (interpreter.py:154)
2025-06-16 04:16:57,490 [INFO] legal_discovery - Parsing query: legal memorandum (interpreter.py:154)
2025-06-16 04:16:57,491 [INFO] legal_discovery - Executing legal query: 8f3570b8-da42-48f2-95e9-d288583f5dab (interpreter.py:284)
2025-06-16 04:16:57,491 [INFO] legal_discovery - Executing legal query: 8f3570b8-da42-48f2-95e9-d288583f5dab (interpreter.py:284)
2025-06-16 04:16:57,491 [INFO] legal_discovery - Executing legal query: 8f3570b8-da42-48f2-95e9-d288583f5dab (interpreter.py:284)
2025-06-16 04:16:57,491 [INFO] legal_discovery - Query 8f3570b8-da42-48f2-95e9-d288583f5dab executed in 0.00s with 1 hits (interpreter.py:314)
2025-06-16 04:16:57,491 [INFO] legal_discovery - Query 8f3570b8-da42-48f2-95e9-d288583f5dab executed in 0.00s with 1 hits (interpreter.py:314)
2025-06-16 04:16:57,491 [INFO] legal_discovery - Query 8f3570b8-da42-48f2-95e9-d288583f5dab executed in 0.00s with 1 hits (interpreter.py:314)
2025-06-16 04:16:57,493 [INFO] legal_discovery - Executing legal query: 6256fa7c-1d77-4ddc-a70e-00715c99af5e (interpreter.py:284)
2025-06-16 04:16:57,493 [INFO] legal_discovery - Executing legal query: 6256fa7c-1d77-4ddc-a70e-00715c99af5e (interpreter.py:284)
2025-06-16 04:16:57,493 [INFO] legal_discovery - Executing legal query: 6256fa7c-1d77-4ddc-a70e-00715c99af5e (interpreter.py:284)
2025-06-16 04:16:57,493 [INFO] legal_discovery - Executing legal query: 6256fa7c-1d77-4ddc-a70e-00715c99af5e (interpreter.py:284)
2025-06-16 04:16:57,493 [INFO] legal_discovery - Query 6256fa7c-1d77-4ddc-a70e-00715c99af5e executed in 0.00s with 1 hits (interpreter.py:314)
2025-06-16 04:16:57,493 [INFO] legal_discovery - Query 6256fa7c-1d77-4ddc-a70e-00715c99af5e executed in 0.00s with 1 hits (interpreter.py:314)
2025-06-16 04:16:57,493 [INFO] legal_discovery - Query 6256fa7c-1d77-4ddc-a70e-00715c99af5e executed in 0.00s with 1 hits (interpreter.py:314)
2025-06-16 04:16:57,493 [INFO] legal_discovery - Query 6256fa7c-1d77-4ddc-a70e-00715c99af5e executed in 0.00s with 1 hits (interpreter.py:314)
2025-06-16 04:16:57,495 [INFO] legal_discovery - Executing legal query: a89b7fff-c77c-4167-8712-090708ec7bb5 (interpreter.py:284)
2025-06-16 04:16:57,495 [INFO] legal_discovery - Executing legal query: a89b7fff-c77c-4167-8712-090708ec7bb5 (interpreter.py:284)
2025-06-16 04:16:57,495 [INFO] legal_discovery - Executing legal query: a89b7fff-c77c-4167-8712-090708ec7bb5 (interpreter.py:284)
2025-06-16 04:16:57,495 [INFO] legal_discovery - Executing legal query: a89b7fff-c77c-4167-8712-090708ec7bb5 (interpreter.py:284)
2025-06-16 04:16:57,495 [INFO] legal_discovery - Executing legal query: a89b7fff-c77c-4167-8712-090708ec7bb5 (interpreter.py:284)
2025-06-16 04:16:57,495 [INFO] legal_discovery - Query a89b7fff-c77c-4167-8712-090708ec7bb5 executed in 0.00s with 1 hits (interpreter.py:314)
2025-06-16 04:16:57,495 [INFO] legal_discovery - Query a89b7fff-c77c-4167-8712-090708ec7bb5 executed in 0.00s with 1 hits (interpreter.py:314)
2025-06-16 04:16:57,495 [INFO] legal_discovery - Query a89b7fff-c77c-4167-8712-090708ec7bb5 executed in 0.00s with 1 hits (interpreter.py:314)
2025-06-16 04:16:57,495 [INFO] legal_discovery - Query a89b7fff-c77c-4167-8712-090708ec7bb5 executed in 0.00s with 1 hits (interpreter.py:314)
2025-06-16 04:16:57,495 [INFO] legal_discovery - Query a89b7fff-c77c-4167-8712-090708ec7bb5 executed in 0.00s with 1 hits (interpreter.py:314)
2025-06-16 04:16:57,496 [INFO] legal_discovery - Parsing query: CONTAINS(content, 'agreement') (interpreter.py:154)
2025-06-16 04:16:57,496 [INFO] legal_discovery - Parsing query: CONTAINS(content, 'agreement') (interpreter.py:154)
2025-06-16 04:16:57,496 [INFO] legal_discovery - Parsing query: CONTAINS(content, 'agreement') (interpreter.py:154)
2025-06-16 04:16:57,496 [INFO] legal_discovery - Parsing query: CONTAINS(content, 'agreement') (interpreter.py:154)
2025-06-16 04:16:57,496 [INFO] legal_discovery - Parsing query: CONTAINS(content, 'agreement') (interpreter.py:154)
2025-06-16 04:16:57,496 [INFO] legal_discovery - Parsing query: CONTAINS(content, 'agreement') (interpreter.py:154)
2025-06-16 04:16:57,497 [INFO] legal_discovery - Executing legal query: 1ab0e351-7720-4040-9fdc-85ed18c4c466 (interpreter.py:284)
2025-06-16 04:16:57,497 [INFO] legal_discovery - Executing legal query: 1ab0e351-7720-4040-9fdc-85ed18c4c466 (interpreter.py:284)
2025-06-16 04:16:57,497 [INFO] legal_discovery - Executing legal query: 1ab0e351-7720-4040-9fdc-85ed18c4c466 (interpreter.py:284)
2025-06-16 04:16:57,497 [INFO] legal_discovery - Executing legal query: 1ab0e351-7720-4040-9fdc-85ed18c4c466 (interpreter.py:284)
2025-06-16 04:16:57,497 [INFO] legal_discovery - Executing legal query: 1ab0e351-7720-4040-9fdc-85ed18c4c466 (interpreter.py:284)
2025-06-16 04:16:57,497 [INFO] legal_discovery - Executing legal query: 1ab0e351-7720-4040-9fdc-85ed18c4c466 (interpreter.py:284)
2025-06-16 04:16:57,497 [INFO] legal_discovery - Query 1ab0e351-7720-4040-9fdc-85ed18c4c466 executed in 0.00s with 1 hits (interpreter.py:314)
2025-06-16 04:16:57,497 [INFO] legal_discovery - Query 1ab0e351-7720-4040-9fdc-85ed18c4c466 executed in 0.00s with 1 hits (interpreter.py:314)
2025-06-16 04:16:57,497 [INFO] legal_discovery - Query 1ab0e351-7720-4040-9fdc-85ed18c4c466 executed in 0.00s with 1 hits (interpreter.py:314)
2025-06-16 04:16:57,497 [INFO] legal_discovery - Query 1ab0e351-7720-4040-9fdc-85ed18c4c466 executed in 0.00s with 1 hits (interpreter.py:314)
2025-06-16 04:16:57,497 [INFO] legal_discovery - Query 1ab0e351-7720-4040-9fdc-85ed18c4c466 executed in 0.00s with 1 hits (interpreter.py:314)
2025-06-16 04:16:57,497 [INFO] legal_discovery - Query 1ab0e351-7720-4040-9fdc-85ed18c4c466 executed in 0.00s with 1 hits (interpreter.py:314)
2025-06-16 04:16:57,616 [INFO] legal_discovery - Executing legal query: 03d975db-58e8-45b8-b516-4a105a3de99b (interpreter.py:284)
2025-06-16 04:16:57,616 [INFO] legal_discovery - Executing legal query: 03d975db-58e8-45b8-b516-4a105a3de99b (interpreter.py:284)
2025-06-16 04:16:57,616 [INFO] legal_discovery - Executing legal query: 03d975db-58e8-45b8-b516-4a105a3de99b (interpreter.py:284)
2025-06-16 04:16:57,616 [INFO] legal_discovery - Executing legal query: 03d975db-58e8-45b8-b516-4a105a3de99b (interpreter.py:284)
2025-06-16 04:16:57,616 [INFO] legal_discovery - Executing legal query: 03d975db-58e8-45b8-b516-4a105a3de99b (interpreter.py:284)
2025-06-16 04:16:57,616 [INFO] legal_discovery - Executing legal query: 03d975db-58e8-45b8-b516-4a105a3de99b (interpreter.py:284)
2025-06-16 04:16:57,616 [INFO] legal_discovery - Executing legal query: 03d975db-58e8-45b8-b516-4a105a3de99b (interpreter.py:284)
2025-06-16 04:16:57,617 [INFO] legal_discovery - Query 03d975db-58e8-45b8-b516-4a105a3de99b executed in 0.00s with 1 hits (interpreter.py:314)
2025-06-16 04:16:57,617 [INFO] legal_discovery - Query 03d975db-58e8-45b8-b516-4a105a3de99b executed in 0.00s with 1 hits (interpreter.py:314)
2025-06-16 04:16:57,617 [INFO] legal_discovery - Query 03d975db-58e8-45b8-b516-4a105a3de99b executed in 0.00s with 1 hits (interpreter.py:314)
2025-06-16 04:16:57,617 [INFO] legal_discovery - Query 03d975db-58e8-45b8-b516-4a105a3de99b executed in 0.00s with 1 hits (interpreter.py:314)
2025-06-16 04:16:57,617 [INFO] legal_discovery - Query 03d975db-58e8-45b8-b516-4a105a3de99b executed in 0.00s with 1 hits (interpreter.py:314)
2025-06-16 04:16:57,617 [INFO] legal_discovery - Query 03d975db-58e8-45b8-b516-4a105a3de99b executed in 0.00s with 1 hits (interpreter.py:314)
2025-06-16 04:16:57,617 [INFO] legal_discovery - Query 03d975db-58e8-45b8-b516-4a105a3de99b executed in 0.00s with 1 hits (interpreter.py:314)
2025-06-16 04:16:57,617 [INFO] legal_discovery - Executing legal query: 38e8f398-a963-40ed-973c-bc3b812b5c5e (interpreter.py:284)
2025-06-16 04:16:57,617 [INFO] legal_discovery - Executing legal query: 38e8f398-a963-40ed-973c-bc3b812b5c5e (interpreter.py:284)
2025-06-16 04:16:57,617 [INFO] legal_discovery - Executing legal query: 38e8f398-a963-40ed-973c-bc3b812b5c5e (interpreter.py:284)
2025-06-16 04:16:57,617 [INFO] legal_discovery - Executing legal query: 38e8f398-a963-40ed-973c-bc3b812b5c5e (interpreter.py:284)
2025-06-16 04:16:57,617 [INFO] legal_discovery - Executing legal query: 38e8f398-a963-40ed-973c-bc3b812b5c5e (interpreter.py:284)
2025-06-16 04:16:57,617 [INFO] legal_discovery - Executing legal query: 38e8f398-a963-40ed-973c-bc3b812b5c5e (interpreter.py:284)
2025-06-16 04:16:57,617 [INFO] legal_discovery - Executing legal query: 38e8f398-a963-40ed-973c-bc3b812b5c5e (interpreter.py:284)
2025-06-16 04:16:57,617 [INFO] legal_discovery - Query 38e8f398-a963-40ed-973c-bc3b812b5c5e executed in 0.00s with 5 hits (interpreter.py:314)
2025-06-16 04:16:57,617 [INFO] legal_discovery - Query 38e8f398-a963-40ed-973c-bc3b812b5c5e executed in 0.00s with 5 hits (interpreter.py:314)
2025-06-16 04:16:57,617 [INFO] legal_discovery - Query 38e8f398-a963-40ed-973c-bc3b812b5c5e executed in 0.00s with 5 hits (interpreter.py:314)
2025-06-16 04:16:57,617 [INFO] legal_discovery - Query 38e8f398-a963-40ed-973c-bc3b812b5c5e executed in 0.00s with 5 hits (interpreter.py:314)
2025-06-16 04:16:57,617 [INFO] legal_discovery - Query 38e8f398-a963-40ed-973c-bc3b812b5c5e executed in 0.00s with 5 hits (interpreter.py:314)
2025-06-16 04:16:57,617 [INFO] legal_discovery - Query 38e8f398-a963-40ed-973c-bc3b812b5c5e executed in 0.00s with 5 hits (interpreter.py:314)
2025-06-16 04:16:57,617 [INFO] legal_discovery - Query 38e8f398-a963-40ed-973c-bc3b812b5c5e executed in 0.00s with 5 hits (interpreter.py:314)
2025-06-16 04:16:57,617 [INFO] legal_discovery - Executing legal query: 38e8f398-a963-40ed-973c-bc3b812b5c5e (interpreter.py:284)
2025-06-16 04:16:57,617 [INFO] legal_discovery - Executing legal query: 38e8f398-a963-40ed-973c-bc3b812b5c5e (interpreter.py:284)
2025-06-16 04:16:57,617 [INFO] legal_discovery - Executing legal query: 38e8f398-a963-40ed-973c-bc3b812b5c5e (interpreter.py:284)
2025-06-16 04:16:57,617 [INFO] legal_discovery - Executing legal query: 38e8f398-a963-40ed-973c-bc3b812b5c5e (interpreter.py:284)
2025-06-16 04:16:57,617 [INFO] legal_discovery - Executing legal query: 38e8f398-a963-40ed-973c-bc3b812b5c5e (interpreter.py:284)
2025-06-16 04:16:57,617 [INFO] legal_discovery - Executing legal query: 38e8f398-a963-40ed-973c-bc3b812b5c5e (interpreter.py:284)
2025-06-16 04:16:57,617 [INFO] legal_discovery - Executing legal query: 38e8f398-a963-40ed-973c-bc3b812b5c5e (interpreter.py:284)
2025-06-16 04:16:57,617 [INFO] legal_discovery - Query 38e8f398-a963-40ed-973c-bc3b812b5c5e executed in 0.00s with 5 hits (interpreter.py:314)
2025-06-16 04:16:57,617 [INFO] legal_discovery - Query 38e8f398-a963-40ed-973c-bc3b812b5c5e executed in 0.00s with 5 hits (interpreter.py:314)
2025-06-16 04:16:57,617 [INFO] legal_discovery - Query 38e8f398-a963-40ed-973c-bc3b812b5c5e executed in 0.00s with 5 hits (interpreter.py:314)
2025-06-16 04:16:57,617 [INFO] legal_discovery - Query 38e8f398-a963-40ed-973c-bc3b812b5c5e executed in 0.00s with 5 hits (interpreter.py:314)
2025-06-16 04:16:57,617 [INFO] legal_discovery - Query 38e8f398-a963-40ed-973c-bc3b812b5c5e executed in 0.00s with 5 hits (interpreter.py:314)
2025-06-16 04:16:57,617 [INFO] legal_discovery - Query 38e8f398-a963-40ed-973c-bc3b812b5c5e executed in 0.00s with 5 hits (interpreter.py:314)
2025-06-16 04:16:57,617 [INFO] legal_discovery - Query 38e8f398-a963-40ed-973c-bc3b812b5c5e executed in 0.00s with 5 hits (interpreter.py:314)
2025-06-16 04:16:57,620 [INFO] legal_discovery - Executing legal query: 5ae6170f-8554-445a-9935-0881ed7fcc66 (interpreter.py:284)
2025-06-16 04:16:57,620 [INFO] legal_discovery - Executing legal query: 5ae6170f-8554-445a-9935-0881ed7fcc66 (interpreter.py:284)
2025-06-16 04:16:57,620 [INFO] legal_discovery - Executing legal query: 5ae6170f-8554-445a-9935-0881ed7fcc66 (interpreter.py:284)
2025-06-16 04:16:57,620 [INFO] legal_discovery - Executing legal query: 5ae6170f-8554-445a-9935-0881ed7fcc66 (interpreter.py:284)
2025-06-16 04:16:57,620 [INFO] legal_discovery - Executing legal query: 5ae6170f-8554-445a-9935-0881ed7fcc66 (interpreter.py:284)
2025-06-16 04:16:57,620 [INFO] legal_discovery - Executing legal query: 5ae6170f-8554-445a-9935-0881ed7fcc66 (interpreter.py:284)
2025-06-16 04:16:57,620 [INFO] legal_discovery - Executing legal query: 5ae6170f-8554-445a-9935-0881ed7fcc66 (interpreter.py:284)
2025-06-16 04:16:57,620 [INFO] legal_discovery - Executing legal query: 5ae6170f-8554-445a-9935-0881ed7fcc66 (interpreter.py:284)
2025-06-16 04:16:57,622 [INFO] legal_discovery - Query 5ae6170f-8554-445a-9935-0881ed7fcc66 executed in 0.00s with 1 hits (interpreter.py:314)
2025-06-16 04:16:57,622 [INFO] legal_discovery - Query 5ae6170f-8554-445a-9935-0881ed7fcc66 executed in 0.00s with 1 hits (interpreter.py:314)
2025-06-16 04:16:57,622 [INFO] legal_discovery - Query 5ae6170f-8554-445a-9935-0881ed7fcc66 executed in 0.00s with 1 hits (interpreter.py:314)
2025-06-16 04:16:57,622 [INFO] legal_discovery - Query 5ae6170f-8554-445a-9935-0881ed7fcc66 executed in 0.00s with 1 hits (interpreter.py:314)
2025-06-16 04:16:57,622 [INFO] legal_discovery - Query 5ae6170f-8554-445a-9935-0881ed7fcc66 executed in 0.00s with 1 hits (interpreter.py:314)
2025-06-16 04:16:57,622 [INFO] legal_discovery - Query 5ae6170f-8554-445a-9935-0881ed7fcc66 executed in 0.00s with 1 hits (interpreter.py:314)
2025-06-16 04:16:57,622 [INFO] legal_discovery - Query 5ae6170f-8554-445a-9935-0881ed7fcc66 executed in 0.00s with 1 hits (interpreter.py:314)
2025-06-16 04:16:57,622 [INFO] legal_discovery - Query 5ae6170f-8554-445a-9935-0881ed7fcc66 executed in 0.00s with 1 hits (interpreter.py:314)
2025-06-16 04:16:57,625 [INFO] legal_discovery - Executing legal query: e90ccd02-2857-49af-9fa3-0b408d10956d (interpreter.py:284)
2025-06-16 04:16:57,625 [INFO] legal_discovery - Executing legal query: e90ccd02-2857-49af-9fa3-0b408d10956d (interpreter.py:284)
2025-06-16 04:16:57,625 [INFO] legal_discovery - Executing legal query: e90ccd02-2857-49af-9fa3-0b408d10956d (interpreter.py:284)
2025-06-16 04:16:57,625 [INFO] legal_discovery - Executing legal query: e90ccd02-2857-49af-9fa3-0b408d10956d (interpreter.py:284)
2025-06-16 04:16:57,625 [INFO] legal_discovery - Executing legal query: e90ccd02-2857-49af-9fa3-0b408d10956d (interpreter.py:284)
2025-06-16 04:16:57,625 [INFO] legal_discovery - Executing legal query: e90ccd02-2857-49af-9fa3-0b408d10956d (interpreter.py:284)
2025-06-16 04:16:57,625 [INFO] legal_discovery - Executing legal query: e90ccd02-2857-49af-9fa3-0b408d10956d (interpreter.py:284)
2025-06-16 04:16:57,625 [INFO] legal_discovery - Executing legal query: e90ccd02-2857-49af-9fa3-0b408d10956d (interpreter.py:284)
2025-06-16 04:16:57,625 [INFO] legal_discovery - Executing legal query: e90ccd02-2857-49af-9fa3-0b408d10956d (interpreter.py:284)
2025-06-16 04:16:57,625 [INFO] legal_discovery - Query e90ccd02-2857-49af-9fa3-0b408d10956d executed in 0.00s with 1 hits (interpreter.py:314)
2025-06-16 04:16:57,625 [INFO] legal_discovery - Query e90ccd02-2857-49af-9fa3-0b408d10956d executed in 0.00s with 1 hits (interpreter.py:314)
2025-06-16 04:16:57,625 [INFO] legal_discovery - Query e90ccd02-2857-49af-9fa3-0b408d10956d executed in 0.00s with 1 hits (interpreter.py:314)
2025-06-16 04:16:57,625 [INFO] legal_discovery - Query e90ccd02-2857-49af-9fa3-0b408d10956d executed in 0.00s with 1 hits (interpreter.py:314)
2025-06-16 04:16:57,625 [INFO] legal_discovery - Query e90ccd02-2857-49af-9fa3-0b408d10956d executed in 0.00s with 1 hits (interpreter.py:314)
2025-06-16 04:16:57,625 [INFO] legal_discovery - Query e90ccd02-2857-49af-9fa3-0b408d10956d executed in 0.00s with 1 hits (interpreter.py:314)
2025-06-16 04:16:57,625 [INFO] legal_discovery - Query e90ccd02-2857-49af-9fa3-0b408d10956d executed in 0.00s with 1 hits (interpreter.py:314)
2025-06-16 04:16:57,625 [INFO] legal_discovery - Query e90ccd02-2857-49af-9fa3-0b408d10956d executed in 0.00s with 1 hits (interpreter.py:314)
2025-06-16 04:16:57,625 [INFO] legal_discovery - Query e90ccd02-2857-49af-9fa3-0b408d10956d executed in 0.00s with 1 hits (interpreter.py:314)
2025-06-16 04:16:57,628 [INFO] legal_discovery - Executing legal query: 5696e194-2ac6-41be-89ba-3ec9cbd5de00 (interpreter.py:284)
2025-06-16 04:16:57,628 [INFO] legal_discovery - Executing legal query: 5696e194-2ac6-41be-89ba-3ec9cbd5de00 (interpreter.py:284)
2025-06-16 04:16:57,628 [INFO] legal_discovery - Executing legal query: 5696e194-2ac6-41be-89ba-3ec9cbd5de00 (interpreter.py:284)
2025-06-16 04:16:57,628 [INFO] legal_discovery - Executing legal query: 5696e194-2ac6-41be-89ba-3ec9cbd5de00 (interpreter.py:284)
2025-06-16 04:16:57,628 [INFO] legal_discovery - Executing legal query: 5696e194-2ac6-41be-89ba-3ec9cbd5de00 (interpreter.py:284)
2025-06-16 04:16:57,628 [INFO] legal_discovery - Executing legal query: 5696e194-2ac6-41be-89ba-3ec9cbd5de00 (interpreter.py:284)
2025-06-16 04:16:57,628 [INFO] legal_discovery - Executing legal query: 5696e194-2ac6-41be-89ba-3ec9cbd5de00 (interpreter.py:284)
2025-06-16 04:16:57,628 [INFO] legal_discovery - Executing legal query: 5696e194-2ac6-41be-89ba-3ec9cbd5de00 (interpreter.py:284)
2025-06-16 04:16:57,628 [INFO] legal_discovery - Executing legal query: 5696e194-2ac6-41be-89ba-3ec9cbd5de00 (interpreter.py:284)
2025-06-16 04:16:57,628 [INFO] legal_discovery - Executing legal query: 5696e194-2ac6-41be-89ba-3ec9cbd5de00 (interpreter.py:284)
2025-06-16 04:16:57,628 [INFO] legal_discovery - Query 5696e194-2ac6-41be-89ba-3ec9cbd5de00 executed in 0.00s with 3 hits (interpreter.py:314)
2025-06-16 04:16:57,628 [INFO] legal_discovery - Query 5696e194-2ac6-41be-89ba-3ec9cbd5de00 executed in 0.00s with 3 hits (interpreter.py:314)
2025-06-16 04:16:57,628 [INFO] legal_discovery - Query 5696e194-2ac6-41be-89ba-3ec9cbd5de00 executed in 0.00s with 3 hits (interpreter.py:314)
2025-06-16 04:16:57,628 [INFO] legal_discovery - Query 5696e194-2ac6-41be-89ba-3ec9cbd5de00 executed in 0.00s with 3 hits (interpreter.py:314)
2025-06-16 04:16:57,628 [INFO] legal_discovery - Query 5696e194-2ac6-41be-89ba-3ec9cbd5de00 executed in 0.00s with 3 hits (interpreter.py:314)
2025-06-16 04:16:57,628 [INFO] legal_discovery - Query 5696e194-2ac6-41be-89ba-3ec9cbd5de00 executed in 0.00s with 3 hits (interpreter.py:314)
2025-06-16 04:16:57,628 [INFO] legal_discovery - Query 5696e194-2ac6-41be-89ba-3ec9cbd5de00 executed in 0.00s with 3 hits (interpreter.py:314)
2025-06-16 04:16:57,628 [INFO] legal_discovery - Query 5696e194-2ac6-41be-89ba-3ec9cbd5de00 executed in 0.00s with 3 hits (interpreter.py:314)
2025-06-16 04:16:57,628 [INFO] legal_discovery - Query 5696e194-2ac6-41be-89ba-3ec9cbd5de00 executed in 0.00s with 3 hits (interpreter.py:314)
2025-06-16 04:16:57,628 [INFO] legal_discovery - Query 5696e194-2ac6-41be-89ba-3ec9cbd5de00 executed in 0.00s with 3 hits (interpreter.py:314)
2025-06-16 04:16:57,630 [INFO] legal_discovery - Executing legal query: 5363aa1b-a6fa-4e1e-8ac9-1040510ce8b5 (interpreter.py:284)
2025-06-16 04:16:57,630 [INFO] legal_discovery - Executing legal query: 5363aa1b-a6fa-4e1e-8ac9-1040510ce8b5 (interpreter.py:284)
2025-06-16 04:16:57,630 [INFO] legal_discovery - Executing legal query: 5363aa1b-a6fa-4e1e-8ac9-1040510ce8b5 (interpreter.py:284)
2025-06-16 04:16:57,630 [INFO] legal_discovery - Executing legal query: 5363aa1b-a6fa-4e1e-8ac9-1040510ce8b5 (interpreter.py:284)
2025-06-16 04:16:57,630 [INFO] legal_discovery - Executing legal query: 5363aa1b-a6fa-4e1e-8ac9-1040510ce8b5 (interpreter.py:284)
2025-06-16 04:16:57,630 [INFO] legal_discovery - Executing legal query: 5363aa1b-a6fa-4e1e-8ac9-1040510ce8b5 (interpreter.py:284)
2025-06-16 04:16:57,630 [INFO] legal_discovery - Executing legal query: 5363aa1b-a6fa-4e1e-8ac9-1040510ce8b5 (interpreter.py:284)
2025-06-16 04:16:57,630 [INFO] legal_discovery - Executing legal query: 5363aa1b-a6fa-4e1e-8ac9-1040510ce8b5 (interpreter.py:284)
2025-06-16 04:16:57,630 [INFO] legal_discovery - Executing legal query: 5363aa1b-a6fa-4e1e-8ac9-1040510ce8b5 (interpreter.py:284)
2025-06-16 04:16:57,630 [INFO] legal_discovery - Executing legal query: 5363aa1b-a6fa-4e1e-8ac9-1040510ce8b5 (interpreter.py:284)
2025-06-16 04:16:57,630 [INFO] legal_discovery - Executing legal query: 5363aa1b-a6fa-4e1e-8ac9-1040510ce8b5 (interpreter.py:284)
2025-06-16 04:16:57,633 [INFO] legal_discovery - Query 5363aa1b-a6fa-4e1e-8ac9-1040510ce8b5 executed in 0.00s with 0 hits (interpreter.py:314)
2025-06-16 04:16:57,633 [INFO] legal_discovery - Query 5363aa1b-a6fa-4e1e-8ac9-1040510ce8b5 executed in 0.00s with 0 hits (interpreter.py:314)
2025-06-16 04:16:57,633 [INFO] legal_discovery - Query 5363aa1b-a6fa-4e1e-8ac9-1040510ce8b5 executed in 0.00s with 0 hits (interpreter.py:314)
2025-06-16 04:16:57,633 [INFO] legal_discovery - Query 5363aa1b-a6fa-4e1e-8ac9-1040510ce8b5 executed in 0.00s with 0 hits (interpreter.py:314)
2025-06-16 04:16:57,633 [INFO] legal_discovery - Query 5363aa1b-a6fa-4e1e-8ac9-1040510ce8b5 executed in 0.00s with 0 hits (interpreter.py:314)
2025-06-16 04:16:57,633 [INFO] legal_discovery - Query 5363aa1b-a6fa-4e1e-8ac9-1040510ce8b5 executed in 0.00s with 0 hits (interpreter.py:314)
2025-06-16 04:16:57,633 [INFO] legal_discovery - Query 5363aa1b-a6fa-4e1e-8ac9-1040510ce8b5 executed in 0.00s with 0 hits (interpreter.py:314)
2025-06-16 04:16:57,633 [INFO] legal_discovery - Query 5363aa1b-a6fa-4e1e-8ac9-1040510ce8b5 executed in 0.00s with 0 hits (interpreter.py:314)
2025-06-16 04:16:57,633 [INFO] legal_discovery - Query 5363aa1b-a6fa-4e1e-8ac9-1040510ce8b5 executed in 0.00s with 0 hits (interpreter.py:314)
2025-06-16 04:16:57,633 [INFO] legal_discovery - Query 5363aa1b-a6fa-4e1e-8ac9-1040510ce8b5 executed in 0.00s with 0 hits (interpreter.py:314)
2025-06-16 04:16:57,633 [INFO] legal_discovery - Query 5363aa1b-a6fa-4e1e-8ac9-1040510ce8b5 executed in 0.00s with 0 hits (interpreter.py:314)
2025-06-16 04:16:57,633 [INFO] legal_discovery - Executing legal query: 5363aa1b-a6fa-4e1e-8ac9-1040510ce8b5 (interpreter.py:284)
2025-06-16 04:16:57,633 [INFO] legal_discovery - Executing legal query: 5363aa1b-a6fa-4e1e-8ac9-1040510ce8b5 (interpreter.py:284)
2025-06-16 04:16:57,633 [INFO] legal_discovery - Executing legal query: 5363aa1b-a6fa-4e1e-8ac9-1040510ce8b5 (interpreter.py:284)
2025-06-16 04:16:57,633 [INFO] legal_discovery - Executing legal query: 5363aa1b-a6fa-4e1e-8ac9-1040510ce8b5 (interpreter.py:284)
2025-06-16 04:16:57,633 [INFO] legal_discovery - Executing legal query: 5363aa1b-a6fa-4e1e-8ac9-1040510ce8b5 (interpreter.py:284)
2025-06-16 04:16:57,633 [INFO] legal_discovery - Executing legal query: 5363aa1b-a6fa-4e1e-8ac9-1040510ce8b5 (interpreter.py:284)
2025-06-16 04:16:57,633 [INFO] legal_discovery - Executing legal query: 5363aa1b-a6fa-4e1e-8ac9-1040510ce8b5 (interpreter.py:284)
2025-06-16 04:16:57,633 [INFO] legal_discovery - Executing legal query: 5363aa1b-a6fa-4e1e-8ac9-1040510ce8b5 (interpreter.py:284)
2025-06-16 04:16:57,633 [INFO] legal_discovery - Executing legal query: 5363aa1b-a6fa-4e1e-8ac9-1040510ce8b5 (interpreter.py:284)
2025-06-16 04:16:57,633 [INFO] legal_discovery - Executing legal query: 5363aa1b-a6fa-4e1e-8ac9-1040510ce8b5 (interpreter.py:284)
2025-06-16 04:16:57,633 [INFO] legal_discovery - Executing legal query: 5363aa1b-a6fa-4e1e-8ac9-1040510ce8b5 (interpreter.py:284)
2025-06-16 04:16:57,633 [INFO] legal_discovery - Query 5363aa1b-a6fa-4e1e-8ac9-1040510ce8b5 executed in 0.00s with 2 hits (interpreter.py:314)
2025-06-16 04:16:57,633 [INFO] legal_discovery - Query 5363aa1b-a6fa-4e1e-8ac9-1040510ce8b5 executed in 0.00s with 2 hits (interpreter.py:314)
2025-06-16 04:16:57,633 [INFO] legal_discovery - Query 5363aa1b-a6fa-4e1e-8ac9-1040510ce8b5 executed in 0.00s with 2 hits (interpreter.py:314)
2025-06-16 04:16:57,633 [INFO] legal_discovery - Query 5363aa1b-a6fa-4e1e-8ac9-1040510ce8b5 executed in 0.00s with 2 hits (interpreter.py:314)
2025-06-16 04:16:57,633 [INFO] legal_discovery - Query 5363aa1b-a6fa-4e1e-8ac9-1040510ce8b5 executed in 0.00s with 2 hits (interpreter.py:314)
2025-06-16 04:16:57,633 [INFO] legal_discovery - Query 5363aa1b-a6fa-4e1e-8ac9-1040510ce8b5 executed in 0.00s with 2 hits (interpreter.py:314)
2025-06-16 04:16:57,633 [INFO] legal_discovery - Query 5363aa1b-a6fa-4e1e-8ac9-1040510ce8b5 executed in 0.00s with 2 hits (interpreter.py:314)
2025-06-16 04:16:57,633 [INFO] legal_discovery - Query 5363aa1b-a6fa-4e1e-8ac9-1040510ce8b5 executed in 0.00s with 2 hits (interpreter.py:314)
2025-06-16 04:16:57,633 [INFO] legal_discovery - Query 5363aa1b-a6fa-4e1e-8ac9-1040510ce8b5 executed in 0.00s with 2 hits (interpreter.py:314)
2025-06-16 04:16:57,633 [INFO] legal_discovery - Query 5363aa1b-a6fa-4e1e-8ac9-1040510ce8b5 executed in 0.00s with 2 hits (interpreter.py:314)
2025-06-16 04:16:57,633 [INFO] legal_discovery - Query 5363aa1b-a6fa-4e1e-8ac9-1040510ce8b5 executed in 0.00s with 2 hits (interpreter.py:314)
2025-06-16 04:16:57,636 [INFO] legal_discovery - Executing legal query: 5f9127e2-fb02-4ffd-8603-32ceadaf77d2 (interpreter.py:284)
2025-06-16 04:16:57,636 [INFO] legal_discovery - Executing legal query: 5f9127e2-fb02-4ffd-8603-32ceadaf77d2 (interpreter.py:284)
2025-06-16 04:16:57,636 [INFO] legal_discovery - Executing legal query: 5f9127e2-fb02-4ffd-8603-32ceadaf77d2 (interpreter.py:284)
2025-06-16 04:16:57,636 [INFO] legal_discovery - Executing legal query: 5f9127e2-fb02-4ffd-8603-32ceadaf77d2 (interpreter.py:284)
2025-06-16 04:16:57,636 [INFO] legal_discovery - Executing legal query: 5f9127e2-fb02-4ffd-8603-32ceadaf77d2 (interpreter.py:284)
2025-06-16 04:16:57,636 [INFO] legal_discovery - Executing legal query: 5f9127e2-fb02-4ffd-8603-32ceadaf77d2 (interpreter.py:284)
2025-06-16 04:16:57,636 [INFO] legal_discovery - Executing legal query: 5f9127e2-fb02-4ffd-8603-32ceadaf77d2 (interpreter.py:284)
2025-06-16 04:16:57,636 [INFO] legal_discovery - Executing legal query: 5f9127e2-fb02-4ffd-8603-32ceadaf77d2 (interpreter.py:284)
2025-06-16 04:16:57,636 [INFO] legal_discovery - Executing legal query: 5f9127e2-fb02-4ffd-8603-32ceadaf77d2 (interpreter.py:284)
2025-06-16 04:16:57,636 [INFO] legal_discovery - Executing legal query: 5f9127e2-fb02-4ffd-8603-32ceadaf77d2 (interpreter.py:284)
2025-06-16 04:16:57,636 [INFO] legal_discovery - Executing legal query: 5f9127e2-fb02-4ffd-8603-32ceadaf77d2 (interpreter.py:284)
2025-06-16 04:16:57,636 [INFO] legal_discovery - Executing legal query: 5f9127e2-fb02-4ffd-8603-32ceadaf77d2 (interpreter.py:284)
2025-06-16 04:16:57,637 [INFO] legal_discovery - Query 5f9127e2-fb02-4ffd-8603-32ceadaf77d2 executed in 0.00s with 2 hits (interpreter.py:314)
2025-06-16 04:16:57,637 [INFO] legal_discovery - Query 5f9127e2-fb02-4ffd-8603-32ceadaf77d2 executed in 0.00s with 2 hits (interpreter.py:314)
2025-06-16 04:16:57,637 [INFO] legal_discovery - Query 5f9127e2-fb02-4ffd-8603-32ceadaf77d2 executed in 0.00s with 2 hits (interpreter.py:314)
2025-06-16 04:16:57,637 [INFO] legal_discovery - Query 5f9127e2-fb02-4ffd-8603-32ceadaf77d2 executed in 0.00s with 2 hits (interpreter.py:314)
2025-06-16 04:16:57,637 [INFO] legal_discovery - Query 5f9127e2-fb02-4ffd-8603-32ceadaf77d2 executed in 0.00s with 2 hits (interpreter.py:314)
2025-06-16 04:16:57,637 [INFO] legal_discovery - Query 5f9127e2-fb02-4ffd-8603-32ceadaf77d2 executed in 0.00s with 2 hits (interpreter.py:314)
2025-06-16 04:16:57,637 [INFO] legal_discovery - Query 5f9127e2-fb02-4ffd-8603-32ceadaf77d2 executed in 0.00s with 2 hits (interpreter.py:314)
2025-06-16 04:16:57,637 [INFO] legal_discovery - Query 5f9127e2-fb02-4ffd-8603-32ceadaf77d2 executed in 0.00s with 2 hits (interpreter.py:314)
2025-06-16 04:16:57,637 [INFO] legal_discovery - Query 5f9127e2-fb02-4ffd-8603-32ceadaf77d2 executed in 0.00s with 2 hits (interpreter.py:314)
2025-06-16 04:16:57,637 [INFO] legal_discovery - Query 5f9127e2-fb02-4ffd-8603-32ceadaf77d2 executed in 0.00s with 2 hits (interpreter.py:314)
2025-06-16 04:16:57,637 [INFO] legal_discovery - Query 5f9127e2-fb02-4ffd-8603-32ceadaf77d2 executed in 0.00s with 2 hits (interpreter.py:314)
2025-06-16 04:16:57,637 [INFO] legal_discovery - Query 5f9127e2-fb02-4ffd-8603-32ceadaf77d2 executed in 0.00s with 2 hits (interpreter.py:314)
2025-06-16 04:16:57,639 [INFO] legal_discovery - Parsing query: CONTAINS(content, 'agreement') (interpreter.py:154)
2025-06-16 04:16:57,639 [INFO] legal_discovery - Parsing query: CONTAINS(content, 'agreement') (interpreter.py:154)
2025-06-16 04:16:57,639 [INFO] legal_discovery - Parsing query: CONTAINS(content, 'agreement') (interpreter.py:154)
2025-06-16 04:16:57,639 [INFO] legal_discovery - Parsing query: CONTAINS(content, 'agreement') (interpreter.py:154)
2025-06-16 04:16:57,639 [INFO] legal_discovery - Parsing query: CONTAINS(content, 'agreement') (interpreter.py:154)
2025-06-16 04:16:57,639 [INFO] legal_discovery - Parsing query: CONTAINS(content, 'agreement') (interpreter.py:154)
2025-06-16 04:16:57,639 [INFO] legal_discovery - Parsing query: CONTAINS(content, 'agreement') (interpreter.py:154)
2025-06-16 04:16:57,639 [INFO] legal_discovery - Parsing query: CONTAINS(content, 'agreement') (interpreter.py:154)
2025-06-16 04:16:57,639 [INFO] legal_discovery - Parsing query: CONTAINS(content, 'agreement') (interpreter.py:154)
2025-06-16 04:16:57,639 [INFO] legal_discovery - Parsing query: CONTAINS(content, 'agreement') (interpreter.py:154)
2025-06-16 04:16:57,639 [INFO] legal_discovery - Parsing query: CONTAINS(content, 'agreement') (interpreter.py:154)
2025-06-16 04:16:57,639 [INFO] legal_discovery - Parsing query: CONTAINS(content, 'agreement') (interpreter.py:154)
2025-06-16 04:16:57,639 [INFO] legal_discovery - Parsing query: CONTAINS(content, 'agreement') (interpreter.py:154)
2025-06-16 04:16:57,640 [INFO] legal_discovery - Executing legal query: 51e86339-7113-4451-85d2-1666ae4d1044 (interpreter.py:284)
2025-06-16 04:16:57,640 [INFO] legal_discovery - Executing legal query: 51e86339-7113-4451-85d2-1666ae4d1044 (interpreter.py:284)
2025-06-16 04:16:57,640 [INFO] legal_discovery - Executing legal query: 51e86339-7113-4451-85d2-1666ae4d1044 (interpreter.py:284)
2025-06-16 04:16:57,640 [INFO] legal_discovery - Executing legal query: 51e86339-7113-4451-85d2-1666ae4d1044 (interpreter.py:284)
2025-06-16 04:16:57,640 [INFO] legal_discovery - Executing legal query: 51e86339-7113-4451-85d2-1666ae4d1044 (interpreter.py:284)
2025-06-16 04:16:57,640 [INFO] legal_discovery - Executing legal query: 51e86339-7113-4451-85d2-1666ae4d1044 (interpreter.py:284)
2025-06-16 04:16:57,640 [INFO] legal_discovery - Executing legal query: 51e86339-7113-4451-85d2-1666ae4d1044 (interpreter.py:284)
2025-06-16 04:16:57,640 [INFO] legal_discovery - Executing legal query: 51e86339-7113-4451-85d2-1666ae4d1044 (interpreter.py:284)
2025-06-16 04:16:57,640 [INFO] legal_discovery - Executing legal query: 51e86339-7113-4451-85d2-1666ae4d1044 (interpreter.py:284)
2025-06-16 04:16:57,640 [INFO] legal_discovery - Executing legal query: 51e86339-7113-4451-85d2-1666ae4d1044 (interpreter.py:284)
2025-06-16 04:16:57,640 [INFO] legal_discovery - Executing legal query: 51e86339-7113-4451-85d2-1666ae4d1044 (interpreter.py:284)
2025-06-16 04:16:57,640 [INFO] legal_discovery - Executing legal query: 51e86339-7113-4451-85d2-1666ae4d1044 (interpreter.py:284)
2025-06-16 04:16:57,640 [INFO] legal_discovery - Executing legal query: 51e86339-7113-4451-85d2-1666ae4d1044 (interpreter.py:284)
2025-06-16 04:16:57,640 [INFO] legal_discovery - Query 51e86339-7113-4451-85d2-1666ae4d1044 executed in 0.00s with 1 hits (interpreter.py:314)
2025-06-16 04:16:57,640 [INFO] legal_discovery - Query 51e86339-7113-4451-85d2-1666ae4d1044 executed in 0.00s with 1 hits (interpreter.py:314)
2025-06-16 04:16:57,640 [INFO] legal_discovery - Query 51e86339-7113-4451-85d2-1666ae4d1044 executed in 0.00s with 1 hits (interpreter.py:314)
2025-06-16 04:16:57,640 [INFO] legal_discovery - Query 51e86339-7113-4451-85d2-1666ae4d1044 executed in 0.00s with 1 hits (interpreter.py:314)
2025-06-16 04:16:57,640 [INFO] legal_discovery - Query 51e86339-7113-4451-85d2-1666ae4d1044 executed in 0.00s with 1 hits (interpreter.py:314)
2025-06-16 04:16:57,640 [INFO] legal_discovery - Query 51e86339-7113-4451-85d2-1666ae4d1044 executed in 0.00s with 1 hits (interpreter.py:314)
2025-06-16 04:16:57,640 [INFO] legal_discovery - Query 51e86339-7113-4451-85d2-1666ae4d1044 executed in 0.00s with 1 hits (interpreter.py:314)
2025-06-16 04:16:57,640 [INFO] legal_discovery - Query 51e86339-7113-4451-85d2-1666ae4d1044 executed in 0.00s with 1 hits (interpreter.py:314)
2025-06-16 04:16:57,640 [INFO] legal_discovery - Query 51e86339-7113-4451-85d2-1666ae4d1044 executed in 0.00s with 1 hits (interpreter.py:314)
2025-06-16 04:16:57,640 [INFO] legal_discovery - Query 51e86339-7113-4451-85d2-1666ae4d1044 executed in 0.00s with 1 hits (interpreter.py:314)
2025-06-16 04:16:57,640 [INFO] legal_discovery - Query 51e86339-7113-4451-85d2-1666ae4d1044 executed in 0.00s with 1 hits (interpreter.py:314)
2025-06-16 04:16:57,640 [INFO] legal_discovery - Query 51e86339-7113-4451-85d2-1666ae4d1044 executed in 0.00s with 1 hits (interpreter.py:314)
2025-06-16 04:16:57,640 [INFO] legal_discovery - Query 51e86339-7113-4451-85d2-1666ae4d1044 executed in 0.00s with 1 hits (interpreter.py:314)
2025-06-16 04:16:57,640 [INFO] legal_discovery - Parsing query: NEAR('statute', 'limitations', 2, 'WORDS') (interpreter.py:154)
2025-06-16 04:16:57,640 [INFO] legal_discovery - Parsing query: NEAR('statute', 'limitations', 2, 'WORDS') (interpreter.py:154)
2025-06-16 04:16:57,640 [INFO] legal_discovery - Parsing query: NEAR('statute', 'limitations', 2, 'WORDS') (interpreter.py:154)
2025-06-16 04:16:57,640 [INFO] legal_discovery - Parsing query: NEAR('statute', 'limitations', 2, 'WORDS') (interpreter.py:154)
2025-06-16 04:16:57,640 [INFO] legal_discovery - Parsing query: NEAR('statute', 'limitations', 2, 'WORDS') (interpreter.py:154)
2025-06-16 04:16:57,640 [INFO] legal_discovery - Parsing query: NEAR('statute', 'limitations', 2, 'WORDS') (interpreter.py:154)
2025-06-16 04:16:57,640 [INFO] legal_discovery - Parsing query: NEAR('statute', 'limitations', 2, 'WORDS') (interpreter.py:154)
2025-06-16 04:16:57,640 [INFO] legal_discovery - Parsing query: NEAR('statute', 'limitations', 2, 'WORDS') (interpreter.py:154)
2025-06-16 04:16:57,640 [INFO] legal_discovery - Parsing query: NEAR('statute', 'limitations', 2, 'WORDS') (interpreter.py:154)
2025-06-16 04:16:57,640 [INFO] legal_discovery - Parsing query: NEAR('statute', 'limitations', 2, 'WORDS') (interpreter.py:154)
2025-06-16 04:16:57,640 [INFO] legal_discovery - Parsing query: NEAR('statute', 'limitations', 2, 'WORDS') (interpreter.py:154)
2025-06-16 04:16:57,640 [INFO] legal_discovery - Parsing query: NEAR('statute', 'limitations', 2, 'WORDS') (interpreter.py:154)
2025-06-16 04:16:57,640 [INFO] legal_discovery - Parsing query: NEAR('statute', 'limitations', 2, 'WORDS') (interpreter.py:154)
2025-06-16 04:16:57,640 [INFO] legal_discovery - Executing legal query: 65163af9-d468-4710-becf-43b5b483cad6 (interpreter.py:284)
2025-06-16 04:16:57,640 [INFO] legal_discovery - Executing legal query: 65163af9-d468-4710-becf-43b5b483cad6 (interpreter.py:284)
2025-06-16 04:16:57,640 [INFO] legal_discovery - Executing legal query: 65163af9-d468-4710-becf-43b5b483cad6 (interpreter.py:284)
2025-06-16 04:16:57,640 [INFO] legal_discovery - Executing legal query: 65163af9-d468-4710-becf-43b5b483cad6 (interpreter.py:284)
2025-06-16 04:16:57,640 [INFO] legal_discovery - Executing legal query: 65163af9-d468-4710-becf-43b5b483cad6 (interpreter.py:284)
2025-06-16 04:16:57,640 [INFO] legal_discovery - Executing legal query: 65163af9-d468-4710-becf-43b5b483cad6 (interpreter.py:284)
2025-06-16 04:16:57,640 [INFO] legal_discovery - Executing legal query: 65163af9-d468-4710-becf-43b5b483cad6 (interpreter.py:284)
2025-06-16 04:16:57,640 [INFO] legal_discovery - Executing legal query: 65163af9-d468-4710-becf-43b5b483cad6 (interpreter.py:284)
2025-06-16 04:16:57,640 [INFO] legal_discovery - Executing legal query: 65163af9-d468-4710-becf-43b5b483cad6 (interpreter.py:284)
2025-06-16 04:16:57,640 [INFO] legal_discovery - Executing legal query: 65163af9-d468-4710-becf-43b5b483cad6 (interpreter.py:284)
2025-06-16 04:16:57,640 [INFO] legal_discovery - Executing legal query: 65163af9-d468-4710-becf-43b5b483cad6 (interpreter.py:284)
2025-06-16 04:16:57,640 [INFO] legal_discovery - Executing legal query: 65163af9-d468-4710-becf-43b5b483cad6 (interpreter.py:284)
2025-06-16 04:16:57,640 [INFO] legal_discovery - Executing legal query: 65163af9-d468-4710-becf-43b5b483cad6 (interpreter.py:284)
2025-06-16 04:16:57,643 [INFO] legal_discovery - Query 65163af9-d468-4710-becf-43b5b483cad6 executed in 0.00s with 1 hits (interpreter.py:314)
2025-06-16 04:16:57,643 [INFO] legal_discovery - Query 65163af9-d468-4710-becf-43b5b483cad6 executed in 0.00s with 1 hits (interpreter.py:314)
2025-06-16 04:16:57,643 [INFO] legal_discovery - Query 65163af9-d468-4710-becf-43b5b483cad6 executed in 0.00s with 1 hits (interpreter.py:314)
2025-06-16 04:16:57,643 [INFO] legal_discovery - Query 65163af9-d468-4710-becf-43b5b483cad6 executed in 0.00s with 1 hits (interpreter.py:314)
2025-06-16 04:16:57,643 [INFO] legal_discovery - Query 65163af9-d468-4710-becf-43b5b483cad6 executed in 0.00s with 1 hits (interpreter.py:314)
2025-06-16 04:16:57,643 [INFO] legal_discovery - Query 65163af9-d468-4710-becf-43b5b483cad6 executed in 0.00s with 1 hits (interpreter.py:314)
2025-06-16 04:16:57,643 [INFO] legal_discovery - Query 65163af9-d468-4710-becf-43b5b483cad6 executed in 0.00s with 1 hits (interpreter.py:314)
2025-06-16 04:16:57,643 [INFO] legal_discovery - Query 65163af9-d468-4710-becf-43b5b483cad6 executed in 0.00s with 1 hits (interpreter.py:314)
2025-06-16 04:16:57,643 [INFO] legal_discovery - Query 65163af9-d468-4710-becf-43b5b483cad6 executed in 0.00s with 1 hits (interpreter.py:314)
2025-06-16 04:16:57,643 [INFO] legal_discovery - Query 65163af9-d468-4710-becf-43b5b483cad6 executed in 0.00s with 1 hits (interpreter.py:314)
2025-06-16 04:16:57,643 [INFO] legal_discovery - Query 65163af9-d468-4710-becf-43b5b483cad6 executed in 0.00s with 1 hits (interpreter.py:314)
2025-06-16 04:16:57,643 [INFO] legal_discovery - Query 65163af9-d468-4710-becf-43b5b483cad6 executed in 0.00s with 1 hits (interpreter.py:314)
2025-06-16 04:16:57,643 [INFO] legal_discovery - Query 65163af9-d468-4710-becf-43b5b483cad6 executed in 0.00s with 1 hits (interpreter.py:314)
